



Calculating E_bulk....     Potential: MACE

Using Materials Project MACE for MACECalculator with /shared/home/zhaolun/.cache/mace/5f5yavf3
Using float64 for MACECalculator, which is slower but more accurate. Recommended for geometry optimization.
      Step     Time          Energy          fmax
BFGS:    0 08:23:11     -905.004992        0.016357
BFGS:    1 08:23:17     -905.005003        0.016356
BFGS:    2 08:23:23     -905.014645        0.015782
BFGS:    3 08:23:29     -905.023942        0.015207
BFGS:    4 08:23:36     -905.032892        0.014630
BFGS:    5 08:23:42     -905.041497        0.014052
BFGS:    6 08:23:48     -905.049754        0.013472
BFGS:    7 08:23:55     -905.057664        0.012892
BFGS:    8 08:24:01     -905.065224        0.012310
BFGS:    9 08:24:07     -905.072435        0.011727
BFGS:   10 08:24:14     -905.079296        0.011143
BFGS:   11 08:24:20     -905.085806        0.010557
BFGS:   12 08:24:26     -905.091964        0.009970
BFGS:   13 08:24:32     -905.097770        0.009383
BFGS:   14 08:24:38     -905.103223        0.008794
BFGS:   15 08:24:45     -905.108323        0.008204
BFGS:   16 08:24:51     -905.113067        0.007612
BFGS:   17 08:24:58     -905.117457        0.007020
BFGS:   18 08:25:04     -905.121491        0.006427
BFGS:   19 08:25:10     -905.125169        0.005832
BFGS:   20 08:25:16     -905.128490        0.005237
BFGS:   21 08:25:22     -905.131453        0.004641
BFGS:   22 08:25:29     -905.134059        0.004043
BFGS:   23 08:25:35     -905.136305        0.003445
BFGS:   24 08:25:41     -905.138192        0.002845
BFGS:   25 08:25:48     -905.139719        0.002245
BFGS:   26 08:25:55     -905.140886        0.001644
BFGS:   27 08:26:01     -905.141692        0.001042
BFGS:   28 08:26:07     -905.142136        0.000439
BFGS:   29 08:26:13     -905.142232        0.000001




Calculating E_gb....     Potential: MACE    GB: Sigma37(610)

Using Materials Project MACE for MACECalculator with /shared/home/zhaolun/.cache/mace/5f5yavf3
Using float64 for MACECalculator, which is slower but more accurate. Recommended for geometry optimization.
      Step     Time          Energy          fmax
BFGS:    0 08:26:29    -2292.447477        0.000097




Calculating E_gb....     Potential: MACE    GB: Sigma13(510)

Using Materials Project MACE for MACECalculator with /shared/home/zhaolun/.cache/mace/5f5yavf3
Using float64 for MACECalculator, which is slower but more accurate. Recommended for geometry optimization.
      Step     Time          Energy          fmax
BFGS:    0 08:26:41    -1857.220425        0.000089




Calculating E_gb....     Potential: MACE    GB: Sigma17(410)

Using Materials Project MACE for MACECalculator with /shared/home/zhaolun/.cache/mace/5f5yavf3
Using float64 for MACECalculator, which is slower but more accurate. Recommended for geometry optimization.
      Step     Time          Energy          fmax
BFGS:    0 08:26:51    -1492.945041        0.000094




Calculating E_gb....     Potential: MACE    GB: Sigma5(310)

Using Materials Project MACE for MACECalculator with /shared/home/zhaolun/.cache/mace/5f5yavf3
Using float64 for MACECalculator, which is slower but more accurate. Recommended for geometry optimization.
      Step     Time          Energy          fmax
BFGS:    0 08:26:59    -1195.300056        0.016004
BFGS:    1 08:27:06    -1195.300092        0.016057
BFGS:    2 08:27:14    -1195.301317        0.023059
BFGS:    3 08:27:21    -1195.301411        0.022914
BFGS:    4 08:27:29    -1195.301978        0.012259
BFGS:    5 08:27:36    -1195.302099        0.010594
BFGS:    6 08:27:43    -1195.302200        0.010966
BFGS:    7 08:27:51    -1195.302323        0.011799
BFGS:    8 08:27:59    -1195.302549        0.015719
BFGS:    9 08:28:06    -1195.302780        0.015493
BFGS:   10 08:28:13    -1195.302945        0.012470
BFGS:   11 08:28:21    -1195.303059        0.012237
BFGS:   12 08:28:28    -1195.303210        0.012296
BFGS:   13 08:28:36    -1195.303463        0.014349
BFGS:   14 08:28:43    -1195.303790        0.014813
BFGS:   15 08:28:51    -1195.304062        0.013482
BFGS:   16 08:28:58    -1195.304230        0.011981
BFGS:   17 08:29:05    -1195.304366        0.011470
BFGS:   18 08:29:13    -1195.304546        0.015005
BFGS:   19 08:29:20    -1195.304740        0.014939
BFGS:   20 08:29:27    -1195.304877        0.010777
BFGS:   21 08:29:35    -1195.304963        0.010072
BFGS:   22 08:29:42    -1195.305051        0.009017
BFGS:   23 08:29:50    -1195.305171        0.009119
BFGS:   24 08:29:57    -1195.305287        0.008138
BFGS:   25 08:30:04    -1195.305359        0.006830
BFGS:   26 08:30:12    -1195.305400        0.006831
BFGS:   27 08:30:19    -1195.305444        0.007173
BFGS:   28 08:30:27    -1195.305500        0.007207
BFGS:   29 08:30:34    -1195.305546        0.006493
BFGS:   30 08:30:41    -1195.305572        0.005803
BFGS:   31 08:30:48    -1195.305590        0.005558
BFGS:   32 08:30:56    -1195.305614        0.005471
BFGS:   33 08:31:03    -1195.305643        0.005148
BFGS:   34 08:31:11    -1195.305666        0.004266
BFGS:   35 08:31:18    -1195.305678        0.003434
BFGS:   36 08:31:25    -1195.305686        0.002944
BFGS:   37 08:31:33    -1195.305697        0.003081
BFGS:   38 08:31:40    -1195.305707        0.002474
BFGS:   39 08:31:47    -1195.305714        0.001818
BFGS:   40 08:31:55    -1195.305717        0.001651
BFGS:   41 08:32:02    -1195.305720        0.001410
BFGS:   42 08:32:10    -1195.305724        0.001553
BFGS:   43 08:32:17    -1195.305727        0.001627
BFGS:   44 08:32:24    -1195.305730        0.001684
BFGS:   45 08:32:32    -1195.305731        0.001397
BFGS:   46 08:32:39    -1195.305733        0.001545
BFGS:   47 08:32:47    -1195.305736        0.001582
BFGS:   48 08:32:54    -1195.305737        0.001052
BFGS:   49 08:33:02    -1195.305739        0.001002
BFGS:   50 08:33:09    -1195.305739        0.000945
BFGS:   51 08:33:17    -1195.305741        0.000827
BFGS:   52 08:33:24    -1195.305742        0.000918
BFGS:   53 08:33:32    -1195.305743        0.000780
BFGS:   54 08:33:39    -1195.305744        0.000855
BFGS:   55 08:33:47    -1195.305744        0.000879
BFGS:   56 08:33:55    -1195.305745        0.000797
BFGS:   57 08:34:02    -1195.305746        0.000884
BFGS:   58 08:34:10    -1195.305747        0.000764
BFGS:   59 08:34:17    -1195.305747        0.000741
BFGS:   60 08:34:25    -1195.305748        0.000743
BFGS:   61 08:34:32    -1195.305749        0.000675
BFGS:   62 08:34:40    -1195.305750        0.000633
BFGS:   63 08:34:47    -1195.305750        0.000699
BFGS:   64 08:34:55    -1195.305750        0.000741
BFGS:   65 08:35:03    -1195.305751        0.000708
BFGS:   66 08:35:11    -1195.305751        0.000606
BFGS:   67 08:35:19    -1195.305752        0.000602
BFGS:   68 08:35:26    -1195.305752        0.000537
BFGS:   69 08:35:34    -1195.305753        0.000484
BFGS:   70 08:35:42    -1195.305753        0.000452
BFGS:   71 08:35:49    -1195.305753        0.000424
BFGS:   72 08:35:56    -1195.305754        0.000413
BFGS:   73 08:36:04    -1195.305754        0.000366
BFGS:   74 08:36:11    -1195.305754        0.000356
BFGS:   75 08:36:19    -1195.305754        0.000380
BFGS:   76 08:36:26    -1195.305755        0.000356
BFGS:   77 08:36:34    -1195.305755        0.000336
BFGS:   78 08:36:41    -1195.305755        0.000317
BFGS:   79 08:36:49    -1195.305755        0.000451
BFGS:   80 08:36:57    -1195.305755        0.000527
BFGS:   81 08:37:05    -1195.305755        0.000462
BFGS:   82 08:37:12    -1195.305756        0.000326
BFGS:   83 08:37:20    -1195.305756        0.000290
BFGS:   84 08:37:28    -1195.305756        0.000249
BFGS:   85 08:37:36    -1195.305756        0.000260
BFGS:   86 08:37:44    -1195.305756        0.000253
BFGS:   87 08:37:52    -1195.305756        0.000297
BFGS:   88 08:38:00    -1195.305756        0.000282
BFGS:   89 08:38:08    -1195.305756        0.000243
BFGS:   90 08:38:16    -1195.305756        0.000228
BFGS:   91 08:38:25    -1195.305756        0.000201
BFGS:   92 08:38:33    -1195.305756        0.000209
BFGS:   93 08:38:41    -1195.305756        0.000255
BFGS:   94 08:38:49    -1195.305757        0.000261
BFGS:   95 08:38:58    -1195.305757        0.000227
BFGS:   96 08:39:06    -1195.305757        0.000214
BFGS:   97 08:39:14    -1195.305757        0.000170
BFGS:   98 08:39:22    -1195.305757        0.000170
BFGS:   99 08:39:30    -1195.305757        0.000201
BFGS:  100 08:39:38    -1195.305757        0.000208
BFGS:  101 08:39:46    -1195.305757        0.000184
BFGS:  102 08:39:54    -1195.305757        0.000165
BFGS:  103 08:40:01    -1195.305757        0.000162
BFGS:  104 08:40:09    -1195.305757        0.000155
BFGS:  105 08:40:16    -1195.305757        0.000162
BFGS:  106 08:40:24    -1195.305757        0.000157
BFGS:  107 08:40:31    -1195.305757        0.000147
BFGS:  108 08:40:39    -1195.305757        0.000140
BFGS:  109 08:40:46    -1195.305757        0.000132
BFGS:  110 08:40:54    -1195.305757        0.000119
BFGS:  111 08:41:02    -1195.305757        0.000115
BFGS:  112 08:41:10    -1195.305757        0.000109
BFGS:  113 08:41:18    -1195.305757        0.000093




Calculating E_gb....     Potential: MACE    GB: Sigma29(520)

Using Materials Project MACE for MACECalculator with /shared/home/zhaolun/.cache/mace/5f5yavf3
Using float64 for MACECalculator, which is slower but more accurate. Recommended for geometry optimization.
      Step     Time          Energy          fmax
BFGS:    0 08:41:33    -1990.104523        0.000096




Calculating E_gb....     Potential: MACE    GB: Sigma5(210)

Using Materials Project MACE for MACECalculator with /shared/home/zhaolun/.cache/mace/5f5yavf3
Using float64 for MACECalculator, which is slower but more accurate. Recommended for geometry optimization.
      Step     Time          Energy          fmax
BFGS:    0 08:41:38     -834.063178        0.000094




Calculating E_gb....     Potential: MACE    GB: Sigma13(320)

Using Materials Project MACE for MACECalculator with /shared/home/zhaolun/.cache/mace/5f5yavf3
Using float64 for MACECalculator, which is slower but more accurate. Recommended for geometry optimization.
      Step     Time          Energy          fmax
BFGS:    0 08:41:48    -1328.973507        0.000085




Calculating E_gb....     Potential: MACE    GB: Sigma25(430)

Using Materials Project MACE for MACECalculator with /shared/home/zhaolun/.cache/mace/5f5yavf3
Using float64 for MACECalculator, which is slower but more accurate. Recommended for geometry optimization.
      Step     Time          Energy          fmax
BFGS:    0 08:42:02    -1896.030284        0.000094




Calculating E_gb....     Potential: MACE    GB: Sigma41(540)

Using Materials Project MACE for MACECalculator with /shared/home/zhaolun/.cache/mace/5f5yavf3
Using float64 for MACECalculator, which is slower but more accurate. Recommended for geometry optimization.
      Step     Time          Energy          fmax
BFGS:    0 08:42:20    -2407.018351        0.000097




Calculating E_bulk....     Potential: CHGNet(v0_3_0)

CHGNet v0.3.0 initialized with 412,525 parameters
CHGNet will run on cpu
CHGNet will run on cpu
      Step     Time          Energy          fmax
BFGS:    0 08:42:21     -900.045902        0.025875
BFGS:    1 08:42:22     -900.046005        0.025874
BFGS:    2 08:42:23     -900.061249        0.025272
BFGS:    3 08:42:24     -900.076286        0.024674
BFGS:    4 08:42:25     -900.090912        0.024094
BFGS:    5 08:42:25     -900.105228        0.023544
BFGS:    6 08:42:26     -900.119133        0.023033
BFGS:    7 08:42:27     -900.132832        0.022563
BFGS:    8 08:42:28     -900.146221        0.022135
BFGS:    9 08:42:29     -900.159405        0.021746
BFGS:   10 08:42:30     -900.172382        0.021394
BFGS:   11 08:42:31     -900.185051        0.021082
BFGS:   12 08:42:32     -900.197617        0.020818
BFGS:   13 08:42:32     -900.210079        0.020619
BFGS:   14 08:42:33     -900.222336        0.020510
BFGS:   15 08:42:34     -900.234695        0.020507
BFGS:   16 08:42:35     -900.247055        0.020595
BFGS:   17 08:42:36     -900.259415        0.020720
BFGS:   18 08:42:37     -900.271877        0.020812
BFGS:   19 08:42:38     -900.284340        0.020830
BFGS:   20 08:42:38     -900.296906        0.020769
BFGS:   21 08:42:39     -900.309265        0.020643
BFGS:   22 08:42:40     -900.321625        0.020468
BFGS:   23 08:42:41     -900.333778        0.020256
BFGS:   24 08:42:42     -900.345932        0.020016
BFGS:   25 08:42:43     -900.357880        0.019755
BFGS:   26 08:42:44     -900.369621        0.019480
BFGS:   27 08:42:45     -900.381260        0.019196
BFGS:   28 08:42:45     -900.392693        0.018905
BFGS:   29 08:42:46     -900.403919        0.018610
BFGS:   30 08:42:47     -900.415043        0.018312
BFGS:   31 08:42:48     -900.425858        0.018009
BFGS:   32 08:42:49     -900.436569        0.017706
BFGS:   33 08:42:50     -900.447075        0.017404
BFGS:   34 08:42:51     -900.457478        0.017108
BFGS:   35 08:42:52     -900.467674        0.016824
BFGS:   36 08:42:52     -900.477665        0.016555
BFGS:   37 08:42:53     -900.487553        0.016306
BFGS:   38 08:42:54     -900.497234        0.016083
BFGS:   39 08:42:55     -900.506813        0.015891
BFGS:   40 08:42:56     -900.516392        0.015738
BFGS:   41 08:42:57     -900.525764        0.015633
BFGS:   42 08:42:58     -900.535137        0.015586
BFGS:   43 08:42:58     -900.544510        0.015609
BFGS:   44 08:42:59     -900.553883        0.015716
BFGS:   45 08:43:00     -900.563358        0.015917
BFGS:   46 08:43:01     -900.573040        0.016222
BFGS:   47 08:43:02     -900.582825        0.016635
BFGS:   48 08:43:03     -900.593021        0.017155
BFGS:   49 08:43:03     -900.603424        0.017773
BFGS:   50 08:43:04     -900.614342        0.018474
BFGS:   51 08:43:05     -900.625671        0.019227
BFGS:   52 08:43:06     -900.637413        0.019984
BFGS:   53 08:43:07     -900.649567        0.020675
BFGS:   54 08:43:08     -900.662132        0.021233
BFGS:   55 08:43:08     -900.675007        0.021616
BFGS:   56 08:43:09     -900.688087        0.021814
BFGS:   57 08:43:10     -900.701168        0.021846
BFGS:   58 08:43:11     -900.714249        0.021743
BFGS:   59 08:43:12     -900.727226        0.021530
BFGS:   60 08:43:12     -900.740101        0.021230
BFGS:   61 08:43:13     -900.752769        0.020853
BFGS:   62 08:43:14     -900.765129        0.020402
BFGS:   63 08:43:15     -900.777283        0.019879
BFGS:   64 08:43:16     -900.789024        0.019292
BFGS:   65 08:43:17     -900.800354        0.018654
BFGS:   66 08:43:17     -900.811375        0.017981
BFGS:   67 08:43:18     -900.821880        0.017290
BFGS:   68 08:43:19     -900.832077        0.016594
BFGS:   69 08:43:20     -900.841862        0.015907
BFGS:   70 08:43:21     -900.851131        0.015236
BFGS:   71 08:43:21     -900.860195        0.014589
BFGS:   72 08:43:22     -900.868744        0.013969
BFGS:   73 08:43:23     -900.876881        0.013378
BFGS:   74 08:43:24     -900.884708        0.012817
BFGS:   75 08:43:25     -900.892330        0.012287
BFGS:   76 08:43:25     -900.899437        0.011790
BFGS:   77 08:43:26     -900.906441        0.011329
BFGS:   78 08:43:27     -900.913136        0.010908
BFGS:   79 08:43:28     -900.919624        0.010529
BFGS:   80 08:43:29     -900.925804        0.010196
BFGS:   81 08:43:29     -900.931881        0.009910
BFGS:   82 08:43:30     -900.937752        0.009666
BFGS:   83 08:43:31     -900.943417        0.009458
BFGS:   84 08:43:32     -900.949081        0.009276
BFGS:   85 08:43:33     -900.954540        0.009109
BFGS:   86 08:43:34     -900.959999        0.008947
BFGS:   87 08:43:34     -900.965355        0.008781
BFGS:   88 08:43:35     -900.970505        0.008608
BFGS:   89 08:43:36     -900.975655        0.008428
BFGS:   90 08:43:37     -900.980598        0.008243
BFGS:   91 08:43:38     -900.985542        0.008058
BFGS:   92 08:43:38     -900.990280        0.007879
BFGS:   93 08:43:39     -900.995018        0.007715
BFGS:   94 08:43:40     -900.999550        0.007571
BFGS:   95 08:43:41     -901.004082        0.007451
BFGS:   96 08:43:41     -901.008511        0.007354
BFGS:   97 08:43:42     -901.012836        0.007274
BFGS:   98 08:43:43     -901.017265        0.007201
BFGS:   99 08:43:44     -901.021488        0.007127
BFGS:  100 08:43:45     -901.025814        0.007050
BFGS:  101 08:43:46     -901.030037        0.006974
BFGS:  102 08:43:46     -901.034157        0.006904
BFGS:  103 08:43:47     -901.038277        0.006846
BFGS:  104 08:43:48     -901.042397        0.006798
BFGS:  105 08:43:49     -901.046413        0.006756
BFGS:  106 08:43:50     -901.050430        0.006715
BFGS:  107 08:43:50     -901.054447        0.006674
BFGS:  108 08:43:51     -901.058464        0.006633
BFGS:  109 08:43:52     -901.062378        0.006593
BFGS:  110 08:43:53     -901.066395        0.006560
BFGS:  111 08:43:54     -901.070309        0.006536
BFGS:  112 08:43:54     -901.074223        0.006527
BFGS:  113 08:43:55     -901.078136        0.006534
BFGS:  114 08:43:56     -901.082050        0.006556
BFGS:  115 08:43:57     -901.085964        0.006589
BFGS:  116 08:43:58     -901.089981        0.006625
BFGS:  117 08:43:59     -901.093895        0.006654
BFGS:  118 08:43:59     -901.097912        0.006668
BFGS:  119 08:44:00     -901.101929        0.006664
BFGS:  120 08:44:01     -901.105946        0.006643
BFGS:  121 08:44:02     -901.109859        0.006609
BFGS:  122 08:44:03     -901.113876        0.006567
BFGS:  123 08:44:03     -901.117790        0.006522
BFGS:  124 08:44:04     -901.121704        0.006481
BFGS:  125 08:44:05     -901.125618        0.006446
BFGS:  126 08:44:06     -901.129429        0.006421
BFGS:  127 08:44:07     -901.133343        0.006408
BFGS:  128 08:44:07     -901.137154        0.006408
BFGS:  129 08:44:08     -901.140965        0.006429
BFGS:  130 08:44:09     -901.144878        0.006488
BFGS:  131 08:44:10     -901.148792        0.006605
BFGS:  132 08:44:11     -901.152809        0.006796
BFGS:  133 08:44:12     -901.157032        0.007056
BFGS:  134 08:44:12     -901.161255        0.007360
BFGS:  135 08:44:13     -901.165787        0.007665
BFGS:  136 08:44:14     -901.170525        0.007921
BFGS:  137 08:44:15     -901.175262        0.008076
BFGS:  138 08:44:16     -901.180206        0.008081
BFGS:  139 08:44:16     -901.184944        0.007895
BFGS:  140 08:44:17     -901.189579        0.007508
BFGS:  141 08:44:18     -901.193905        0.006958
BFGS:  142 08:44:19     -901.197922        0.006329
BFGS:  143 08:44:20     -901.201527        0.005733
BFGS:  144 08:44:20     -901.204823        0.005269
BFGS:  145 08:44:21     -901.207912        0.004993
BFGS:  146 08:44:22     -901.210796        0.004910
BFGS:  147 08:44:23     -901.213783        0.004982
BFGS:  148 08:44:24     -901.216873        0.005155
BFGS:  149 08:44:25     -901.220066        0.005375
BFGS:  150 08:44:25     -901.223259        0.005602
BFGS:  151 08:44:26     -901.226658        0.005811
BFGS:  152 08:44:27     -901.230263        0.005991
BFGS:  153 08:44:28     -901.233868        0.006141
BFGS:  154 08:44:29     -901.237576        0.006266
BFGS:  155 08:44:29     -901.241386        0.006376
BFGS:  156 08:44:30     -901.245197        0.006478
BFGS:  157 08:44:31     -901.249214        0.006583
BFGS:  158 08:44:32     -901.253128        0.006698
BFGS:  159 08:44:33     -901.257248        0.006830
BFGS:  160 08:44:33     -901.261368        0.006982
BFGS:  161 08:44:34     -901.265591        0.007160
BFGS:  162 08:44:35     -901.270020        0.007363
BFGS:  163 08:44:36     -901.274448        0.007592
BFGS:  164 08:44:37     -901.279083        0.007841
BFGS:  165 08:44:37     -901.283821        0.008097
BFGS:  166 08:44:38     -901.288765        0.008339
BFGS:  167 08:44:39     -901.293812        0.008537
BFGS:  168 08:44:40     -901.298962        0.008647
BFGS:  169 08:44:41     -901.304214        0.008614
BFGS:  170 08:44:41     -901.309261        0.008377
BFGS:  171 08:44:42     -901.314205        0.007886
BFGS:  172 08:44:43     -901.318737        0.007127
BFGS:  173 08:44:44     -901.322754        0.006147
BFGS:  174 08:44:45     -901.326050        0.005052
BFGS:  175 08:44:45     -901.328831        0.003958
BFGS:  176 08:44:46     -901.330891        0.002930
BFGS:  177 08:44:47     -901.332333        0.001974
BFGS:  178 08:44:48     -901.333260        0.001069
BFGS:  179 08:44:49     -901.333569        0.000564
BFGS:  180 08:44:49     -901.333569        0.000494
BFGS:  181 08:44:50     -901.333569        0.000467
BFGS:  182 08:44:51     -901.333569        0.000414
BFGS:  183 08:44:52     -901.333569        0.000259
BFGS:  184 08:44:52     -901.333569        0.000095




Calculating E_gb....     Potential: CHGNet(v0_3_0)    GB: Sigma37(610)

CHGNet v0.3.0 initialized with 412,525 parameters
CHGNet will run on cpu
CHGNet will run on cpu
      Step     Time          Energy          fmax
BFGS:    0 08:44:56    -2290.539997        0.000098




Calculating E_gb....     Potential: CHGNet(v0_3_0)    GB: Sigma13(510)

CHGNet v0.3.0 initialized with 412,525 parameters
CHGNet will run on cpu
CHGNet will run on cpu
      Step     Time          Energy          fmax
BFGS:    0 08:44:58    -1858.599335        0.000107
BFGS:    1 08:45:01    -1858.599335        0.000099




Calculating E_gb....     Potential: CHGNet(v0_3_0)    GB: Sigma17(410)

CHGNet v0.3.0 initialized with 412,525 parameters
CHGNet will run on cpu
CHGNet will run on cpu
      Step     Time          Energy          fmax
BFGS:    0 08:45:02    -1492.305737        0.000091




Calculating E_gb....     Potential: CHGNet(v0_3_0)    GB: Sigma5(310)

CHGNet v0.3.0 initialized with 412,525 parameters
CHGNet will run on cpu
CHGNet will run on cpu
      Step     Time          Energy          fmax
BFGS:    0 08:45:04    -1194.121307        0.000100
BFGS:    1 08:45:05    -1194.121307        0.000095




Calculating E_gb....     Potential: CHGNet(v0_3_0)    GB: Sigma29(520)

CHGNet v0.3.0 initialized with 412,525 parameters
CHGNet will run on cpu
CHGNet will run on cpu
      Step     Time          Energy          fmax
BFGS:    0 08:45:07    -1989.319382        0.000105
BFGS:    1 08:45:10    -1989.319382        0.000102
BFGS:    2 08:45:13    -1989.319382        0.000039




Calculating E_gb....     Potential: CHGNet(v0_3_0)    GB: Sigma5(210)

CHGNet v0.3.0 initialized with 412,525 parameters
CHGNet will run on cpu
CHGNet will run on cpu
      Step     Time          Energy          fmax
BFGS:    0 08:45:14     -832.208729        0.000100




Calculating E_gb....     Potential: CHGNet(v0_3_0)    GB: Sigma13(320)

CHGNet v0.3.0 initialized with 412,525 parameters
CHGNet will run on cpu
CHGNet will run on cpu
      Step     Time          Energy          fmax
BFGS:    0 08:45:15    -1329.001465        0.000100
BFGS:    1 08:45:16    -1329.001465        0.000089




Calculating E_gb....     Potential: CHGNet(v0_3_0)    GB: Sigma25(430)

CHGNet v0.3.0 initialized with 412,525 parameters
CHGNet will run on cpu
CHGNet will run on cpu
      Step     Time          Energy          fmax
BFGS:    0 08:45:19    -1893.531155        0.000101
BFGS:    1 08:45:21    -1893.531155        0.000087




Calculating E_gb....     Potential: CHGNet(v0_3_0)    GB: Sigma41(540)

CHGNet v0.3.0 initialized with 412,525 parameters
CHGNet will run on cpu
CHGNet will run on cpu
      Step     Time          Energy          fmax
BFGS:    0 08:45:25    -2400.156464        0.169919
BFGS:    1 08:45:28    -2400.163605        0.155977
BFGS:    2 08:45:31    -2400.225952        0.092984
BFGS:    3 08:45:34    -2400.229797        0.076569
BFGS:    4 08:45:38    -2400.238037        0.065971
BFGS:    5 08:45:42    -2400.246826        0.095261
BFGS:    6 08:45:45    -2400.255615        0.163948
BFGS:    7 08:45:49    -2400.260284        0.140389
BFGS:    8 08:45:52    -2400.263855        0.079282
BFGS:    9 08:45:56    -2400.267151        0.054891
BFGS:   10 08:45:59    -2400.270721        0.130123
BFGS:   11 08:46:03    -2400.274017        0.156177
BFGS:   12 08:46:06    -2400.277039        0.139297
BFGS:   13 08:46:10    -2400.279510        0.092481
BFGS:   14 08:46:13    -2400.281433        0.081117
BFGS:   15 08:46:16    -2400.283081        0.095319
BFGS:   16 08:46:20    -2400.284454        0.102007
BFGS:   17 08:46:22    -2400.286102        0.111769
BFGS:   18 08:46:26    -2400.287750        0.123138
BFGS:   19 08:46:30    -2400.289124        0.106435
BFGS:   20 08:46:33    -2400.290222        0.070952
BFGS:   21 08:46:37    -2400.291046        0.064093
BFGS:   22 08:46:40    -2400.292145        0.083090
BFGS:   23 08:46:44    -2400.293243        0.115385
BFGS:   24 08:46:47    -2400.294342        0.110685
BFGS:   25 08:46:50    -2400.295441        0.066221
BFGS:   26 08:46:53    -2400.296265        0.044986
BFGS:   27 08:46:57    -2400.297089        0.084116
BFGS:   28 08:47:01    -2400.297913        0.107966
BFGS:   29 08:47:03    -2400.298737        0.102690
BFGS:   30 08:47:07    -2400.299561        0.063306
BFGS:   31 08:47:11    -2400.300385        0.053811
BFGS:   32 08:47:14    -2400.300934        0.069064
BFGS:   33 08:47:18    -2400.301758        0.089909
BFGS:   34 08:47:21    -2400.302856        0.072120
BFGS:   35 08:47:25    -2400.303406        0.047564
BFGS:   36 08:47:29    -2400.304230        0.061554
BFGS:   37 08:47:32    -2400.305054        0.076780
BFGS:   38 08:47:35    -2400.305603        0.071999
BFGS:   39 08:47:38    -2400.306702        0.059824
BFGS:   40 08:47:42    -2400.307526        0.043703
BFGS:   41 08:47:46    -2400.308075        0.063358
BFGS:   42 08:47:48    -2400.308899        0.078556
BFGS:   43 08:47:52    -2400.309723        0.066487
BFGS:   44 08:47:56    -2400.310547        0.052908
BFGS:   45 08:47:59    -2400.311371        0.062554
BFGS:   46 08:48:03    -2400.312195        0.075116
BFGS:   47 08:48:06    -2400.313019        0.077410
BFGS:   48 08:48:10    -2400.313843        0.068540
BFGS:   49 08:48:13    -2400.314941        0.062231
BFGS:   50 08:48:17    -2400.315491        0.067421
BFGS:   51 08:48:20    -2400.316315        0.081541
BFGS:   52 08:48:23    -2400.317413        0.086553
BFGS:   53 08:48:26    -2400.318237        0.079926
BFGS:   54 08:48:30    -2400.319336        0.075672
BFGS:   55 08:48:33    -2400.319885        0.068396
BFGS:   56 08:48:37    -2400.320984        0.066018
BFGS:   57 08:48:41    -2400.321808        0.073109
BFGS:   58 08:48:44    -2400.322357        0.068611
BFGS:   59 08:48:48    -2400.322906        0.061367
BFGS:   60 08:48:51    -2400.323730        0.060005
BFGS:   61 08:48:55    -2400.324280        0.061723
BFGS:   62 08:48:59    -2400.324829        0.062831
BFGS:   63 08:49:02    -2400.325378        0.053271
BFGS:   64 08:49:06    -2400.325928        0.047815
BFGS:   65 08:49:09    -2400.326477        0.052048
BFGS:   66 08:49:13    -2400.326752        0.059039
BFGS:   67 08:49:16    -2400.327301        0.045866
BFGS:   68 08:49:18    -2400.327576        0.046451
BFGS:   69 08:49:21    -2400.328125        0.058696
BFGS:   70 08:49:25    -2400.328674        0.047756
BFGS:   71 08:49:28    -2400.328949        0.030979
BFGS:   72 08:49:32    -2400.329224        0.039229
BFGS:   73 08:49:35    -2400.329498        0.043624
BFGS:   74 08:49:39    -2400.330048        0.045785
BFGS:   75 08:49:43    -2400.330597        0.049756
BFGS:   76 08:49:46    -2400.330872        0.031002
BFGS:   77 08:49:50    -2400.331146        0.023220
BFGS:   78 08:49:53    -2400.331421        0.034875
BFGS:   79 08:49:57    -2400.331970        0.047403
BFGS:   80 08:50:00    -2400.332245        0.045927
BFGS:   81 08:50:03    -2400.332520        0.031596
BFGS:   82 08:50:07    -2400.332794        0.019655
BFGS:   83 08:50:10    -2400.333069        0.022676
BFGS:   84 08:50:14    -2400.333344        0.038025
BFGS:   85 08:50:18    -2400.333618        0.048958
BFGS:   86 08:50:21    -2400.333893        0.044804
BFGS:   87 08:50:25    -2400.334167        0.030578
BFGS:   88 08:50:28    -2400.334442        0.022540
BFGS:   89 08:50:32    -2400.334442        0.028383
BFGS:   90 08:50:35    -2400.334717        0.040403
BFGS:   91 08:50:39    -2400.334991        0.045334
BFGS:   92 08:50:43    -2400.335266        0.037861
BFGS:   93 08:50:46    -2400.335541        0.023575
BFGS:   94 08:50:49    -2400.335815        0.023853
BFGS:   95 08:50:53    -2400.335815        0.033029
BFGS:   96 08:50:56    -2400.336090        0.038708
BFGS:   97 08:51:00    -2400.336365        0.038345
BFGS:   98 08:51:04    -2400.336639        0.027651
BFGS:   99 08:51:06    -2400.336914        0.016020
BFGS:  100 08:51:09    -2400.336914        0.022627
BFGS:  101 08:51:12    -2400.337189        0.027902
BFGS:  102 08:51:16    -2400.337463        0.034274
BFGS:  103 08:51:20    -2400.337738        0.026842
BFGS:  104 08:51:23    -2400.338013        0.018444
BFGS:  105 08:51:27    -2400.338013        0.017662
BFGS:  106 08:51:30    -2400.338013        0.019830
BFGS:  107 08:51:33    -2400.338287        0.023441
BFGS:  108 08:51:37    -2400.338287        0.024672
BFGS:  109 08:51:40    -2400.338562        0.021199
BFGS:  110 08:51:44    -2400.338562        0.015710
BFGS:  111 08:51:48    -2400.338562        0.013177
BFGS:  112 08:51:52    -2400.338837        0.017569
BFGS:  113 08:51:55    -2400.338837        0.020680
BFGS:  114 08:51:59    -2400.338837        0.019630
BFGS:  115 08:52:03    -2400.338837        0.012325
BFGS:  116 08:52:06    -2400.338837        0.009940
BFGS:  117 08:52:10    -2400.338837        0.012743
BFGS:  118 08:52:14    -2400.338837        0.017996
BFGS:  119 08:52:18    -2400.339111        0.019773
BFGS:  120 08:52:21    -2400.339111        0.016438
BFGS:  121 08:52:25    -2400.339111        0.007824
BFGS:  122 08:52:29    -2400.339111        0.006684
BFGS:  123 08:52:33    -2400.339111        0.010958
BFGS:  124 08:52:37    -2400.339386        0.014111
BFGS:  125 08:52:40    -2400.339386        0.012623
BFGS:  126 08:52:44    -2400.339386        0.007985
BFGS:  127 08:52:48    -2400.339386        0.004752
BFGS:  128 08:52:52    -2400.339386        0.006861
BFGS:  129 08:52:56    -2400.339386        0.010568
BFGS:  130 08:52:59    -2400.339386        0.011255
BFGS:  131 08:53:03    -2400.339661        0.008157
BFGS:  132 08:53:07    -2400.339661        0.005267
BFGS:  133 08:53:10    -2400.339661        0.005473
BFGS:  134 08:53:14    -2400.339661        0.010214
BFGS:  135 08:53:18    -2400.339661        0.013262
BFGS:  136 08:53:22    -2400.339935        0.012492
BFGS:  137 08:53:25    -2400.339935        0.007005
BFGS:  138 08:53:29    -2400.339935        0.005364
BFGS:  139 08:53:33    -2400.339935        0.010405
BFGS:  140 08:53:37    -2400.339935        0.014125
BFGS:  141 08:53:40    -2400.340210        0.012883
BFGS:  142 08:53:43    -2400.340210        0.008938
BFGS:  143 08:53:46    -2400.340210        0.006769
BFGS:  144 08:53:50    -2400.340210        0.010042
BFGS:  145 08:53:54    -2400.340210        0.014196
BFGS:  146 08:53:57    -2400.340485        0.014198
BFGS:  147 08:54:00    -2400.340485        0.010091
BFGS:  148 08:54:04    -2400.340485        0.007327
BFGS:  149 08:54:07    -2400.340485        0.006744
BFGS:  150 08:54:11    -2400.340759        0.010348
BFGS:  151 08:54:14    -2400.340759        0.012402
BFGS:  152 08:54:18    -2400.340759        0.010399
BFGS:  153 08:54:22    -2400.340759        0.008876
BFGS:  154 08:54:26    -2400.340759        0.007367
BFGS:  155 08:54:29    -2400.341034        0.010793
BFGS:  156 08:54:33    -2400.340759        0.011704
BFGS:  157 08:54:37    -2400.341034        0.010251
BFGS:  158 08:54:40    -2400.341034        0.008950
BFGS:  159 08:54:44    -2400.341034        0.007589
BFGS:  160 08:54:48    -2400.341034        0.010180
BFGS:  161 08:54:51    -2400.341034        0.012431
BFGS:  162 08:54:54    -2400.341309        0.011076
BFGS:  163 08:54:58    -2400.341309        0.008080
BFGS:  164 08:55:01    -2400.341309        0.005312
BFGS:  165 08:55:05    -2400.341309        0.009216
BFGS:  166 08:55:09    -2400.341309        0.009987
BFGS:  167 08:55:12    -2400.341309        0.009689
BFGS:  168 08:55:16    -2400.341309        0.007529
BFGS:  169 08:55:20    -2400.341309        0.005641
BFGS:  170 08:55:24    -2400.341309        0.007322
BFGS:  171 08:55:27    -2400.341583        0.009284
BFGS:  172 08:55:31    -2400.341583        0.008775
BFGS:  173 08:55:34    -2400.341583        0.006500
BFGS:  174 08:55:38    -2400.341583        0.004137
BFGS:  175 08:55:42    -2400.341583        0.006677
BFGS:  176 08:55:45    -2400.341583        0.009016
BFGS:  177 08:55:49    -2400.341583        0.007347
BFGS:  178 08:55:53    -2400.341583        0.004899
BFGS:  179 08:55:56    -2400.341583        0.004235
BFGS:  180 08:56:00    -2400.341583        0.006463
BFGS:  181 08:56:04    -2400.341583        0.007643
BFGS:  182 08:56:07    -2400.341583        0.006607
BFGS:  183 08:56:11    -2400.341583        0.004158
BFGS:  184 08:56:15    -2400.341858        0.003387
BFGS:  185 08:56:19    -2400.341858        0.004759
BFGS:  186 08:56:22    -2400.341858        0.007257
BFGS:  187 08:56:25    -2400.341858        0.006709
BFGS:  188 08:56:28    -2400.341858        0.003671
BFGS:  189 08:56:32    -2400.341858        0.003111
BFGS:  190 08:56:35    -2400.341858        0.003511
BFGS:  191 08:56:38    -2400.341858        0.005993
BFGS:  192 08:56:41    -2400.341858        0.006329
BFGS:  193 08:56:44    -2400.341858        0.003458
BFGS:  194 08:56:47    -2400.341858        0.002630
BFGS:  195 08:56:50    -2400.341858        0.003192
BFGS:  196 08:56:53    -2400.341858        0.006239
BFGS:  197 08:56:56    -2400.342133        0.007369
BFGS:  198 08:56:59    -2400.341858        0.004905
BFGS:  199 08:57:02    -2400.342133        0.002563
BFGS:  200 08:57:05    -2400.342133        0.003950
BFGS:  201 08:57:08    -2400.342133        0.005774
BFGS:  202 08:57:11    -2400.342133        0.006010
BFGS:  203 08:57:14    -2400.342133        0.004714
BFGS:  204 08:57:16    -2400.342133        0.004207
BFGS:  205 08:57:20    -2400.342133        0.003135
BFGS:  206 08:57:23    -2400.342133        0.005229
BFGS:  207 08:57:26    -2400.342133        0.007359
BFGS:  208 08:57:29    -2400.342133        0.006364
BFGS:  209 08:57:32    -2400.342133        0.004657
BFGS:  210 08:57:35    -2400.342133        0.003524
BFGS:  211 08:57:38    -2400.342133        0.004533
BFGS:  212 08:57:42    -2400.342133        0.007160
BFGS:  213 08:57:45    -2400.342407        0.006981
BFGS:  214 08:57:48    -2400.342133        0.006425
BFGS:  215 08:57:51    -2400.342133        0.005314
BFGS:  216 08:57:54    -2400.342133        0.005435
BFGS:  217 08:57:57    -2400.342407        0.007847
BFGS:  218 08:58:00    -2400.342407        0.008353
BFGS:  219 08:58:04    -2400.342407        0.006281
BFGS:  220 08:58:07    -2400.342407        0.005029
BFGS:  221 08:58:10    -2400.342407        0.006074
BFGS:  222 08:58:13    -2400.342407        0.008923
BFGS:  223 08:58:16    -2400.342407        0.010458
BFGS:  224 08:58:20    -2400.342407        0.008304
BFGS:  225 08:58:23    -2400.342407        0.007035
BFGS:  226 08:58:26    -2400.342682        0.005103
BFGS:  227 08:58:29    -2400.342682        0.009832
BFGS:  228 08:58:32    -2400.342682        0.012684
BFGS:  229 08:58:35    -2400.342957        0.009190
BFGS:  230 08:58:39    -2400.342957        0.006731
BFGS:  231 08:58:42    -2400.342957        0.005362
BFGS:  232 08:58:45    -2400.342957        0.009745
BFGS:  233 08:58:48    -2400.342957        0.011543
BFGS:  234 08:58:51    -2400.342957        0.011576
BFGS:  235 08:58:54    -2400.343231        0.008588
BFGS:  236 08:58:58    -2400.343231        0.005765
BFGS:  237 08:59:01    -2400.343231        0.009907
BFGS:  238 08:59:04    -2400.343231        0.011282
BFGS:  239 08:59:07    -2400.343506        0.011940
BFGS:  240 08:59:10    -2400.343506        0.011675
BFGS:  241 08:59:13    -2400.343506        0.010590
BFGS:  242 08:59:17    -2400.343506        0.015493
BFGS:  243 08:59:20    -2400.342957        0.043992
BFGS:  244 08:59:22    -2400.343781        0.019706
BFGS:  245 08:59:25    -2400.344055        0.019976
BFGS:  246 08:59:29    -2400.172943        0.198432
BFGS:  247 08:59:32    -2400.344330        0.015193
BFGS:  248 08:59:35    -2400.344604        0.014101
BFGS:  249 08:59:38    -2400.344879        0.029328
BFGS:  250 08:59:41    -2400.345154        0.015071
BFGS:  251 08:59:44    -2400.345154        0.014695
BFGS:  252 08:59:47    -2400.346252        0.016292
BFGS:  253 08:59:50    -2400.346527        0.015938
BFGS:  254 08:59:53    -2400.346802        0.013702
BFGS:  255 08:59:56    -2400.346802        0.015256
BFGS:  256 08:59:59    -2400.347076        0.016435
BFGS:  257 09:00:03    -2400.347351        0.012870
BFGS:  258 09:00:06    -2400.347626        0.013927
BFGS:  259 09:00:09    -2400.347626        0.012380
BFGS:  260 09:00:12    -2400.347626        0.013044
BFGS:  261 09:00:15    -2400.347900        0.010216
BFGS:  262 09:00:17    -2400.347900        0.007560
BFGS:  263 09:00:20    -2400.348175        0.008075
BFGS:  264 09:00:23    -2400.348175        0.007710
BFGS:  265 09:00:27    -2400.348175        0.007268
BFGS:  266 09:00:29    -2400.348175        0.008307
BFGS:  267 09:00:33    -2400.348450        0.008801
BFGS:  268 09:00:36    -2400.348450        0.008543
BFGS:  269 09:00:39    -2400.348450        0.005706
BFGS:  270 09:00:42    -2400.348450        0.006346
BFGS:  271 09:00:45    -2400.348450        0.009050
BFGS:  272 09:00:48    -2400.348724        0.011030
BFGS:  273 09:00:51    -2400.348724        0.006324
BFGS:  274 09:00:54    -2400.348724        0.005795
BFGS:  275 09:00:57    -2400.348724        0.007676
BFGS:  276 09:01:01    -2400.348724        0.014067
BFGS:  277 09:01:03    -2400.348724        0.015532
BFGS:  278 09:01:06    -2400.348724        0.008949
BFGS:  279 09:01:10    -2400.348724        0.006469
BFGS:  280 09:01:13    -2400.348999        0.007529
BFGS:  281 09:01:16    -2400.348999        0.014201
BFGS:  282 09:01:19    -2400.348999        0.015181
BFGS:  283 09:01:22    -2400.348999        0.008462
BFGS:  284 09:01:26    -2400.348999        0.008076
BFGS:  285 09:01:29    -2400.348999        0.008867
BFGS:  286 09:01:32    -2400.348999        0.015761
BFGS:  287 09:01:35    -2400.348999        0.017984
BFGS:  288 09:01:39    -2400.348999        0.011754
BFGS:  289 09:01:42    -2400.349274        0.006648
BFGS:  290 09:01:45    -2400.349274        0.010758
BFGS:  291 09:01:49    -2400.349274        0.017495
BFGS:  292 09:01:52    -2400.349274        0.017652
BFGS:  293 09:01:55    -2400.349274        0.008132
BFGS:  294 09:01:58    -2400.349548        0.006515
BFGS:  295 09:02:02    -2400.349548        0.010810
BFGS:  296 09:02:05    -2400.349548        0.015748
BFGS:  297 09:02:08    -2400.349548        0.014418
BFGS:  298 09:02:11    -2400.349548        0.006145
BFGS:  299 09:02:15    -2400.349548        0.003585
BFGS:  300 09:02:18    -2400.349548        0.008593
BFGS:  301 09:02:21    -2400.349548        0.012374
BFGS:  302 09:02:25    -2400.349548        0.010399
BFGS:  303 09:02:28    -2400.349548        0.004488
BFGS:  304 09:02:31    -2400.349548        0.003053
BFGS:  305 09:02:34    -2400.349548        0.004928
BFGS:  306 09:02:37    -2400.349548        0.007480
BFGS:  307 09:02:40    -2400.349548        0.005735
BFGS:  308 09:02:44    -2400.349548        0.002840
BFGS:  309 09:02:47    -2400.349548        0.002313
BFGS:  310 09:02:50    -2400.349548        0.004194
BFGS:  311 09:02:53    -2400.349548        0.005903
BFGS:  312 09:02:56    -2400.349548        0.004515
BFGS:  313 09:02:58    -2400.349548        0.002735
BFGS:  314 09:03:01    -2400.349548        0.002114
BFGS:  315 09:03:04    -2400.349548        0.003005
BFGS:  316 09:03:08    -2400.349548        0.003764
BFGS:  317 09:03:10    -2400.349548        0.002559
BFGS:  318 09:03:13    -2400.349548        0.001990
BFGS:  319 09:03:17    -2400.349548        0.001606
BFGS:  320 09:03:20    -2400.349548        0.002878
BFGS:  321 09:03:24    -2400.349548        0.002584
BFGS:  322 09:03:27    -2400.349548        0.001700
BFGS:  323 09:03:29    -2400.349548        0.001391
BFGS:  324 09:03:33    -2400.349548        0.001829
BFGS:  325 09:03:36    -2400.349548        0.002057
BFGS:  326 09:03:38    -2400.349548        0.002134
BFGS:  327 09:03:42    -2400.349548        0.001170
BFGS:  328 09:03:44    -2400.349548        0.000838
BFGS:  329 09:03:47    -2400.349823        0.001098
BFGS:  330 09:03:51    -2400.349548        0.001813
BFGS:  331 09:03:54    -2400.349548        0.001420
BFGS:  332 09:03:57    -2400.349548        0.000857
BFGS:  333 09:04:00    -2400.349823        0.000908
BFGS:  334 09:04:03    -2400.349548        0.001579
BFGS:  335 09:04:06    -2400.349548        0.001785
BFGS:  336 09:04:10    -2400.349548        0.001654
BFGS:  337 09:04:13    -2400.349823        0.001059
BFGS:  338 09:04:16    -2400.349823        0.001006
BFGS:  339 09:04:19    -2400.349823        0.001549
BFGS:  340 09:04:22    -2400.349823        0.002434
BFGS:  341 09:04:25    -2400.349823        0.001862
BFGS:  342 09:04:28    -2400.349548        0.000880
BFGS:  343 09:04:31    -2400.349548        0.000784
BFGS:  344 09:04:34    -2400.349823        0.001440
BFGS:  345 09:04:37    -2400.349823        0.002579
BFGS:  346 09:04:40    -2400.349548        0.002000
BFGS:  347 09:04:44    -2400.349823        0.000889
BFGS:  348 09:04:47    -2400.349548        0.000874
BFGS:  349 09:04:50    -2400.349548        0.001910
BFGS:  350 09:04:54    -2400.349823        0.002689
BFGS:  351 09:04:57    -2400.349548        0.002453
BFGS:  352 09:05:00    -2400.349823        0.000973
BFGS:  353 09:05:03    -2400.349823        0.000975
BFGS:  354 09:05:06    -2400.349823        0.002035
BFGS:  355 09:05:10    -2400.349548        0.002867
BFGS:  356 09:05:13    -2400.349823        0.002620
BFGS:  357 09:05:16    -2400.349823        0.001100
BFGS:  358 09:05:19    -2400.349548        0.001042
BFGS:  359 09:05:22    -2400.349823        0.001592
BFGS:  360 09:05:26    -2400.349823        0.002155
BFGS:  361 09:05:29    -2400.349823        0.002340
BFGS:  362 09:05:32    -2400.349548        0.001376
BFGS:  363 09:05:35    -2400.349548        0.000782
BFGS:  364 09:05:38    -2400.349548        0.001061
BFGS:  365 09:05:42    -2400.349548        0.001800
BFGS:  366 09:05:45    -2400.349548        0.001428
BFGS:  367 09:05:48    -2400.349823        0.000803
BFGS:  368 09:05:51    -2400.349823        0.000531
BFGS:  369 09:05:55    -2400.349823        0.000739
BFGS:  370 09:05:58    -2400.349548        0.001658
BFGS:  371 09:06:01    -2400.349548        0.001231
BFGS:  372 09:06:04    -2400.349823        0.000488
BFGS:  373 09:06:07    -2400.349823        0.000494
BFGS:  374 09:06:09    -2400.349823        0.000511
BFGS:  375 09:06:12    -2400.349823        0.000786
BFGS:  376 09:06:15    -2400.349823        0.000548
BFGS:  377 09:06:18    -2400.349823        0.000332
BFGS:  378 09:06:21    -2400.349823        0.000356
BFGS:  379 09:06:23    -2400.349823        0.000594
BFGS:  380 09:06:26    -2400.349823        0.000701
BFGS:  381 09:06:29    -2400.349823        0.000420
BFGS:  382 09:06:32    -2400.349823        0.000320
BFGS:  383 09:06:36    -2400.349823        0.000247
BFGS:  384 09:06:39    -2400.349823        0.000342
BFGS:  385 09:06:42    -2400.349823        0.000396
BFGS:  386 09:06:45    -2400.349823        0.000335
BFGS:  387 09:06:48    -2400.349823        0.000448
BFGS:  388 09:06:51    -2400.349823        0.000215
BFGS:  389 09:06:54    -2400.349823        0.000278
BFGS:  390 09:06:58    -2400.349823        0.000380
BFGS:  391 09:07:01    -2400.349823        0.000443
BFGS:  392 09:07:03    -2400.349548        0.000386
BFGS:  393 09:07:07    -2400.349548        0.000145
BFGS:  394 09:07:10    -2400.349823        0.000149
BFGS:  395 09:07:13    -2400.349823        0.000121
BFGS:  396 09:07:16    -2400.349823        0.000193
BFGS:  397 09:07:19    -2400.349548        0.000184
BFGS:  398 09:07:22    -2400.349548        0.000200
BFGS:  399 09:07:26    -2400.349823        0.000114
BFGS:  400 09:07:29    -2400.349823        0.000168
BFGS:  401 09:07:32    -2400.349823        0.000121
BFGS:  402 09:07:35    -2400.349823        0.000148
BFGS:  403 09:07:38    -2400.349823        0.000293
BFGS:  404 09:07:41    -2400.349823        0.000258
BFGS:  405 09:07:45    -2400.349823        0.000125
BFGS:  406 09:07:48    -2400.349823        0.000266
BFGS:  407 09:07:51    -2400.349823        0.000099




Calculating E_bulk....     Potential: CHGNet(v0_2_0)

CHGNet v0.2.0 initialized with 400,438 parameters
CHGNet will run on cpu
CHGNet will run on cpu
      Step     Time          Energy          fmax
BFGS:    0 09:07:52     -896.800987        0.000994
BFGS:    1 09:07:52     -896.800987        0.000994
BFGS:    2 09:07:53     -896.801090        0.006783
BFGS:    3 09:07:53     -896.801811        0.016969
BFGS:    4 09:07:54     -896.805107        0.032613
BFGS:    5 09:07:54     -896.815922        0.058171
BFGS:    6 09:07:55     -896.834770        0.086088
BFGS:    7 09:07:55     -896.864124        0.110286
BFGS:    8 09:07:56     -896.905323        0.126668
BFGS:    9 09:07:57     -896.954967        0.150324
BFGS:   10 09:07:57     -897.003582        0.150247
BFGS:   11 09:07:58     -897.042927        0.125179
BFGS:   12 09:07:58     -897.067852        0.142792
BFGS:   13 09:07:59     -897.079079        0.188023
BFGS:   14 09:07:59     -897.089172        0.176684
BFGS:   15 09:08:00     -897.128929        0.153395
BFGS:   16 09:08:01     -897.145100        0.124100
BFGS:   17 09:08:01     -897.157562        0.103934
BFGS:   18 09:08:02     -897.165905        0.102895
BFGS:   19 09:08:02     -897.182487        0.109299
BFGS:   20 09:08:03     -897.194229        0.096070
BFGS:   21 09:08:03     -897.208134        0.086094
BFGS:   22 09:08:04     -897.225128        0.098471
BFGS:   23 09:08:04     -897.229969        0.096273
BFGS:   24 09:08:05     -897.236252        0.091243
BFGS:   25 09:08:06     -897.248508        0.091472
BFGS:   26 09:08:06     -897.262001        0.089511
BFGS:   27 09:08:07     -897.281982        0.155717
BFGS:   28 09:08:07     -897.290325        0.117964
BFGS:   29 09:08:08     -897.296711        0.095215
BFGS:   30 09:08:08     -897.304127        0.083873
BFGS:   31 09:08:09     -897.315971        0.093400
BFGS:   32 09:08:09     -897.328228        0.086904
BFGS:   33 09:08:10     -897.338425        0.100105
BFGS:   34 09:08:11     -897.346355        0.093957
BFGS:   35 09:08:11     -897.349754        0.101978
BFGS:   36 09:08:12     -897.358612        0.085070
BFGS:   37 09:08:12     -897.369633        0.086288
BFGS:   38 09:08:13     -897.381168        0.089105
BFGS:   39 09:08:13     -897.386936        0.090154
BFGS:   40 09:08:14     -897.390953        0.092372
BFGS:   41 09:08:15     -897.396309        0.077481
BFGS:   42 09:08:15     -897.404343        0.073186
BFGS:   43 09:08:16     -897.412582        0.071583
BFGS:   44 09:08:16     -897.418247        0.093752
BFGS:   45 09:08:17     -897.421234        0.091350
BFGS:   46 09:08:17     -897.423397        0.095377
BFGS:   47 09:08:18     -897.430504        0.081729
BFGS:   48 09:08:18     -897.435860        0.051357
BFGS:   49 09:08:19     -897.438744        0.055828
BFGS:   50 09:08:20     -897.439980        0.052519
BFGS:   51 09:08:20     -897.441319        0.050623
BFGS:   52 09:08:21     -897.443893        0.046012
BFGS:   53 09:08:21     -897.447292        0.046711
BFGS:   54 09:08:22     -897.450073        0.045262
BFGS:   55 09:08:22     -897.451515        0.044724
BFGS:   56 09:08:23     -897.452854        0.043174
BFGS:   57 09:08:24     -897.454605        0.041168
BFGS:   58 09:08:24     -897.457901        0.049168
BFGS:   59 09:08:25     -897.462433        0.089361
BFGS:   60 09:08:25     -897.466759        0.109777
BFGS:   61 09:08:26     -897.470261        0.096837
BFGS:   62 09:08:26     -897.473454        0.074652
BFGS:   63 09:08:27     -897.478809        0.066124
BFGS:   64 09:08:27     -897.486946        0.082905
BFGS:   65 09:08:28     -897.496010        0.129565
BFGS:   66 09:08:29     -897.504250        0.180020
BFGS:   67 09:08:29     -897.516403        0.145343
BFGS:   68 09:08:30     -897.522789        0.133667
BFGS:   69 09:08:30     -897.549877        0.121217
BFGS:   70 09:08:31     -897.574596        0.166791
BFGS:   71 09:08:31     -897.605701        0.214892
BFGS:   72 09:08:32     -897.627743        0.245661
BFGS:   73 09:08:33     -897.642677        0.172358
BFGS:   74 09:08:33     -897.661320        0.195232
BFGS:   75 09:08:34     -897.693352        0.213461
BFGS:   76 09:08:34     -897.743202        0.165471
BFGS:   77 09:08:35     -897.811901        0.200589
BFGS:   78 09:08:35     -897.835590        0.158368
BFGS:   79 09:08:36     -897.864223        0.176332
BFGS:   80 09:08:37     -897.905525        0.179857
BFGS:   81 09:08:37     -897.964645        0.171107
BFGS:   82 09:08:38     -898.007698        0.204979
BFGS:   83 09:08:38     -898.032726        0.208368
BFGS:   84 09:08:39     -898.047661        0.180545
BFGS:   85 09:08:39     -898.066303        0.144775
BFGS:   86 09:08:40     -898.100910        0.098244
BFGS:   87 09:08:40     -898.124393        0.114925
BFGS:   88 09:08:41     -898.132118        0.108681
BFGS:   89 09:08:42     -898.139225        0.098284
BFGS:   90 09:08:42     -898.149010        0.077311
BFGS:   91 09:08:43     -898.161575        0.062597
BFGS:   92 09:08:43     -898.170742        0.078518
BFGS:   93 09:08:44     -898.175892        0.075763
BFGS:   94 09:08:44     -898.180218        0.071458
BFGS:   95 09:08:45     -898.186707        0.065657
BFGS:   96 09:08:46     -898.196388        0.060563
BFGS:   97 09:08:46     -898.204628        0.081020
BFGS:   98 09:08:47     -898.209572        0.084549
BFGS:   99 09:08:47     -898.212971        0.081359
BFGS:  100 09:08:48     -898.218121        0.066604
BFGS:  101 09:08:48     -898.227081        0.058118
BFGS:  102 09:08:49     -898.234394        0.061147
BFGS:  103 09:08:50     -898.238514        0.064070
BFGS:  104 09:08:50     -898.241295        0.061320
BFGS:  105 09:08:51     -898.244385        0.054885
BFGS:  106 09:08:51     -898.249638        0.044859
BFGS:  107 09:08:52     -898.254684        0.064969
BFGS:  108 09:08:52     -898.257671        0.074226
BFGS:  109 09:08:53     -898.259422        0.066222
BFGS:  110 09:08:53     -898.261276        0.047918
BFGS:  111 09:08:54     -898.264366        0.042563
BFGS:  112 09:08:55     -898.267971        0.063978
BFGS:  113 09:08:55     -898.270443        0.068521
BFGS:  114 09:08:56     -898.271885        0.058099
BFGS:  115 09:08:56     -898.273430        0.043977
BFGS:  116 09:08:57     -898.275696        0.036539
BFGS:  117 09:08:58     -898.278374        0.038349
BFGS:  118 09:08:58     -898.280125        0.040473
BFGS:  119 09:08:59     -898.281052        0.032108
BFGS:  120 09:08:59     -898.281876        0.029850
BFGS:  121 09:09:00     -898.283215        0.029401
BFGS:  122 09:09:00     -898.284863        0.028400
BFGS:  123 09:09:01     -898.285995        0.028359
BFGS:  124 09:09:01     -898.286613        0.026085
BFGS:  125 09:09:02     -898.287128        0.023606
BFGS:  126 09:09:03     -898.287952        0.018579
BFGS:  127 09:09:03     -898.288982        0.021016
BFGS:  128 09:09:04     -898.289806        0.022848
BFGS:  129 09:09:04     -898.290218        0.020244
BFGS:  130 09:09:05     -898.290527        0.017283
BFGS:  131 09:09:05     -898.290939        0.016989
BFGS:  132 09:09:06     -898.291557        0.019290
BFGS:  133 09:09:07     -898.292072        0.016950
BFGS:  134 09:09:07     -898.292381        0.015821
BFGS:  135 09:09:08     -898.292484        0.014444
BFGS:  136 09:09:08     -898.292793        0.015930
BFGS:  137 09:09:09     -898.293308        0.014388
BFGS:  138 09:09:09     -898.293720        0.014768
BFGS:  139 09:09:10     -898.293926        0.015890
BFGS:  140 09:09:11     -898.294132        0.015145
BFGS:  141 09:09:11     -898.294338        0.013363
BFGS:  142 09:09:12     -898.294647        0.012929
BFGS:  143 09:09:12     -898.294956        0.011776
BFGS:  144 09:09:13     -898.295162        0.013172
BFGS:  145 09:09:13     -898.295265        0.012699
BFGS:  146 09:09:14     -898.295471        0.013268
BFGS:  147 09:09:15     -898.295677        0.012976
BFGS:  148 09:09:15     -898.295883        0.009662
BFGS:  149 09:09:16     -898.296089        0.010275
BFGS:  150 09:09:16     -898.296192        0.009733
BFGS:  151 09:09:17     -898.296295        0.010053
BFGS:  152 09:09:17     -898.296398        0.011932
BFGS:  153 09:09:18     -898.296604        0.010918
BFGS:  154 09:09:18     -898.296810        0.012223
BFGS:  155 09:09:19     -898.296913        0.011830
BFGS:  156 09:09:20     -898.297016        0.011185
BFGS:  157 09:09:20     -898.297119        0.011080
BFGS:  158 09:09:21     -898.297325        0.010278
BFGS:  159 09:09:21     -898.297531        0.011997
BFGS:  160 09:09:22     -898.297634        0.012425
BFGS:  161 09:09:22     -898.297737        0.013396
BFGS:  162 09:09:23     -898.297840        0.012551
BFGS:  163 09:09:24     -898.298046        0.009945
BFGS:  164 09:09:24     -898.298355        0.012071
BFGS:  165 09:09:25     -898.298561        0.012810
BFGS:  166 09:09:25     -898.298561        0.012794
BFGS:  167 09:09:26     -898.298767        0.012907
BFGS:  168 09:09:27     -898.298973        0.014206
BFGS:  169 09:09:27     -898.299385        0.016261
BFGS:  170 09:09:28     -898.299694        0.020622
BFGS:  171 09:09:28     -898.300003        0.022374
BFGS:  172 09:09:29     -898.300209        0.021212
BFGS:  173 09:09:29     -898.300415        0.017729
BFGS:  174 09:09:30     -898.300930        0.015911
BFGS:  175 09:09:30     -898.301548        0.017517
BFGS:  176 09:09:31     -898.302063        0.019409
BFGS:  177 09:09:32     -898.302269        0.020330
BFGS:  178 09:09:32     -898.302578        0.024367
BFGS:  179 09:09:33     -898.303093        0.024660
BFGS:  180 09:09:33     -898.304123        0.019143
BFGS:  181 09:09:34     -898.304741        0.022773
BFGS:  182 09:09:34     -898.305050        0.022513
BFGS:  183 09:09:35     -898.305359        0.019605
BFGS:  184 09:09:36     -898.305874        0.018923
BFGS:  185 09:09:36     -898.306595        0.020583
BFGS:  186 09:09:37     -898.307213        0.023269
BFGS:  187 09:09:37     -898.307625        0.023650
BFGS:  188 09:09:38     -898.307934        0.022358
BFGS:  189 09:09:38     -898.308243        0.019643
BFGS:  190 09:09:39     -898.308964        0.017012
BFGS:  191 09:09:40     -898.309479        0.019441
BFGS:  192 09:09:40     -898.309788        0.018186
BFGS:  193 09:09:41     -898.309994        0.015794
BFGS:  194 09:09:41     -898.310200        0.017036
BFGS:  195 09:09:42     -898.310612        0.016097
BFGS:  196 09:09:42     -898.311127        0.013805
BFGS:  197 09:09:43     -898.311333        0.017447
BFGS:  198 09:09:44     -898.311436        0.017676
BFGS:  199 09:09:44     -898.311642        0.015798
BFGS:  200 09:09:45     -898.311951        0.014864
BFGS:  201 09:09:45     -898.312260        0.013159
BFGS:  202 09:09:46     -898.312466        0.012717
BFGS:  203 09:09:46     -898.312569        0.011432
BFGS:  204 09:09:47     -898.312672        0.013814
BFGS:  205 09:09:47     -898.312878        0.015568
BFGS:  206 09:09:48     -898.313084        0.014533
BFGS:  207 09:09:49     -898.313290        0.011337
BFGS:  208 09:09:49     -898.313393        0.009303
BFGS:  209 09:09:50     -898.313393        0.008586
BFGS:  210 09:09:50     -898.313496        0.007945
BFGS:  211 09:09:51     -898.313702        0.007481
BFGS:  212 09:09:52     -898.313702        0.007698
BFGS:  213 09:09:52     -898.313805        0.007886
BFGS:  214 09:09:53     -898.313805        0.007834
BFGS:  215 09:09:53     -898.313908        0.006061
BFGS:  216 09:09:54     -898.314011        0.005112
BFGS:  217 09:09:54     -898.314011        0.006250
BFGS:  218 09:09:55     -898.314114        0.006307
BFGS:  219 09:09:56     -898.314114        0.005899
BFGS:  220 09:09:56     -898.314217        0.005576
BFGS:  221 09:09:57     -898.314217        0.005100
BFGS:  222 09:09:57     -898.314320        0.006671
BFGS:  223 09:09:58     -898.314320        0.006830
BFGS:  224 09:09:58     -898.314320        0.005963
BFGS:  225 09:09:59     -898.314423        0.004624
BFGS:  226 09:10:00     -898.314423        0.004629
BFGS:  227 09:10:00     -898.314526        0.005266
BFGS:  228 09:10:01     -898.314526        0.005303
BFGS:  229 09:10:01     -898.314526        0.005170
BFGS:  230 09:10:02     -898.314526        0.004737
BFGS:  231 09:10:02     -898.314629        0.004440
BFGS:  232 09:10:03     -898.314629        0.004245
BFGS:  233 09:10:04     -898.314732        0.004968
BFGS:  234 09:10:04     -898.314732        0.005684
BFGS:  235 09:10:05     -898.314732        0.005506
BFGS:  236 09:10:05     -898.314732        0.004302
BFGS:  237 09:10:06     -898.314835        0.003909
BFGS:  238 09:10:06     -898.314835        0.004176
BFGS:  239 09:10:07     -898.314835        0.004183
BFGS:  240 09:10:08     -898.314835        0.004078
BFGS:  241 09:10:08     -898.314835        0.003710
BFGS:  242 09:10:09     -898.314938        0.003504
BFGS:  243 09:10:09     -898.314938        0.003625
BFGS:  244 09:10:10     -898.314938        0.004175
BFGS:  245 09:10:10     -898.314938        0.004125
BFGS:  246 09:10:11     -898.314938        0.003747
BFGS:  247 09:10:12     -898.315041        0.003000
BFGS:  248 09:10:12     -898.315041        0.002664
BFGS:  249 09:10:13     -898.315041        0.002717
BFGS:  250 09:10:13     -898.315041        0.002822
BFGS:  251 09:10:14     -898.315041        0.002673
BFGS:  252 09:10:15     -898.315041        0.002243
BFGS:  253 09:10:15     -898.315041        0.001949
BFGS:  254 09:10:16     -898.315041        0.002078
BFGS:  255 09:10:16     -898.315041        0.001895
BFGS:  256 09:10:17     -898.315041        0.001900
BFGS:  257 09:10:18     -898.315041        0.001815
BFGS:  258 09:10:18     -898.315041        0.001521
BFGS:  259 09:10:19     -898.315041        0.001608
BFGS:  260 09:10:19     -898.315041        0.001673
BFGS:  261 09:10:20     -898.315041        0.001693
BFGS:  262 09:10:20     -898.315041        0.001660
BFGS:  263 09:10:21     -898.315041        0.001363
BFGS:  264 09:10:22     -898.315041        0.001604
BFGS:  265 09:10:22     -898.315041        0.001514
BFGS:  266 09:10:23     -898.315144        0.001514
BFGS:  267 09:10:23     -898.315041        0.001354
BFGS:  268 09:10:24     -898.315041        0.001347
BFGS:  269 09:10:25     -898.315041        0.001301
BFGS:  270 09:10:25     -898.315041        0.001127
BFGS:  271 09:10:26     -898.315144        0.001119
BFGS:  272 09:10:26     -898.315041        0.001149
BFGS:  273 09:10:27     -898.315144        0.001045
BFGS:  274 09:10:28     -898.315144        0.001109
BFGS:  275 09:10:28     -898.315144        0.001069
BFGS:  276 09:10:29     -898.315144        0.001044
BFGS:  277 09:10:29     -898.315144        0.001035
BFGS:  278 09:10:30     -898.315144        0.000920
BFGS:  279 09:10:31     -898.315144        0.000904
BFGS:  280 09:10:31     -898.315041        0.000871
BFGS:  281 09:10:32     -898.315144        0.000890
BFGS:  282 09:10:32     -898.315041        0.000886
BFGS:  283 09:10:33     -898.315041        0.000760
BFGS:  284 09:10:34     -898.315144        0.000788
BFGS:  285 09:10:34     -898.315144        0.000764
BFGS:  286 09:10:35     -898.315144        0.000628
BFGS:  287 09:10:35     -898.315144        0.000551
BFGS:  288 09:10:36     -898.315144        0.000577
BFGS:  289 09:10:37     -898.315144        0.000545
BFGS:  290 09:10:37     -898.315144        0.000527
BFGS:  291 09:10:38     -898.315144        0.000442
BFGS:  292 09:10:38     -898.315144        0.000427
BFGS:  293 09:10:39     -898.315144        0.000436
BFGS:  294 09:10:39     -898.315144        0.000434
BFGS:  295 09:10:40     -898.315144        0.000364
BFGS:  296 09:10:41     -898.315144        0.000334
BFGS:  297 09:10:41     -898.315144        0.000278
BFGS:  298 09:10:42     -898.315144        0.000259
BFGS:  299 09:10:42     -898.315144        0.000232
BFGS:  300 09:10:43     -898.315144        0.000231
BFGS:  301 09:10:44     -898.315144        0.000227
BFGS:  302 09:10:44     -898.315144        0.000200
BFGS:  303 09:10:45     -898.315144        0.000184
BFGS:  304 09:10:46     -898.315144        0.000208
BFGS:  305 09:10:46     -898.315144        0.000200
BFGS:  306 09:10:47     -898.315144        0.000183
BFGS:  307 09:10:47     -898.315144        0.000180
BFGS:  308 09:10:48     -898.315144        0.000162
BFGS:  309 09:10:49     -898.315144        0.000147
BFGS:  310 09:10:49     -898.315144        0.000152
BFGS:  311 09:10:50     -898.315144        0.000152
BFGS:  312 09:10:50     -898.315144        0.000130
BFGS:  313 09:10:51     -898.315144        0.000122
BFGS:  314 09:10:52     -898.315144        0.000127
BFGS:  315 09:10:52     -898.315144        0.000129
BFGS:  316 09:10:53     -898.315144        0.000112
BFGS:  317 09:10:53     -898.315144        0.000107
BFGS:  318 09:10:54     -898.315144        0.000108
BFGS:  319 09:10:54     -898.315144        0.000119
BFGS:  320 09:10:55     -898.315144        0.000133
BFGS:  321 09:10:56     -898.315144        0.000160
BFGS:  322 09:10:56     -898.315144        0.000145
BFGS:  323 09:10:57     -898.315144        0.000129
BFGS:  324 09:10:57     -898.315144        0.000129
BFGS:  325 09:10:58     -898.315144        0.000135
BFGS:  326 09:10:59     -898.315144        0.000190
BFGS:  327 09:10:59     -898.315144        0.000168
BFGS:  328 09:11:00     -898.315144        0.000125
BFGS:  329 09:11:00     -898.315144        0.000107
BFGS:  330 09:11:01     -898.315144        0.000100
BFGS:  331 09:11:02     -898.315144        0.000126
BFGS:  332 09:11:02     -898.315144        0.000108
BFGS:  333 09:11:03     -898.315144        0.000086




Calculating E_gb....     Potential: CHGNet(v0_2_0)    GB: Sigma37(610)

CHGNet v0.2.0 initialized with 400,438 parameters
CHGNet will run on cpu
CHGNet will run on cpu
      Step     Time          Energy          fmax
BFGS:    0 09:11:05    -2284.574249        0.000102
BFGS:    1 09:11:07    -2284.574249        0.000087




Calculating E_gb....     Potential: CHGNet(v0_2_0)    GB: Sigma13(510)

CHGNet v0.2.0 initialized with 400,438 parameters
CHGNet will run on cpu
CHGNet will run on cpu
      Step     Time          Energy          fmax
BFGS:    0 09:11:09    -1849.722443        0.000101
BFGS:    1 09:11:10    -1849.722443        0.000090




Calculating E_gb....     Potential: CHGNet(v0_2_0)    GB: Sigma17(410)

CHGNet v0.2.0 initialized with 400,438 parameters
CHGNet will run on cpu
CHGNet will run on cpu
      Step     Time          Energy          fmax
BFGS:    0 09:11:12    -1486.004219        0.000095




Calculating E_gb....     Potential: CHGNet(v0_2_0)    GB: Sigma5(310)

CHGNet v0.2.0 initialized with 400,438 parameters
CHGNet will run on cpu
CHGNet will run on cpu
      Step     Time          Energy          fmax
BFGS:    0 09:11:12    -1188.151474        0.000080




Calculating E_gb....     Potential: CHGNet(v0_2_0)    GB: Sigma29(520)

CHGNet v0.2.0 initialized with 400,438 parameters
CHGNet will run on cpu
CHGNet will run on cpu
      Step     Time          Energy          fmax
BFGS:    0 09:11:14    -1985.777893        0.000087




Calculating E_gb....     Potential: CHGNet(v0_2_0)    GB: Sigma5(210)

CHGNet v0.2.0 initialized with 400,438 parameters
CHGNet will run on cpu
CHGNet will run on cpu
      Step     Time          Energy          fmax
BFGS:    0 09:11:15     -830.602932        0.000096




Calculating E_gb....     Potential: CHGNet(v0_2_0)    GB: Sigma13(320)

CHGNet v0.2.0 initialized with 400,438 parameters
CHGNet will run on cpu
CHGNet will run on cpu
      Step     Time          Energy          fmax
BFGS:    0 09:11:16    -1324.548035        0.000099




Calculating E_gb....     Potential: CHGNet(v0_2_0)    GB: Sigma25(430)

CHGNet v0.2.0 initialized with 400,438 parameters
CHGNet will run on cpu
CHGNet will run on cpu
      Step     Time          Energy          fmax
BFGS:    0 09:11:17    -1888.497471        0.000097




Calculating E_gb....     Potential: CHGNet(v0_2_0)    GB: Sigma41(540)

CHGNet v0.2.0 initialized with 400,438 parameters
CHGNet will run on cpu
CHGNet will run on cpu
      Step     Time          Energy          fmax
BFGS:    0 09:11:20    -2385.850616        0.000098




Calculating E_bulk....     Potential: SevenNet

      Step     Time          Energy          fmax
BFGS:    0 09:11:27     -900.357178        0.035319
BFGS:    1 09:11:29     -900.357178        0.035318
BFGS:    2 09:11:30     -900.378174        0.035024
BFGS:    3 09:11:32     -900.399048        0.034730
BFGS:    4 09:11:33     -900.419800        0.034437
BFGS:    5 09:11:35     -900.440491        0.034145
BFGS:    6 09:11:36     -900.460815        0.033854
BFGS:    7 09:11:38     -900.481079        0.033564
BFGS:    8 09:11:39     -900.501160        0.033274
BFGS:    9 09:11:41     -900.521057        0.032986
BFGS:   10 09:11:42     -900.540771        0.032698
BFGS:   11 09:11:44     -900.560181        0.032411
BFGS:   12 09:11:45     -900.579590        0.032126
BFGS:   13 09:11:47     -900.598755        0.031841
BFGS:   14 09:11:48     -900.617920        0.031557
BFGS:   15 09:11:50     -900.636719        0.031274
BFGS:   16 09:11:51     -900.655396        0.030992
BFGS:   17 09:11:53     -900.673828        0.030710
BFGS:   18 09:11:55     -900.692139        0.030430
BFGS:   19 09:11:56     -900.710327        0.030151
BFGS:   20 09:11:58     -900.728394        0.029873
BFGS:   21 09:11:59     -900.746216        0.029596
BFGS:   22 09:12:01     -900.763977        0.029320
BFGS:   23 09:12:02     -900.781494        0.029045
BFGS:   24 09:12:04     -900.798767        0.028771
BFGS:   25 09:12:05     -900.815918        0.028498
BFGS:   26 09:12:07     -900.832947        0.028226
BFGS:   27 09:12:08     -900.849854        0.027955
BFGS:   28 09:12:10     -900.866455        0.027685
BFGS:   29 09:12:11     -900.882996        0.027416
BFGS:   30 09:12:13     -900.899414        0.027148
BFGS:   31 09:12:14     -900.915649        0.026882
BFGS:   32 09:12:16     -900.931641        0.026616
BFGS:   33 09:12:17     -900.947571        0.026352
BFGS:   34 09:12:19     -900.963196        0.026089
BFGS:   35 09:12:21     -900.978821        0.025827
BFGS:   36 09:12:22     -900.994263        0.025566
BFGS:   37 09:12:24     -901.009521        0.025306
BFGS:   38 09:12:25     -901.024658        0.025047
BFGS:   39 09:12:27     -901.039612        0.024790
BFGS:   40 09:12:28     -901.054382        0.024534
BFGS:   41 09:12:30     -901.069031        0.024279
BFGS:   42 09:12:31     -901.083496        0.024025
BFGS:   43 09:12:33     -901.097900        0.023772
BFGS:   44 09:12:34     -901.112061        0.023521
BFGS:   45 09:12:36     -901.126099        0.023270
BFGS:   46 09:12:37     -901.140015        0.023021
BFGS:   47 09:12:39     -901.153748        0.022774
BFGS:   48 09:12:40     -901.167236        0.022527
BFGS:   49 09:12:42     -901.180786        0.022282
BFGS:   50 09:12:43     -901.194031        0.022038
BFGS:   51 09:12:45     -901.207214        0.021795
BFGS:   52 09:12:47     -901.220215        0.021554
BFGS:   53 09:12:48     -901.232971        0.021314
BFGS:   54 09:12:50     -901.245728        0.021075
BFGS:   55 09:12:51     -901.258301        0.020838
BFGS:   56 09:12:53     -901.270752        0.020601
BFGS:   57 09:12:54     -901.283081        0.020367
BFGS:   58 09:12:56     -901.295227        0.020133
BFGS:   59 09:12:57     -901.307251        0.019901
BFGS:   60 09:12:59     -901.319092        0.019670
BFGS:   61 09:13:01     -901.330750        0.019441
BFGS:   62 09:13:02     -901.342407        0.019213
BFGS:   63 09:13:04     -901.353882        0.018986
BFGS:   64 09:13:05     -901.365234        0.018760
BFGS:   65 09:13:07     -901.376404        0.018536
BFGS:   66 09:13:08     -901.387512        0.018314
BFGS:   67 09:13:10     -901.398376        0.018093
BFGS:   68 09:13:11     -901.409119        0.017873
BFGS:   69 09:13:13     -901.419800        0.017654
BFGS:   70 09:13:14     -901.430420        0.017437
BFGS:   71 09:13:16     -901.440796        0.017222
BFGS:   72 09:13:17     -901.450928        0.017008
BFGS:   73 09:13:19     -901.461182        0.016795
BFGS:   74 09:13:20     -901.471191        0.016584
BFGS:   75 09:13:22     -901.481079        0.016374
BFGS:   76 09:13:23     -901.490845        0.016165
BFGS:   77 09:13:25     -901.500488        0.015958
BFGS:   78 09:13:26     -901.510010        0.015753
BFGS:   79 09:13:28     -901.519409        0.015549
BFGS:   80 09:13:29     -901.528625        0.015346
BFGS:   81 09:13:31     -901.537781        0.015145
BFGS:   82 09:13:32     -901.546814        0.014945
BFGS:   83 09:13:34     -901.555725        0.014747
BFGS:   84 09:13:35     -901.564514        0.014550
BFGS:   85 09:13:37     -901.573181        0.014354
BFGS:   86 09:13:38     -901.581726        0.014160
BFGS:   87 09:13:40     -901.590149        0.013968
BFGS:   88 09:13:41     -901.598511        0.013777
BFGS:   89 09:13:43     -901.606750        0.013587
BFGS:   90 09:13:45     -901.614746        0.013399
BFGS:   91 09:13:46     -901.622803        0.013213
BFGS:   92 09:13:48     -901.630554        0.013027
BFGS:   93 09:13:49     -901.638428        0.012844
BFGS:   94 09:13:51     -901.646118        0.012661
BFGS:   95 09:13:52     -901.653625        0.012481
BFGS:   96 09:13:54     -901.661011        0.012301
BFGS:   97 09:13:55     -901.668457        0.012123
BFGS:   98 09:13:57     -901.675598        0.011947
BFGS:   99 09:13:58     -901.682739        0.011771
BFGS:  100 09:14:00     -901.689697        0.011598
BFGS:  101 09:14:01     -901.696594        0.011426
BFGS:  102 09:14:03     -901.703491        0.011255
BFGS:  103 09:14:04     -901.710144        0.011085
BFGS:  104 09:14:06     -901.716736        0.010917
BFGS:  105 09:14:07     -901.723267        0.010751
BFGS:  106 09:14:09     -901.729614        0.010585
BFGS:  107 09:14:10     -901.735901        0.010421
BFGS:  108 09:14:12     -901.742126        0.010259
BFGS:  109 09:14:13     -901.748230        0.010098
BFGS:  110 09:14:15     -901.754272        0.009938
BFGS:  111 09:14:16     -901.760254        0.009779
BFGS:  112 09:14:18     -901.765991        0.009622
BFGS:  113 09:14:19     -901.771729        0.009466
BFGS:  114 09:14:21     -901.777344        0.009312
BFGS:  115 09:14:23     -901.782898        0.009159
BFGS:  116 09:14:24     -901.788391        0.009007
BFGS:  117 09:14:26     -901.793823        0.008856
BFGS:  118 09:14:27     -901.799133        0.008706
BFGS:  119 09:14:29     -901.804199        0.008558
BFGS:  120 09:14:31     -901.809326        0.008398
BFGS:  121 09:14:33     -901.814331        0.008210
BFGS:  122 09:14:35     -901.819214        0.008024
BFGS:  123 09:14:37     -901.824036        0.007841
BFGS:  124 09:14:38     -901.828674        0.007660
BFGS:  125 09:14:40     -901.833252        0.007482
BFGS:  126 09:14:42     -901.837769        0.007306
BFGS:  127 09:14:44     -901.842102        0.007132
BFGS:  128 09:14:46     -901.846375        0.006962
BFGS:  129 09:14:48     -901.850586        0.006799
BFGS:  130 09:14:50     -901.854675        0.007460
BFGS:  131 09:14:52     -901.858643        0.008192
BFGS:  132 09:14:54     -901.862671        0.008999
BFGS:  133 09:14:56     -901.866577        0.009888
BFGS:  134 09:14:58     -901.870483        0.010868
BFGS:  135 09:15:00     -901.874268        0.011946
BFGS:  136 09:15:02     -901.877930        0.013129
BFGS:  137 09:15:04     -901.881531        0.014424
BFGS:  138 09:15:06     -901.885254        0.015838
BFGS:  139 09:15:08     -901.888977        0.017376
BFGS:  140 09:15:10     -901.892517        0.019040
BFGS:  141 09:15:12     -901.896179        0.020830
BFGS:  142 09:15:14     -901.899780        0.022740
BFGS:  143 09:15:16     -901.903564        0.024762
BFGS:  144 09:15:18     -901.907227        0.026876
BFGS:  145 09:15:20     -901.910889        0.029047
BFGS:  146 09:15:21     -901.914551        0.031283
BFGS:  147 09:15:23     -901.918396        0.033603
BFGS:  148 09:15:25     -901.922180        0.036016
BFGS:  149 09:15:27     -901.926208        0.038539
BFGS:  150 09:15:29     -901.930176        0.041188
BFGS:  151 09:15:31     -901.934326        0.043987
BFGS:  152 09:15:33     -901.938721        0.046958
BFGS:  153 09:15:35     -901.943298        0.050136
BFGS:  154 09:15:37     -901.948120        0.053555
BFGS:  155 09:15:39     -901.953369        0.057266
BFGS:  156 09:15:41     -901.959106        0.061327
BFGS:  157 09:15:43     -901.965454        0.065809
BFGS:  158 09:15:45     -901.972656        0.070803
BFGS:  159 09:15:47     -901.981018        0.076414
BFGS:  160 09:15:49     -901.990662        0.082773
BFGS:  161 09:15:51     -902.002441        0.090029
BFGS:  162 09:15:53     -902.016602        0.098359
BFGS:  163 09:15:55     -902.034241        0.107967
BFGS:  164 09:15:57     -902.056274        0.119074
BFGS:  165 09:15:58     -902.084290        0.131919
BFGS:  166 09:16:00     -902.120300        0.146742
BFGS:  167 09:16:02     -902.166626        0.163753
BFGS:  168 09:16:04     -902.226685        0.183086
BFGS:  169 09:16:06     -902.304565        0.204721
BFGS:  170 09:16:08     -902.405090        0.228352
BFGS:  171 09:16:10     -902.532898        0.253132
BFGS:  172 09:16:12     -902.692871        0.277436
BFGS:  173 09:16:14     -902.886475        0.298549
BFGS:  174 09:16:16     -903.110291        0.312518
BFGS:  175 09:16:18     -903.351990        0.314583
BFGS:  176 09:16:20     -903.590210        0.300776
BFGS:  177 09:16:22     -903.809326        0.267125
BFGS:  178 09:16:24     -903.991760        0.208926
BFGS:  179 09:16:26     -904.115601        0.120610
BFGS:  180 09:16:27     -904.153076        0.019811
BFGS:  181 09:16:29     -904.155090        0.022184
BFGS:  182 09:16:31     -904.155823        0.022745
BFGS:  183 09:16:33     -904.171997        0.034666
BFGS:  184 09:16:35     -904.178223        0.030731
BFGS:  185 09:16:37     -904.178772        0.027059
BFGS:  186 09:16:39     -904.180603        0.024974
BFGS:  187 09:16:41     -904.183289        0.045199
BFGS:  188 09:16:43     -904.187805        0.077696
BFGS:  189 09:16:45     -904.193176        0.102923
BFGS:  190 09:16:47     -904.198914        0.118419
BFGS:  191 09:16:49     -904.204834        0.128212
BFGS:  192 09:16:51     -904.211304        0.134218
BFGS:  193 09:16:53     -904.217712        0.137498
BFGS:  194 09:16:54     -904.224304        0.138735
BFGS:  195 09:16:56     -904.231018        0.138387
BFGS:  196 09:16:58     -904.237671        0.136776
BFGS:  197 09:17:00     -904.244263        0.134136
BFGS:  198 09:17:02     -904.250854        0.130671
BFGS:  199 09:17:04     -904.257202        0.126491
BFGS:  200 09:17:06     -904.263489        0.121727
BFGS:  201 09:17:08     -904.269592        0.116473
BFGS:  202 09:17:10     -904.275452        0.110780
BFGS:  203 09:17:12     -904.281128        0.104700
BFGS:  204 09:17:14     -904.286621        0.098327
BFGS:  205 09:17:16     -904.291748        0.091660
BFGS:  206 09:17:18     -904.296753        0.084737
BFGS:  207 09:17:20     -904.301453        0.077600
BFGS:  208 09:17:22     -904.305847        0.070276
BFGS:  209 09:17:23     -904.309937        0.062771
BFGS:  210 09:17:25     -904.313721        0.058775
BFGS:  211 09:17:27     -904.317261        0.055087
BFGS:  212 09:17:29     -904.320129        0.051048
BFGS:  213 09:17:31     -904.322876        0.046613
BFGS:  214 09:17:33     -904.325317        0.041714
BFGS:  215 09:17:35     -904.327209        0.036234
BFGS:  216 09:17:37     -904.328796        0.029954
BFGS:  217 09:17:39     -904.329895        0.024917
BFGS:  218 09:17:41     -904.330444        0.020863
BFGS:  219 09:17:43     -904.330872        0.017875
BFGS:  220 09:17:45     -904.331482        0.011146
BFGS:  221 09:17:47     -904.331726        0.009318
BFGS:  222 09:17:49     -904.331787        0.007530
BFGS:  223 09:17:51     -904.331787        0.005737
BFGS:  224 09:17:53     -904.331909        0.004314
BFGS:  225 09:17:55     -904.331909        0.004155
BFGS:  226 09:17:56     -904.331970        0.004096
BFGS:  227 09:17:58     -904.332031        0.003340
BFGS:  228 09:18:00     -904.332031        0.002432
BFGS:  229 09:18:02     -904.332031        0.001769
BFGS:  230 09:18:04     -904.332031        0.002031
BFGS:  231 09:18:06     -904.331970        0.001581
BFGS:  232 09:18:08     -904.332031        0.000925
BFGS:  233 09:18:10     -904.332031        0.000591
BFGS:  234 09:18:12     -904.331970        0.000654
BFGS:  235 09:18:14     -904.331970        0.000683
BFGS:  236 09:18:16     -904.332031        0.000438
BFGS:  237 09:18:18     -904.332031        0.000312
BFGS:  238 09:18:20     -904.332092        0.000354
BFGS:  239 09:18:22     -904.332092        0.000408
BFGS:  240 09:18:24     -904.332092        0.000299
BFGS:  241 09:18:25     -904.332092        0.000179
BFGS:  242 09:18:27     -904.332031        0.000141
BFGS:  243 09:18:29     -904.332031        0.000142
BFGS:  244 09:18:31     -904.332031        0.000089




Calculating E_gb....     Potential: SevenNet    GB: Sigma37(610)

      Step     Time          Energy          fmax
BFGS:    0 09:18:41 -26400795906994601984.000000             inf
BFGS:    1 09:18:47 11171598889134325760.000000             inf
BFGS:    2 09:18:49     -947.890381        0.000000




Calculating E_gb....     Potential: SevenNet    GB: Sigma13(510)

      Step     Time          Energy          fmax
BFGS:    0 09:18:59    -1858.454102        0.000086




Calculating E_gb....     Potential: SevenNet    GB: Sigma17(410)

      Step     Time          Energy          fmax
BFGS:    0 09:19:05    -1492.796387        0.000107
BFGS:    1 09:19:08    -1492.796387        0.000091




Calculating E_gb....     Potential: SevenNet    GB: Sigma5(310)

      Step     Time          Energy          fmax
BFGS:    0 09:19:13    -1195.221680        0.000096




Calculating E_gb....     Potential: SevenNet    GB: Sigma29(520)

      Step     Time          Energy          fmax
BFGS:    0 09:19:21    -1992.950195        0.000067




Calculating E_gb....     Potential: SevenNet    GB: Sigma5(210)

      Step     Time          Energy          fmax
BFGS:    0 09:19:26     -830.144409        0.000098




Calculating E_gb....     Potential: SevenNet    GB: Sigma13(320)

      Step     Time          Energy          fmax
BFGS:    0 09:19:32    -1330.666138        0.000118
BFGS:    1 09:19:35    -1330.666138        0.000094




Calculating E_gb....     Potential: SevenNet    GB: Sigma25(430)

      Step     Time          Energy          fmax
BFGS:    0 09:19:44    -1897.005005        0.000098




Calculating E_gb....     Potential: SevenNet    GB: Sigma41(540)

      Step     Time          Energy          fmax
BFGS:    0 09:19:53    -2391.531006        0.000094




Calculating E_bulk....     Potential: FeCrCoNiCu_Deluigi

      Step     Time          Energy          fmax
BFGS:    0 09:19:54     -475.199988        0.000098




Calculating E_gb....     Potential: FeCrCoNiCu_Deluigi    GB: Sigma37(610)

      Step     Time          Energy          fmax
BFGS:    0 09:19:54    -1186.259942        0.003315
BFGS:    1 09:19:54    -1186.259942        0.000318
BFGS:    2 09:19:54    -1186.259942        0.000030




Calculating E_gb....     Potential: FeCrCoNiCu_Deluigi    GB: Sigma13(510)

      Step     Time          Energy          fmax
BFGS:    0 09:19:54     -961.016108        0.000071




Calculating E_gb....     Potential: FeCrCoNiCu_Deluigi    GB: Sigma17(410)

      Step     Time          Energy          fmax
BFGS:    0 09:19:54     -765.680509        0.000022




Calculating E_gb....     Potential: FeCrCoNiCu_Deluigi    GB: Sigma5(310)

      Step     Time          Energy          fmax
BFGS:    0 09:19:54     -619.356239        0.000024




Calculating E_gb....     Potential: FeCrCoNiCu_Deluigi    GB: Sigma29(520)

      Step     Time          Energy          fmax
BFGS:    0 09:19:54    -1039.574483        0.000118
BFGS:    1 09:19:54    -1039.574483        0.000033




Calculating E_gb....     Potential: FeCrCoNiCu_Deluigi    GB: Sigma5(210)

      Step     Time          Energy          fmax
BFGS:    0 09:19:54     -429.312420        0.000000




Calculating E_gb....     Potential: FeCrCoNiCu_Deluigi    GB: Sigma13(320)

      Step     Time          Energy          fmax
BFGS:    0 09:19:54     -673.191614        0.000072




Calculating E_gb....     Potential: FeCrCoNiCu_Deluigi    GB: Sigma25(430)

      Step     Time          Energy          fmax
BFGS:    0 09:19:54     -961.823114        0.000273
BFGS:    1 09:19:54     -961.823114        0.000058




Calculating E_gb....     Potential: FeCrCoNiCu_Deluigi    GB: Sigma41(540)

      Step     Time          Energy          fmax
BFGS:    0 09:19:55    -1220.498414        0.001110
BFGS:    1 09:19:55    -1220.498414        0.000237
BFGS:    2 09:19:55    -1220.498414        0.000019




Calculating E_bulk....     Potential: FeCu_Lee

      Step     Time          Energy          fmax
BFGS:    0 09:19:55     -458.146715        0.000000




Calculating E_gb....     Potential: FeCu_Lee    GB: Sigma37(610)

      Step     Time          Energy          fmax
BFGS:    0 09:19:55    -1149.772572        0.000078




Calculating E_gb....     Potential: FeCu_Lee    GB: Sigma13(510)

      Step     Time          Energy          fmax
BFGS:    0 09:19:55     -929.049751        0.000045




Calculating E_gb....     Potential: FeCu_Lee    GB: Sigma17(410)

      Step     Time          Energy          fmax
BFGS:    0 09:19:55     -749.585244        0.000016




Calculating E_gb....     Potential: FeCu_Lee    GB: Sigma5(310)

      Step     Time          Energy          fmax
BFGS:    0 09:19:55     -600.192697        0.000009




Calculating E_gb....     Potential: FeCu_Lee    GB: Sigma29(520)

      Step     Time          Energy          fmax
BFGS:    0 09:19:55     -999.978642        0.000024




Calculating E_gb....     Potential: FeCu_Lee    GB: Sigma5(210)

      Step     Time          Energy          fmax
BFGS:    0 09:19:55     -421.685620        0.000059




Calculating E_gb....     Potential: FeCu_Lee    GB: Sigma13(320)

      Step     Time          Energy          fmax
BFGS:    0 09:19:55     -667.455780        0.000092




Calculating E_gb....     Potential: FeCu_Lee    GB: Sigma25(430)

      Step     Time          Energy          fmax
BFGS:    0 09:19:55     -950.852234        0.000010




Calculating E_gb....     Potential: FeCu_Lee    GB: Sigma41(540)

      Step     Time          Energy          fmax
BFGS:    0 09:19:55    -1208.275580        0.000009
