

Relaxation Sigma37(610), FeCrCoNiCu_Deluigi....

      Step     Time          Energy          fmax
FIRE:    0 17:36:54    -1162.234879        0.593095
FIRE:    1 17:36:54    -1162.478152        0.521354
FIRE:    2 17:36:54    -1162.857742        0.390962
FIRE:    3 17:36:54    -1163.241526        0.293499
FIRE:    4 17:36:54    -1163.550420        0.303441
FIRE:    5 17:36:54    -1163.775793        0.327311
FIRE:    6 17:36:54    -1163.956106        0.310171
FIRE:    7 17:36:54    -1164.124001        0.288602
FIRE:    8 17:36:54    -1164.290946        0.256193
FIRE:    9 17:36:54    -1164.432750        0.261394
FIRE:   10 17:36:54    -1164.549010        0.290025
FIRE:   11 17:36:54    -1164.652049        0.262820
FIRE:   12 17:36:54    -1164.755693        0.202920
FIRE:   13 17:36:54    -1164.880827        0.222861
FIRE:   14 17:36:54    -1165.025181        0.181184
FIRE:   15 17:36:54    -1165.146988        0.157529
FIRE:   16 17:36:54    -1165.221045        0.171032
FIRE:   17 17:36:54    -1165.280435        0.149770
FIRE:   18 17:36:54    -1165.340362        0.144563
FIRE:   19 17:36:54    -1165.377230        0.128232
FIRE:   20 17:36:54    -1165.395774        0.076322
FIRE:   21 17:36:54    -1165.412882        0.050562
FIRE:   22 17:36:54    -1165.420783        0.070217
FIRE:   23 17:36:54    -1165.427997        0.068638
FIRE:   24 17:36:54    -1165.436176        0.055819
FIRE:   25 17:36:54    -1165.440083        0.049858
FIRE:   26 17:36:54    -1165.441114        0.047258
FIRE:   27 17:36:54    -1165.442867        0.042356
FIRE:   28 17:36:54    -1165.444856        0.035718
FIRE:   29 17:36:54    -1165.446637        0.028155
FIRE:   30 17:36:54    -1165.447999        0.025792
FIRE:   31 17:36:54    -1165.449008        0.031626
FIRE:   32 17:36:54    -1165.449854        0.034194
FIRE:   33 17:36:54    -1165.450741        0.032662
FIRE:   34 17:36:54    -1165.451650        0.027087
FIRE:   35 17:36:54    -1165.452533        0.020039
FIRE:   36 17:36:54    -1165.453508        0.022128
FIRE:   37 17:36:54    -1165.454827        0.018333
FIRE:   38 17:36:54    -1165.456452        0.018371
FIRE:   39 17:36:54    -1165.457890        0.016962
FIRE:   40 17:36:54    -1165.459007        0.015569
FIRE:   41 17:36:54    -1165.460248        0.014709
FIRE:   42 17:36:54    -1165.461323        0.015834
FIRE:   43 17:36:54    -1165.462111        0.015022
FIRE:   44 17:36:54    -1165.462823        0.013953
FIRE:   45 17:36:54    -1165.462972        0.011313
FIRE:   46 17:36:54    -1165.463197        0.010445
FIRE:   47 17:36:54    -1165.463413        0.009319
FIRE:   48 17:36:54    -1165.463577        0.007874
FIRE:   49 17:36:54    -1165.463692        0.006765
FIRE:   50 17:36:54    -1165.463777        0.006804
FIRE:   51 17:36:54    -1165.463854        0.005167
FIRE:   52 17:36:54    -1165.463952        0.005540
FIRE:   53 17:36:54    -1165.464066        0.004382
FIRE:   54 17:36:54    -1165.464151        0.003755
FIRE:   55 17:36:54    -1165.464185        0.004686
FIRE:   56 17:36:54    -1165.464197        0.004237
FIRE:   57 17:36:54    -1165.464217        0.003727
FIRE:   58 17:36:54    -1165.464240        0.003004
FIRE:   59 17:36:54    -1165.464260        0.002216
FIRE:   60 17:36:54    -1165.464274        0.001994
FIRE:   61 17:36:54    -1165.464284        0.001737
FIRE:   62 17:36:54    -1165.464292        0.001692
FIRE:   63 17:36:54    -1165.464298        0.001630
FIRE:   64 17:36:54    -1165.464305        0.002278
FIRE:   65 17:36:54    -1165.464313        0.002520
FIRE:   66 17:36:54    -1165.464326        0.002007
FIRE:   67 17:36:54    -1165.464340        0.001896
FIRE:   68 17:36:54    -1165.464351        0.001863
FIRE:   69 17:36:54    -1165.464363        0.002097
FIRE:   70 17:36:54    -1165.464382        0.001444
FIRE:   71 17:36:54    -1165.464398        0.001397
FIRE:   72 17:36:54    -1165.464404        0.001821
FIRE:   73 17:36:54    -1165.464406        0.001202
FIRE:   74 17:36:54    -1165.464408        0.000844
FIRE:   75 17:36:54    -1165.464410        0.001226
FIRE:   76 17:36:54    -1165.464412        0.000691
FIRE:   77 17:36:54    -1165.464412        0.000643
FIRE:   78 17:36:54    -1165.464413        0.000886
FIRE:   79 17:36:54    -1165.464414        0.000683
FIRE:   80 17:36:54    -1165.464414        0.000970
FIRE:   81 17:36:54    -1165.464415        0.000768
FIRE:   82 17:36:54    -1165.464416        0.000671
FIRE:   83 17:36:54    -1165.464417        0.000649
FIRE:   84 17:36:54    -1165.464418        0.001068
FIRE:   85 17:36:54    -1165.464420        0.000456
FIRE:   86 17:36:54    -1165.464421        0.000843
FIRE:   87 17:36:54    -1165.464421        0.000356
FIRE:   88 17:36:54    -1165.464421        0.000444
FIRE:   89 17:36:54    -1165.464421        0.000762
FIRE:   90 17:36:54    -1165.464421        0.000468
FIRE:   91 17:36:54    -1165.464421        0.000208
FIRE:   92 17:36:54    -1165.464421        0.000541
FIRE:   93 17:36:54    -1165.464421        0.000370
FIRE:   94 17:36:54    -1165.464422        0.000245
FIRE:   95 17:36:54    -1165.464422        0.000497
FIRE:   96 17:36:55    -1165.464422        0.000140
FIRE:   97 17:36:55    -1165.464422        0.000449
FIRE:   98 17:36:55    -1165.464422        0.000217
FIRE:   99 17:36:55    -1165.464422        0.000366
FIRE:  100 17:36:55    -1165.464422        0.000648
FIRE:  101 17:36:55    -1165.464422        0.000259
FIRE:  102 17:36:55    -1165.464422        0.000270
FIRE:  103 17:36:55    -1165.464422        0.000227
FIRE:  104 17:36:55    -1165.464422        0.000147
FIRE:  105 17:36:55    -1165.464422        0.000085


Relaxation Sigma13(510), FeCrCoNiCu_Deluigi....

      Step     Time          Energy          fmax
FIRE:    0 17:36:55     -941.768520        0.570774
FIRE:    1 17:36:55     -941.970400        0.506820
FIRE:    2 17:36:55     -942.272320        0.391225
FIRE:    3 17:36:55     -942.554674        0.309498
FIRE:    4 17:36:55     -942.762873        0.296460
FIRE:    5 17:36:55     -942.908576        0.323042
FIRE:    6 17:36:55     -943.018941        0.295282
FIRE:    7 17:36:55     -943.107224        0.250564
FIRE:    8 17:36:55     -943.183949        0.284857
FIRE:    9 17:36:55     -943.249210        0.268421
FIRE:   10 17:36:55     -943.311348        0.278796
FIRE:   11 17:36:55     -943.379947        0.308771
FIRE:   12 17:36:55     -943.475732        0.272901
FIRE:   13 17:36:55     -943.599714        0.238833
FIRE:   14 17:36:55     -943.701933        0.183044
FIRE:   15 17:36:55     -943.769700        0.180769
FIRE:   16 17:36:55     -943.831805        0.147814
FIRE:   17 17:36:55     -943.873265        0.149892
FIRE:   18 17:36:55     -943.890354        0.110334
FIRE:   19 17:36:55     -943.910509        0.070097
FIRE:   20 17:36:55     -943.922428        0.061679
FIRE:   21 17:36:55     -943.928105        0.078308
FIRE:   22 17:36:55     -943.933382        0.077071
FIRE:   23 17:36:55     -943.937964        0.064489
FIRE:   24 17:36:55     -943.939501        0.062529
FIRE:   25 17:36:55     -943.940393        0.057513
FIRE:   26 17:36:55     -943.941986        0.052565
FIRE:   27 17:36:55     -943.943957        0.045613
FIRE:   28 17:36:55     -943.945959        0.037059
FIRE:   29 17:36:55     -943.947723        0.029407
FIRE:   30 17:36:55     -943.949129        0.026148
FIRE:   31 17:36:55     -943.950204        0.023025
FIRE:   32 17:36:55     -943.951117        0.023734
FIRE:   33 17:36:55     -943.951877        0.021971
FIRE:   34 17:36:55     -943.952481        0.018977
FIRE:   35 17:36:55     -943.953005        0.021243
FIRE:   36 17:36:55     -943.953713        0.023828
FIRE:   37 17:36:55     -943.954899        0.023694
FIRE:   38 17:36:55     -943.956452        0.016971
FIRE:   39 17:36:55     -943.957817        0.020227
FIRE:   40 17:36:55     -943.958943        0.022259
FIRE:   41 17:36:55     -943.960390        0.023729
FIRE:   42 17:36:55     -943.961998        0.018315
FIRE:   43 17:36:55     -943.963330        0.015124
FIRE:   44 17:36:55     -943.964013        0.017381
FIRE:   45 17:36:55     -943.964184        0.016458
FIRE:   46 17:36:55     -943.964435        0.014717
FIRE:   47 17:36:55     -943.964670        0.012302
FIRE:   48 17:36:55     -943.964848        0.009375
FIRE:   49 17:36:55     -943.964966        0.008212
FIRE:   50 17:36:55     -943.965038        0.006383
FIRE:   51 17:36:55     -943.965086        0.008483
FIRE:   52 17:36:55     -943.965139        0.008916
FIRE:   53 17:36:55     -943.965222        0.007297
FIRE:   54 17:36:55     -943.965318        0.006063
FIRE:   55 17:36:55     -943.965389        0.007237
FIRE:   56 17:36:55     -943.965489        0.007327
FIRE:   57 17:36:55     -943.965624        0.004400
FIRE:   58 17:36:55     -943.965710        0.005144
FIRE:   59 17:36:55     -943.965724        0.003328
FIRE:   60 17:36:55     -943.965742        0.003425
FIRE:   61 17:36:55     -943.965756        0.003476
FIRE:   62 17:36:55     -943.965769        0.003310
FIRE:   63 17:36:55     -943.965784        0.002863
FIRE:   64 17:36:55     -943.965800        0.002912
FIRE:   65 17:36:55     -943.965813        0.003140
FIRE:   66 17:36:55     -943.965825        0.002091
FIRE:   67 17:36:55     -943.965836        0.003966
FIRE:   68 17:36:55     -943.965852        0.002074
FIRE:   69 17:36:55     -943.965864        0.002967
FIRE:   70 17:36:55     -943.965873        0.002202
FIRE:   71 17:36:55     -943.965884        0.002972
FIRE:   72 17:36:55     -943.965890        0.002414
FIRE:   73 17:36:55     -943.965892        0.001754
FIRE:   74 17:36:55     -943.965895        0.001502
FIRE:   75 17:36:55     -943.965898        0.001973
FIRE:   76 17:36:55     -943.965899        0.001923
FIRE:   77 17:36:55     -943.965902        0.001520
FIRE:   78 17:36:55     -943.965905        0.001437
FIRE:   79 17:36:55     -943.965907        0.001379
FIRE:   80 17:36:55     -943.965910        0.000776
FIRE:   81 17:36:55     -943.965912        0.001564
FIRE:   82 17:36:55     -943.965914        0.001205
FIRE:   83 17:36:55     -943.965917        0.000869
FIRE:   84 17:36:55     -943.965918        0.001089
FIRE:   85 17:36:55     -943.965919        0.000905
FIRE:   86 17:36:55     -943.965920        0.000757
FIRE:   87 17:36:55     -943.965920        0.000555
FIRE:   88 17:36:55     -943.965921        0.000531
FIRE:   89 17:36:55     -943.965921        0.000541
FIRE:   90 17:36:55     -943.965922        0.000530
FIRE:   91 17:36:55     -943.965922        0.000537
FIRE:   92 17:36:55     -943.965923        0.000476
FIRE:   93 17:36:55     -943.965923        0.000428
FIRE:   94 17:36:55     -943.965924        0.000357
FIRE:   95 17:36:55     -943.965924        0.000421
FIRE:   96 17:36:55     -943.965925        0.000328
FIRE:   97 17:36:55     -943.965925        0.000205
FIRE:   98 17:36:55     -943.965925        0.000435
FIRE:   99 17:36:55     -943.965925        0.000236
FIRE:  100 17:36:55     -943.965926        0.000412
FIRE:  101 17:36:55     -943.965926        0.000315
FIRE:  102 17:36:55     -943.965926        0.000257
FIRE:  103 17:36:55     -943.965926        0.000240
FIRE:  104 17:36:55     -943.965926        0.000228
FIRE:  105 17:36:55     -943.965926        0.000259
FIRE:  106 17:36:55     -943.965926        0.000255
FIRE:  107 17:36:55     -943.965926        0.000274
FIRE:  108 17:36:55     -943.965926        0.000297
FIRE:  109 17:36:55     -943.965926        0.000325
FIRE:  110 17:36:55     -943.965927        0.000362
FIRE:  111 17:36:55     -943.965927        0.000415
FIRE:  112 17:36:55     -943.965927        0.000491
FIRE:  113 17:36:55     -943.965927        0.000589
FIRE:  114 17:36:55     -943.965928        0.000723
FIRE:  115 17:36:55     -943.965928        0.000909
FIRE:  116 17:36:55     -943.965929        0.001168
FIRE:  117 17:36:55     -943.965932        0.001541
FIRE:  118 17:36:55     -943.965936        0.002089
FIRE:  119 17:36:55     -943.965944        0.002917
FIRE:  120 17:36:55     -943.965963        0.004206
FIRE:  121 17:36:55     -943.966002        0.006287
FIRE:  122 17:36:55     -943.965880        0.039459
FIRE:  123 17:36:55     -943.965878        0.040860
FIRE:  124 17:36:55     -943.966080        0.019952
FIRE:  125 17:36:55     -943.966132        0.011752
FIRE:  126 17:36:55     -943.966138        0.010523
FIRE:  127 17:36:55     -943.966148        0.010590
FIRE:  128 17:36:55     -943.966158        0.010692
FIRE:  129 17:36:55     -943.966166        0.010831
FIRE:  130 17:36:55     -943.966172        0.011011
FIRE:  131 17:36:55     -943.966177        0.011223
FIRE:  132 17:36:55     -943.966187        0.011463
FIRE:  133 17:36:55     -943.966202        0.011756
FIRE:  134 17:36:55     -943.966224        0.012119
FIRE:  135 17:36:55     -943.966249        0.012577
FIRE:  136 17:36:55     -943.966279        0.013164
FIRE:  137 17:36:55     -943.966317        0.013912
FIRE:  138 17:36:55     -943.966375        0.014857
FIRE:  139 17:36:55     -943.966453        0.016060
FIRE:  140 17:36:55     -943.966555        0.017602
FIRE:  141 17:36:55     -943.966705        0.019576
FIRE:  142 17:36:55     -943.966924        0.022118
FIRE:  143 17:36:55     -943.967245        0.025443
FIRE:  144 17:36:55     -943.967746        0.029734
FIRE:  145 17:36:55     -943.968531        0.035177
FIRE:  146 17:36:55     -943.969812        0.041987
FIRE:  147 17:36:55     -943.971944        0.050440
FIRE:  148 17:36:55     -943.975548        0.059564
FIRE:  149 17:36:55     -943.981598        0.066779
FIRE:  150 17:36:55     -943.991239        0.068334
FIRE:  151 17:36:55     -944.003806        0.108743
FIRE:  152 17:36:55     -943.991783        0.496097
FIRE:  153 17:36:55     -944.015112        0.238434
FIRE:  154 17:36:55     -944.019202        0.150170
FIRE:  155 17:36:55     -944.022155        0.043068
FIRE:  156 17:36:55     -944.020944        0.133240
FIRE:  157 17:36:55     -944.021308        0.121225
FIRE:  158 17:36:55     -944.021918        0.098434
FIRE:  159 17:36:55     -944.022579        0.067395
FIRE:  160 17:36:55     -944.023099        0.043893
FIRE:  161 17:36:55     -944.023371        0.043336
FIRE:  162 17:36:56     -944.023449        0.047617
FIRE:  163 17:36:56     -944.023468        0.046735
FIRE:  164 17:36:56     -944.023505        0.045003
FIRE:  165 17:36:56     -944.023558        0.042943
FIRE:  166 17:36:56     -944.023625        0.042993
FIRE:  167 17:36:56     -944.023703        0.043053
FIRE:  168 17:36:56     -944.023790        0.043119
FIRE:  169 17:36:56     -944.023882        0.043189
FIRE:  170 17:36:56     -944.023988        0.043266
FIRE:  171 17:36:56     -944.024108        0.043346
FIRE:  172 17:36:56     -944.024245        0.043419
FIRE:  173 17:36:56     -944.024404        0.043472
FIRE:  174 17:36:56     -944.024595        0.043484
FIRE:  175 17:36:56     -944.024833        0.043430
FIRE:  176 17:36:56     -944.025136        0.043279
FIRE:  177 17:36:56     -944.025517        0.043001
FIRE:  178 17:36:56     -944.025981        0.042566
FIRE:  179 17:36:56     -944.026525        0.041955
FIRE:  180 17:36:56     -944.027151        0.041154
FIRE:  181 17:36:56     -944.027889        0.040159
FIRE:  182 17:36:56     -944.028777        0.038939
FIRE:  183 17:36:56     -944.029820        0.037366
FIRE:  184 17:36:56     -944.030993        0.035192
FIRE:  185 17:36:56     -944.032317        0.032014
FIRE:  186 17:36:56     -944.033804        0.027483
FIRE:  187 17:36:56     -944.035375        0.021534
FIRE:  188 17:36:56     -944.037010        0.014422
FIRE:  189 17:36:56     -944.038589        0.013735
FIRE:  190 17:36:56     -944.040032        0.010642
FIRE:  191 17:36:56     -944.041235        0.013001
FIRE:  192 17:36:56     -944.042209        0.019780
FIRE:  193 17:36:56     -944.043052        0.024206
FIRE:  194 17:36:56     -944.043894        0.031910
FIRE:  195 17:36:56     -944.044560        0.085338
FIRE:  196 17:36:56     -944.045212        0.019667
FIRE:  197 17:36:56     -944.045088        0.067409
FIRE:  198 17:36:56     -944.045257        0.052033
FIRE:  199 17:36:56     -944.045473        0.024837
FIRE:  200 17:36:56     -944.045600        0.018184
FIRE:  201 17:36:56     -944.045624        0.034663
FIRE:  202 17:36:56     -944.045639        0.032801
FIRE:  203 17:36:56     -944.045666        0.029186
FIRE:  204 17:36:56     -944.045703        0.024037
FIRE:  205 17:36:56     -944.045744        0.017692
FIRE:  206 17:36:56     -944.045786        0.017443
FIRE:  207 17:36:56     -944.045826        0.017193
FIRE:  208 17:36:56     -944.045865        0.016923
FIRE:  209 17:36:56     -944.045909        0.016612
FIRE:  210 17:36:56     -944.045963        0.016264
FIRE:  211 17:36:56     -944.046034        0.016266
FIRE:  212 17:36:56     -944.046128        0.015471
FIRE:  213 17:36:56     -944.046246        0.015016
FIRE:  214 17:36:56     -944.046382        0.014486
FIRE:  215 17:36:56     -944.046530        0.013824
FIRE:  216 17:36:56     -944.046697        0.013629
FIRE:  217 17:36:56     -944.046898        0.012193
FIRE:  218 17:36:56     -944.047130        0.010320
FIRE:  219 17:36:56     -944.047370        0.008808
FIRE:  220 17:36:56     -944.047627        0.010972
FIRE:  221 17:36:56     -944.047903        0.004607
FIRE:  222 17:36:56     -944.048162        0.011112
FIRE:  223 17:36:56     -944.048423        0.003789
FIRE:  224 17:36:56     -944.048647        0.011986
FIRE:  225 17:36:56     -944.048858        0.006958
FIRE:  226 17:36:56     -944.049047        0.007255
FIRE:  227 17:36:56     -944.049228        0.011715
FIRE:  228 17:36:56     -944.049418        0.021037
FIRE:  229 17:36:56     -944.049620        0.032554
FIRE:  230 17:36:56     -944.049707        0.007910
FIRE:  231 17:36:56     -944.049710        0.022063
FIRE:  232 17:36:56     -944.049725        0.017884
FIRE:  233 17:36:56     -944.049747        0.010344
FIRE:  234 17:36:56     -944.049766        0.007341
FIRE:  235 17:36:56     -944.049777        0.007644
FIRE:  236 17:36:56     -944.049787        0.013242
FIRE:  237 17:36:56     -944.049805        0.014747
FIRE:  238 17:36:56     -944.049833        0.012186
FIRE:  239 17:36:56     -944.049869        0.006465
FIRE:  240 17:36:56     -944.049904        0.006038
FIRE:  241 17:36:56     -944.049937        0.010572
FIRE:  242 17:36:56     -944.049983        0.010861
FIRE:  243 17:36:56     -944.050042        0.004630
FIRE:  244 17:36:56     -944.050097        0.008101
FIRE:  245 17:36:56     -944.050158        0.009499
FIRE:  246 17:36:56     -944.050230        0.002349
FIRE:  247 17:36:56     -944.050293        0.009173
FIRE:  248 17:36:56     -944.050364        0.002755
FIRE:  249 17:36:56     -944.050426        0.006355
FIRE:  250 17:36:56     -944.050483        0.010126
FIRE:  251 17:36:56     -944.050544        0.006981
FIRE:  252 17:36:56     -944.050606        0.005156
FIRE:  253 17:36:56     -944.050674        0.008930
FIRE:  254 17:36:56     -944.050713        0.025962
FIRE:  255 17:36:56     -944.050767        0.002533
FIRE:  256 17:36:56     -944.050736        0.023305
FIRE:  257 17:36:56     -944.050755        0.017395
FIRE:  258 17:36:56     -944.050775        0.007082
FIRE:  259 17:36:56     -944.050781        0.004911
FIRE:  260 17:36:56     -944.050781        0.004607
FIRE:  261 17:36:56     -944.050782        0.004022
FIRE:  262 17:36:56     -944.050783        0.003195
FIRE:  263 17:36:56     -944.050784        0.002262
FIRE:  264 17:36:56     -944.050786        0.002229
FIRE:  265 17:36:56     -944.050787        0.002192
FIRE:  266 17:36:56     -944.050788        0.002153
FIRE:  267 17:36:56     -944.050790        0.002109
FIRE:  268 17:36:56     -944.050793        0.002337
FIRE:  269 17:36:56     -944.050796        0.002403
FIRE:  270 17:36:56     -944.050799        0.001947
FIRE:  271 17:36:56     -944.050804        0.001881
FIRE:  272 17:36:56     -944.050809        0.001801
FIRE:  273 17:36:56     -944.050815        0.001727
FIRE:  274 17:36:56     -944.050823        0.002038
FIRE:  275 17:36:56     -944.050831        0.001387
FIRE:  276 17:36:56     -944.050841        0.001251
FIRE:  277 17:36:56     -944.050852        0.001686
FIRE:  278 17:36:56     -944.050865        0.001113
FIRE:  279 17:36:56     -944.050878        0.001405
FIRE:  280 17:36:56     -944.050892        0.001092
FIRE:  281 17:36:56     -944.050906        0.001594
FIRE:  282 17:36:56     -944.050920        0.000690
FIRE:  283 17:36:56     -944.050935        0.001716
FIRE:  284 17:36:56     -944.050950        0.002777
FIRE:  285 17:36:56     -944.050965        0.003605
FIRE:  286 17:36:56     -944.050981        0.005403
FIRE:  287 17:36:56     -944.050993        0.010479
FIRE:  288 17:36:56     -944.051001        0.001431
FIRE:  289 17:36:56     -944.050998        0.008448
FIRE:  290 17:36:56     -944.051000        0.006628
FIRE:  291 17:36:56     -944.051003        0.003386
FIRE:  292 17:36:56     -944.051004        0.001026
FIRE:  293 17:36:56     -944.051004        0.003855
FIRE:  294 17:36:56     -944.051004        0.003647
FIRE:  295 17:36:56     -944.051004        0.003241
FIRE:  296 17:36:56     -944.051004        0.002662
FIRE:  297 17:36:56     -944.051005        0.001943
FIRE:  298 17:36:56     -944.051005        0.001134
FIRE:  299 17:36:56     -944.051005        0.000983
FIRE:  300 17:36:56     -944.051006        0.000985
FIRE:  301 17:36:56     -944.051006        0.001221
FIRE:  302 17:36:56     -944.051006        0.001757
FIRE:  303 17:36:56     -944.051007        0.002024
FIRE:  304 17:36:56     -944.051007        0.001924
FIRE:  305 17:36:56     -944.051008        0.001403
FIRE:  306 17:36:56     -944.051009        0.000871
FIRE:  307 17:36:56     -944.051010        0.000822
FIRE:  308 17:36:56     -944.051012        0.001398
FIRE:  309 17:36:56     -944.051013        0.001490
FIRE:  310 17:36:56     -944.051015        0.000673
FIRE:  311 17:36:56     -944.051017        0.000707
FIRE:  312 17:36:56     -944.051019        0.001397
FIRE:  313 17:36:56     -944.051022        0.000589
FIRE:  314 17:36:56     -944.051024        0.001075
FIRE:  315 17:36:56     -944.051027        0.000897
FIRE:  316 17:36:56     -944.051030        0.001192
FIRE:  317 17:36:56     -944.051034        0.000430
FIRE:  318 17:36:56     -944.051037        0.001735
FIRE:  319 17:36:56     -944.051040        0.001513
FIRE:  320 17:36:56     -944.051044        0.000988
FIRE:  321 17:36:56     -944.051048        0.001221
FIRE:  322 17:36:56     -944.051051        0.003369
FIRE:  323 17:36:56     -944.051050        0.009844
FIRE:  324 17:36:56     -944.051057        0.000851
FIRE:  325 17:36:56     -944.051057        0.000633
FIRE:  326 17:36:56     -944.051057        0.000308
FIRE:  327 17:36:56     -944.051057        0.000305
FIRE:  328 17:36:56     -944.051057        0.000466
FIRE:  329 17:36:56     -944.051057        0.000552
FIRE:  330 17:36:56     -944.051057        0.000404
FIRE:  331 17:36:56     -944.051057        0.000286
FIRE:  332 17:36:56     -944.051058        0.000303
FIRE:  333 17:36:56     -944.051058        0.000491
FIRE:  334 17:36:56     -944.051058        0.000329
FIRE:  335 17:36:56     -944.051059        0.000245
FIRE:  336 17:36:56     -944.051059        0.000392
FIRE:  337 17:36:56     -944.051060        0.000210
FIRE:  338 17:36:57     -944.051060        0.000425
FIRE:  339 17:36:57     -944.051061        0.000163
FIRE:  340 17:36:57     -944.051061        0.000335
FIRE:  341 17:36:57     -944.051062        0.000557
FIRE:  342 17:36:57     -944.051063        0.000609
FIRE:  343 17:36:57     -944.051063        0.000815
FIRE:  344 17:36:57     -944.051064        0.001573
FIRE:  345 17:36:57     -944.051064        0.003548
FIRE:  346 17:36:57     -944.051064        0.000156
FIRE:  347 17:36:57     -944.051064        0.003205
FIRE:  348 17:36:57     -944.051064        0.002426
FIRE:  349 17:36:57     -944.051065        0.001059
FIRE:  350 17:36:57     -944.051065        0.000555
FIRE:  351 17:36:57     -944.051065        0.000521
FIRE:  352 17:36:57     -944.051065        0.000454
FIRE:  353 17:36:57     -944.051065        0.000359
FIRE:  354 17:36:57     -944.051065        0.000243
FIRE:  355 17:36:57     -944.051065        0.000146
FIRE:  356 17:36:57     -944.051065        0.000140
FIRE:  357 17:36:57     -944.051065        0.000137
FIRE:  358 17:36:57     -944.051065        0.000231
FIRE:  359 17:36:57     -944.051065        0.000293
FIRE:  360 17:36:57     -944.051065        0.000307
FIRE:  361 17:36:57     -944.051065        0.000262
FIRE:  362 17:36:57     -944.051065        0.000154
FIRE:  363 17:36:57     -944.051065        0.000126
FIRE:  364 17:36:57     -944.051065        0.000159
FIRE:  365 17:36:57     -944.051065        0.000224
FIRE:  366 17:36:57     -944.051065        0.000155
FIRE:  367 17:36:57     -944.051065        0.000101
FIRE:  368 17:36:57     -944.051065        0.000198
FIRE:  369 17:36:57     -944.051065        0.000158
FIRE:  370 17:36:57     -944.051065        0.000086


Relaxation Sigma17(410), FeCrCoNiCu_Deluigi....

      Step     Time          Energy          fmax
FIRE:    0 17:36:57     -756.574782        0.580817
FIRE:    1 17:36:57     -756.720186        0.517440
FIRE:    2 17:36:57     -756.928180        0.400889
FIRE:    3 17:36:57     -757.107701        0.302105
FIRE:    4 17:36:57     -757.230442        0.341708
FIRE:    5 17:36:57     -757.317048        0.308725
FIRE:    6 17:36:57     -757.384999        0.249687
FIRE:    7 17:36:57     -757.437069        0.310262
FIRE:    8 17:36:57     -757.472724        0.275631
FIRE:    9 17:36:57     -757.480406        0.265139
FIRE:   10 17:36:57     -757.494383        0.244818
FIRE:   11 17:36:57     -757.512255        0.215939
FIRE:   12 17:36:57     -757.531258        0.180250
FIRE:   13 17:36:57     -757.549014        0.140006
FIRE:   14 17:36:57     -757.564155        0.098164
FIRE:   15 17:36:57     -757.576551        0.102779
FIRE:   16 17:36:57     -757.587944        0.108204
FIRE:   17 17:36:57     -757.598944        0.091293
FIRE:   18 17:36:57     -757.610151        0.084603
FIRE:   19 17:36:57     -757.622170        0.098658
FIRE:   20 17:36:57     -757.636245        0.105100
FIRE:   21 17:36:57     -757.654253        0.095480
FIRE:   22 17:36:57     -757.676941        0.094674
FIRE:   23 17:36:57     -757.702261        0.088501
FIRE:   24 17:36:57     -757.727618        0.068725
FIRE:   25 17:36:57     -757.753576        0.072731
FIRE:   26 17:36:57     -757.781300        0.066316
FIRE:   27 17:36:57     -757.808824        0.054581
FIRE:   28 17:36:57     -757.832520        0.066809
FIRE:   29 17:36:57     -757.849267        0.052965
FIRE:   30 17:36:57     -757.864531        0.048695
FIRE:   31 17:36:57     -757.874252        0.071139
FIRE:   32 17:36:57     -757.875636        0.043968
FIRE:   33 17:36:57     -757.876789        0.015527
FIRE:   34 17:36:57     -757.876938        0.031460
FIRE:   35 17:36:57     -757.877059        0.027659
FIRE:   36 17:36:57     -757.877252        0.020606
FIRE:   37 17:36:57     -757.877441        0.015077
FIRE:   38 17:36:57     -757.877560        0.008869
FIRE:   39 17:36:57     -757.877592        0.010031
FIRE:   40 17:36:57     -757.877597        0.009668
FIRE:   41 17:36:57     -757.877605        0.009004
FIRE:   42 17:36:57     -757.877617        0.008282
FIRE:   43 17:36:57     -757.877631        0.007364
FIRE:   44 17:36:57     -757.877647        0.006597
FIRE:   45 17:36:57     -757.877663        0.006378
FIRE:   46 17:36:57     -757.877680        0.006160
FIRE:   47 17:36:57     -757.877698        0.005930
FIRE:   48 17:36:57     -757.877717        0.005696
FIRE:   49 17:36:57     -757.877738        0.005455
FIRE:   50 17:36:57     -757.877761        0.006031
FIRE:   51 17:36:57     -757.877789        0.005867
FIRE:   52 17:36:57     -757.877821        0.004732
FIRE:   53 17:36:57     -757.877856        0.004639
FIRE:   54 17:36:57     -757.877891        0.003934
FIRE:   55 17:36:57     -757.877923        0.002599
FIRE:   56 17:36:57     -757.877951        0.003520
FIRE:   57 17:36:57     -757.877977        0.002788
FIRE:   58 17:36:57     -757.878002        0.002878
FIRE:   59 17:36:57     -757.878025        0.003592
FIRE:   60 17:36:57     -757.878048        0.004109
FIRE:   61 17:36:57     -757.878077        0.004148
FIRE:   62 17:36:57     -757.878115        0.003731
FIRE:   63 17:36:57     -757.878159        0.003104
FIRE:   64 17:36:57     -757.878207        0.002661
FIRE:   65 17:36:57     -757.878247        0.002000
FIRE:   66 17:36:57     -757.878270        0.004177
FIRE:   67 17:36:57     -757.878276        0.002045
FIRE:   68 17:36:57     -757.878280        0.001800
FIRE:   69 17:36:57     -757.878284        0.001609
FIRE:   70 17:36:57     -757.878288        0.001831
FIRE:   71 17:36:57     -757.878292        0.001289
FIRE:   72 17:36:57     -757.878296        0.000841
FIRE:   73 17:36:57     -757.878298        0.001200
FIRE:   74 17:36:57     -757.878299        0.000841
FIRE:   75 17:36:57     -757.878300        0.000974
FIRE:   76 17:36:57     -757.878300        0.000864
FIRE:   77 17:36:57     -757.878300        0.000667
FIRE:   78 17:36:57     -757.878301        0.000528
FIRE:   79 17:36:57     -757.878301        0.000517
FIRE:   80 17:36:57     -757.878301        0.000517
FIRE:   81 17:36:57     -757.878302        0.000543
FIRE:   82 17:36:57     -757.878302        0.000478
FIRE:   83 17:36:57     -757.878302        0.000425
FIRE:   84 17:36:57     -757.878303        0.000364
FIRE:   85 17:36:57     -757.878303        0.000424
FIRE:   86 17:36:57     -757.878304        0.000396
FIRE:   87 17:36:57     -757.878304        0.000377
FIRE:   88 17:36:57     -757.878305        0.000357
FIRE:   89 17:36:57     -757.878305        0.000387
FIRE:   90 17:36:57     -757.878306        0.000393
FIRE:   91 17:36:57     -757.878307        0.000341
FIRE:   92 17:36:57     -757.878308        0.000333
FIRE:   93 17:36:57     -757.878309        0.000337
FIRE:   94 17:36:57     -757.878309        0.000492
FIRE:   95 17:36:57     -757.878310        0.000574
FIRE:   96 17:36:57     -757.878310        0.000288
FIRE:   97 17:36:57     -757.878310        0.000230
FIRE:   98 17:36:57     -757.878310        0.000405
FIRE:   99 17:36:57     -757.878310        0.000384
FIRE:  100 17:36:57     -757.878310        0.000126
FIRE:  101 17:36:57     -757.878310        0.000294
FIRE:  102 17:36:57     -757.878310        0.000305
FIRE:  103 17:36:57     -757.878310        0.000146
FIRE:  104 17:36:57     -757.878310        0.000224
FIRE:  105 17:36:57     -757.878310        0.000292
FIRE:  106 17:36:57     -757.878310        0.000200
FIRE:  107 17:36:57     -757.878310        0.000274
FIRE:  108 17:36:57     -757.878310        0.000170
FIRE:  109 17:36:57     -757.878310        0.000166
FIRE:  110 17:36:57     -757.878310        0.000335
FIRE:  111 17:36:57     -757.878310        0.000138
FIRE:  112 17:36:57     -757.878310        0.000156
FIRE:  113 17:36:57     -757.878310        0.000131
FIRE:  114 17:36:57     -757.878310        0.000085


Relaxation Sigma5(310), FeCrCoNiCu_Deluigi....

      Step     Time          Energy          fmax
FIRE:    0 17:36:57     -606.619028        0.604543
FIRE:    1 17:36:57     -606.715734        0.531974
FIRE:    2 17:36:57     -606.856869        0.397970
FIRE:    3 17:36:57     -606.980239        0.292788
FIRE:    4 17:36:57     -607.056701        0.196420
FIRE:    5 17:36:57     -607.096150        0.226949
FIRE:    6 17:36:57     -607.121903        0.280951
FIRE:    7 17:36:57     -607.145344        0.306317
FIRE:    8 17:36:57     -607.163977        0.237458
FIRE:    9 17:36:57     -607.169521        0.228739
FIRE:   10 17:36:57     -607.179635        0.211767
FIRE:   11 17:36:57     -607.192616        0.187427
FIRE:   12 17:36:57     -607.206455        0.156959
FIRE:   13 17:36:57     -607.219316        0.121922
FIRE:   14 17:36:57     -607.229953        0.084343
FIRE:   15 17:36:57     -607.237944        0.077470
FIRE:   16 17:36:57     -607.244125        0.078486
FIRE:   17 17:36:57     -607.248855        0.076978
FIRE:   18 17:36:57     -607.253043        0.075032
FIRE:   19 17:36:57     -607.257940        0.094780
FIRE:   20 17:36:57     -607.264939        0.113245
FIRE:   21 17:36:57     -607.275100        0.118652
FIRE:   22 17:36:57     -607.288250        0.109434
FIRE:   23 17:36:57     -607.302483        0.085323
FIRE:   24 17:36:57     -607.316029        0.074792
FIRE:   25 17:36:57     -607.330517        0.085455
FIRE:   26 17:36:57     -607.347873        0.061177
FIRE:   27 17:36:57     -607.364643        0.066658
FIRE:   28 17:36:57     -607.379830        0.054361
FIRE:   29 17:36:57     -607.394655        0.065316
FIRE:   30 17:36:58     -607.408658        0.047326
FIRE:   31 17:36:58     -607.418131        0.056408
FIRE:   32 17:36:58     -607.425937        0.046366
FIRE:   33 17:36:58     -607.426371        0.060483
FIRE:   34 17:36:58     -607.428517        0.029143
FIRE:   35 17:36:58     -607.429978        0.044652
FIRE:   36 17:36:58     -607.430179        0.042361
FIRE:   37 17:36:58     -607.430331        0.033967
FIRE:   38 17:36:58     -607.430549        0.019317
FIRE:   39 17:36:58     -607.430720        0.008711
FIRE:   40 17:36:58     -607.430789        0.015782
FIRE:   41 17:36:58     -607.430795        0.022977
FIRE:   42 17:36:58     -607.430806        0.021681
FIRE:   43 17:36:58     -607.430824        0.019164
FIRE:   44 17:36:58     -607.430848        0.015572
FIRE:   45 17:36:58     -607.430872        0.011125
FIRE:   46 17:36:58     -607.430894        0.006797
FIRE:   47 17:36:58     -607.430911        0.005721
FIRE:   48 17:36:58     -607.430921        0.004641
FIRE:   49 17:36:58     -607.430928        0.008222
FIRE:   50 17:36:58     -607.430934        0.011213
FIRE:   51 17:36:58     -607.430945        0.012453
FIRE:   52 17:36:58     -607.430963        0.011570
FIRE:   53 17:36:58     -607.430989        0.008504
FIRE:   54 17:36:58     -607.431018        0.004557
FIRE:   55 17:36:58     -607.431045        0.005070
FIRE:   56 17:36:58     -607.431068        0.008470
FIRE:   57 17:36:58     -607.431095        0.008374
FIRE:   58 17:36:58     -607.431129        0.004013
FIRE:   59 17:36:58     -607.431161        0.003822
FIRE:   60 17:36:58     -607.431195        0.007243
FIRE:   61 17:36:58     -607.431237        0.003548
FIRE:   62 17:36:58     -607.431270        0.006444
FIRE:   63 17:36:58     -607.431307        0.006754
FIRE:   64 17:36:58     -607.431339        0.004376
FIRE:   65 17:36:58     -607.431356        0.005544
FIRE:   66 17:36:58     -607.431362        0.007079
FIRE:   67 17:36:58     -607.431367        0.003979
FIRE:   68 17:36:58     -607.431370        0.000855
FIRE:   69 17:36:58     -607.431370        0.000772
FIRE:   70 17:36:58     -607.431370        0.000753
FIRE:   71 17:36:58     -607.431371        0.000724
FIRE:   72 17:36:58     -607.431371        0.000687
FIRE:   73 17:36:58     -607.431371        0.000659
FIRE:   74 17:36:58     -607.431372        0.000642
FIRE:   75 17:36:58     -607.431372        0.000617
FIRE:   76 17:36:58     -607.431373        0.000577
FIRE:   77 17:36:58     -607.431373        0.000519
FIRE:   78 17:36:58     -607.431374        0.000440
FIRE:   79 17:36:58     -607.431374        0.000440
FIRE:   80 17:36:58     -607.431375        0.000507
FIRE:   81 17:36:58     -607.431376        0.000375
FIRE:   82 17:36:58     -607.431376        0.000387
FIRE:   83 17:36:58     -607.431377        0.000456
FIRE:   84 17:36:58     -607.431378        0.000490
FIRE:   85 17:36:58     -607.431379        0.000469
FIRE:   86 17:36:58     -607.431380        0.000417
FIRE:   87 17:36:58     -607.431381        0.000349
FIRE:   88 17:36:58     -607.431382        0.000302
FIRE:   89 17:36:58     -607.431383        0.000367
FIRE:   90 17:36:58     -607.431384        0.000323
FIRE:   91 17:36:58     -607.431385        0.000253
FIRE:   92 17:36:58     -607.431385        0.000248
FIRE:   93 17:36:58     -607.431385        0.000854
FIRE:   94 17:36:58     -607.431385        0.000142
FIRE:   95 17:36:58     -607.431385        0.000713
FIRE:   96 17:36:58     -607.431385        0.000566
FIRE:   97 17:36:58     -607.431385        0.000303
FIRE:   98 17:36:58     -607.431385        0.000103
FIRE:   99 17:36:58     -607.431385        0.000295
FIRE:  100 17:36:58     -607.431385        0.000279
FIRE:  101 17:36:58     -607.431385        0.000248
FIRE:  102 17:36:58     -607.431385        0.000203
FIRE:  103 17:36:58     -607.431386        0.000148
FIRE:  104 17:36:58     -607.431386        0.000086


Relaxation Sigma29(520), FeCrCoNiCu_Deluigi....

      Step     Time          Energy          fmax
FIRE:    0 17:36:58    -1007.450613        0.608109
FIRE:    1 17:36:58    -1007.633806        0.531532
FIRE:    2 17:36:58    -1007.911383        0.391564
FIRE:    3 17:36:58    -1008.172185        0.342830
FIRE:    4 17:36:58    -1008.356667        0.261708
FIRE:    5 17:36:58    -1008.475378        0.254326
FIRE:    6 17:36:58    -1008.564435        0.299331
FIRE:    7 17:36:58    -1008.639074        0.330263
FIRE:    8 17:36:58    -1008.692061        0.264160
FIRE:    9 17:36:58    -1008.701694        0.255782
FIRE:   10 17:36:58    -1008.719435        0.239488
FIRE:   11 17:36:58    -1008.742607        0.216130
FIRE:   12 17:36:58    -1008.768036        0.186883
FIRE:   13 17:36:58    -1008.792815        0.153136
FIRE:   14 17:36:58    -1008.814972        0.127445
FIRE:   15 17:36:58    -1008.833847        0.103879
FIRE:   16 17:36:58    -1008.851540        0.088012
FIRE:   17 17:36:58    -1008.868905        0.092627
FIRE:   18 17:36:58    -1008.887534        0.101515
FIRE:   19 17:36:58    -1008.909197        0.101299
FIRE:   20 17:36:58    -1008.935235        0.088580
FIRE:   21 17:36:58    -1008.965899        0.084434
FIRE:   22 17:36:58    -1008.999967        0.085283
FIRE:   23 17:36:58    -1009.036222        0.092559
FIRE:   24 17:36:58    -1009.076289        0.091527
FIRE:   25 17:36:58    -1009.122026        0.079587
FIRE:   26 17:36:58    -1009.168636        0.050690
FIRE:   27 17:36:58    -1009.208200        0.059283
FIRE:   28 17:36:58    -1009.239976        0.064889
FIRE:   29 17:36:58    -1009.266966        0.058943
FIRE:   30 17:36:58    -1009.285225        0.062244
FIRE:   31 17:36:58    -1009.293451        0.044264
FIRE:   32 17:36:58    -1009.295042        0.032313
FIRE:   33 17:36:58    -1009.296855        0.021265
FIRE:   34 17:36:58    -1009.297843        0.023088
FIRE:   35 17:36:58    -1009.298195        0.023917
FIRE:   36 17:36:58    -1009.298308        0.021818
FIRE:   37 17:36:58    -1009.298500        0.017877
FIRE:   38 17:36:58    -1009.298719        0.012901
FIRE:   39 17:36:58    -1009.298912        0.010100
FIRE:   40 17:36:58    -1009.299054        0.012335
FIRE:   41 17:36:58    -1009.299155        0.013088
FIRE:   42 17:36:58    -1009.299243        0.012095
FIRE:   43 17:36:58    -1009.299355        0.009462
FIRE:   44 17:36:58    -1009.299502        0.009142
FIRE:   45 17:36:58    -1009.299674        0.009747
FIRE:   46 17:36:58    -1009.299861        0.010881
FIRE:   47 17:36:58    -1009.300075        0.009681
FIRE:   48 17:36:58    -1009.300318        0.007746
FIRE:   49 17:36:58    -1009.300534        0.007039
FIRE:   50 17:36:58    -1009.300697        0.007875
FIRE:   51 17:36:58    -1009.300896        0.009466
FIRE:   52 17:36:58    -1009.301097        0.007601
FIRE:   53 17:36:58    -1009.301226        0.005770
FIRE:   54 17:36:58    -1009.301289        0.006415
FIRE:   55 17:36:58    -1009.301307        0.005403
FIRE:   56 17:36:58    -1009.301331        0.003576
FIRE:   57 17:36:58    -1009.301348        0.002062
FIRE:   58 17:36:58    -1009.301355        0.003267
FIRE:   59 17:36:58    -1009.301356        0.003148
FIRE:   60 17:36:58    -1009.301358        0.002919
FIRE:   61 17:36:58    -1009.301360        0.002596
FIRE:   62 17:36:58    -1009.301363        0.002202
FIRE:   63 17:36:58    -1009.301365        0.001771
FIRE:   64 17:36:58    -1009.301367        0.001445
FIRE:   65 17:36:58    -1009.301369        0.001423
FIRE:   66 17:36:58    -1009.301371        0.001388
FIRE:   67 17:36:58    -1009.301374        0.001535
FIRE:   68 17:36:58    -1009.301378        0.001589
FIRE:   69 17:36:58    -1009.301382        0.001510
FIRE:   70 17:36:58    -1009.301386        0.001260
FIRE:   71 17:36:58    -1009.301390        0.001110
FIRE:   72 17:36:58    -1009.301394        0.001275
FIRE:   73 17:36:58    -1009.301398        0.001119
FIRE:   74 17:36:58    -1009.301401        0.000799
FIRE:   75 17:36:58    -1009.301402        0.000827
FIRE:   76 17:36:58    -1009.301403        0.000765
FIRE:   77 17:36:58    -1009.301403        0.000684
FIRE:   78 17:36:58    -1009.301403        0.000534
FIRE:   79 17:36:58    -1009.301403        0.000347
FIRE:   80 17:36:58    -1009.301403        0.000319
FIRE:   81 17:36:58    -1009.301404        0.000287
FIRE:   82 17:36:58    -1009.301404        0.000336
FIRE:   83 17:36:58    -1009.301404        0.000375
FIRE:   84 17:36:58    -1009.301404        0.000341
FIRE:   85 17:36:58    -1009.301404        0.000268
FIRE:   86 17:36:58    -1009.301405        0.000190
FIRE:   87 17:36:58    -1009.301405        0.000310
FIRE:   88 17:36:58    -1009.301405        0.000423
FIRE:   89 17:36:58    -1009.301406        0.000316
FIRE:   90 17:36:58    -1009.301406        0.000150
FIRE:   91 17:36:58    -1009.301406        0.000364
FIRE:   92 17:36:58    -1009.301406        0.000446
FIRE:   93 17:36:58    -1009.301406        0.000233
FIRE:   94 17:36:58    -1009.301406        0.000353
FIRE:   95 17:36:58    -1009.301406        0.000297
FIRE:   96 17:36:58    -1009.301406        0.000197
FIRE:   97 17:36:58    -1009.301406        0.000229
FIRE:   98 17:36:58    -1009.301407        0.000318
FIRE:   99 17:36:58    -1009.301407        0.000327
FIRE:  100 17:36:58    -1009.301407        0.000256
FIRE:  101 17:36:58    -1009.301407        0.000133
FIRE:  102 17:36:59    -1009.301407        0.000090


Relaxation Sigma5(210), FeCrCoNiCu_Deluigi....

      Step     Time          Energy          fmax
FIRE:    0 17:36:59     -420.164806        0.508528
FIRE:    1 17:36:59     -420.225848        0.453489
FIRE:    2 17:36:59     -420.316147        0.349714
FIRE:    3 17:36:59     -420.398529        0.217031
FIRE:    4 17:36:59     -420.455047        0.250940
FIRE:    5 17:36:59     -420.485488        0.223105
FIRE:    6 17:36:59     -420.499552        0.267701
FIRE:    7 17:36:59     -420.504465        0.254625
FIRE:    8 17:36:59     -420.513408        0.229606
FIRE:    9 17:36:59     -420.524831        0.194826
FIRE:   10 17:36:59     -420.536903        0.153367
FIRE:   11 17:36:59     -420.547936        0.110304
FIRE:   12 17:36:59     -420.556768        0.107648
FIRE:   13 17:36:59     -420.563023        0.102180
FIRE:   14 17:36:59     -420.567516        0.103325
FIRE:   15 17:36:59     -420.571052        0.135180
FIRE:   16 17:36:59     -420.575235        0.151159
FIRE:   17 17:36:59     -420.581889        0.148041
FIRE:   18 17:36:59     -420.592188        0.126682
FIRE:   19 17:36:59     -420.605681        0.113175
FIRE:   20 17:36:59     -420.619962        0.078782
FIRE:   21 17:36:59     -420.632272        0.073031
FIRE:   22 17:36:59     -420.642781        0.090597
FIRE:   23 17:36:59     -420.654935        0.095688
FIRE:   24 17:36:59     -420.670596        0.069482
FIRE:   25 17:36:59     -420.686005        0.073412
FIRE:   26 17:36:59     -420.699230        0.075539
FIRE:   27 17:36:59     -420.711705        0.055715
FIRE:   28 17:36:59     -420.723187        0.056970
FIRE:   29 17:36:59     -420.732372        0.054466
FIRE:   30 17:36:59     -420.737244        0.064121
FIRE:   31 17:36:59     -420.739046        0.048437
FIRE:   32 17:36:59     -420.741184        0.039029
FIRE:   33 17:36:59     -420.742264        0.031187
FIRE:   34 17:36:59     -420.742492        0.040326
FIRE:   35 17:36:59     -420.742673        0.039231
FIRE:   36 17:36:59     -420.742999        0.037110
FIRE:   37 17:36:59     -420.743407        0.034100
FIRE:   38 17:36:59     -420.743830        0.030404
FIRE:   39 17:36:59     -420.744212        0.026309
FIRE:   40 17:36:59     -420.744534        0.026338
FIRE:   41 17:36:59     -420.744816        0.027673
FIRE:   42 17:36:59     -420.745133        0.028490
FIRE:   43 17:36:59     -420.745548        0.028465
FIRE:   44 17:36:59     -420.746116        0.027303
FIRE:   45 17:36:59     -420.746847        0.024803
FIRE:   46 17:36:59     -420.747685        0.020989
FIRE:   47 17:36:59     -420.748543        0.017491
FIRE:   48 17:36:59     -420.749407        0.018300
FIRE:   49 17:36:59     -420.750389        0.018024
FIRE:   50 17:36:59     -420.751546        0.015982
FIRE:   51 17:36:59     -420.752738        0.012961
FIRE:   52 17:36:59     -420.753935        0.012926
FIRE:   53 17:36:59     -420.755235        0.013896
FIRE:   54 17:36:59     -420.756598        0.011972
FIRE:   55 17:36:59     -420.758028        0.011699
FIRE:   56 17:36:59     -420.759594        0.015067
FIRE:   57 17:36:59     -420.761278        0.013292
FIRE:   58 17:36:59     -420.762968        0.022729
FIRE:   59 17:36:59     -420.762983        0.092272
FIRE:   60 17:36:59     -420.764769        0.019363
FIRE:   61 17:36:59     -420.764811        0.013801
FIRE:   62 17:36:59     -420.764864        0.007260
FIRE:   63 17:36:59     -420.764904        0.007697
FIRE:   64 17:36:59     -420.764935        0.013864
FIRE:   65 17:36:59     -420.764982        0.014325
FIRE:   66 17:36:59     -420.765047        0.009328
FIRE:   67 17:36:59     -420.765116        0.006940
FIRE:   68 17:36:59     -420.765186        0.008252
FIRE:   69 17:36:59     -420.765276        0.011070
FIRE:   70 17:36:59     -420.765395        0.006412
FIRE:   71 17:36:59     -420.765515        0.006653
FIRE:   72 17:36:59     -420.765645        0.009601
FIRE:   73 17:36:59     -420.765812        0.004479
FIRE:   74 17:36:59     -420.765980        0.009233
FIRE:   75 17:36:59     -420.766178        0.003866
FIRE:   76 17:36:59     -420.766378        0.007208
FIRE:   77 17:36:59     -420.766595        0.010944
FIRE:   78 17:36:59     -420.766832        0.009318
FIRE:   79 17:36:59     -420.767068        0.013979
FIRE:   80 17:36:59     -420.767220        0.035776
FIRE:   81 17:36:59     -420.767364        0.003619
FIRE:   82 17:36:59     -420.767280        0.030242
FIRE:   83 17:36:59     -420.767326        0.022718
FIRE:   84 17:36:59     -420.767378        0.009923
FIRE:   85 17:36:59     -420.767393        0.006267
FIRE:   86 17:36:59     -420.767394        0.005911
FIRE:   87 17:36:59     -420.767395        0.005223
FIRE:   88 17:36:59     -420.767397        0.004252
FIRE:   89 17:36:59     -420.767400        0.003326
FIRE:   90 17:36:59     -420.767403        0.003317
FIRE:   91 17:36:59     -420.767406        0.003306
FIRE:   92 17:36:59     -420.767409        0.003293
FIRE:   93 17:36:59     -420.767413        0.003277
FIRE:   94 17:36:59     -420.767418        0.003257
FIRE:   95 17:36:59     -420.767424        0.003232
FIRE:   96 17:36:59     -420.767432        0.003202
FIRE:   97 17:36:59     -420.767442        0.003166
FIRE:   98 17:36:59     -420.767454        0.003123
FIRE:   99 17:36:59     -420.767468        0.003070
FIRE:  100 17:36:59     -420.767485        0.003007
FIRE:  101 17:36:59     -420.767506        0.002933
FIRE:  102 17:36:59     -420.767531        0.002844
FIRE:  103 17:36:59     -420.767560        0.002738
FIRE:  104 17:36:59     -420.767595        0.002610
FIRE:  105 17:36:59     -420.767635        0.002456
FIRE:  106 17:36:59     -420.767681        0.002277
FIRE:  107 17:36:59     -420.767733        0.002075
FIRE:  108 17:36:59     -420.767793        0.001850
FIRE:  109 17:36:59     -420.767859        0.001992
FIRE:  110 17:36:59     -420.767933        0.002523
FIRE:  111 17:36:59     -420.768012        0.004994
FIRE:  112 17:36:59     -420.768087        0.011364
FIRE:  113 17:36:59     -420.768127        0.024423
FIRE:  114 17:36:59     -420.768189        0.002349
FIRE:  115 17:36:59     -420.768149        0.021163
FIRE:  116 17:36:59     -420.768167        0.016407
FIRE:  117 17:36:59     -420.768189        0.007990
FIRE:  118 17:36:59     -420.768196        0.002413
FIRE:  119 17:36:59     -420.768196        0.002289
FIRE:  120 17:36:59     -420.768197        0.002051
FIRE:  121 17:36:59     -420.768197        0.001724
FIRE:  122 17:36:59     -420.768198        0.001349
FIRE:  123 17:36:59     -420.768198        0.001230
FIRE:  124 17:36:59     -420.768199        0.001175
FIRE:  125 17:36:59     -420.768200        0.001176
FIRE:  126 17:36:59     -420.768201        0.001198
FIRE:  127 17:36:59     -420.768202        0.001408
FIRE:  128 17:36:59     -420.768204        0.001512
FIRE:  129 17:36:59     -420.768206        0.001411
FIRE:  130 17:36:59     -420.768208        0.001159
FIRE:  131 17:36:59     -420.768211        0.001153
FIRE:  132 17:36:59     -420.768215        0.001146
FIRE:  133 17:36:59     -420.768219        0.001174
FIRE:  134 17:36:59     -420.768224        0.001130
FIRE:  135 17:36:59     -420.768231        0.001122
FIRE:  136 17:36:59     -420.768238        0.001112
FIRE:  137 17:36:59     -420.768247        0.001100
FIRE:  138 17:36:59     -420.768258        0.001087
FIRE:  139 17:36:59     -420.768271        0.001073
FIRE:  140 17:36:59     -420.768285        0.001060
FIRE:  141 17:36:59     -420.768302        0.001046
FIRE:  142 17:36:59     -420.768322        0.001028
FIRE:  143 17:36:59     -420.768344        0.001007
FIRE:  144 17:36:59     -420.768368        0.001025
FIRE:  145 17:36:59     -420.768395        0.002473
FIRE:  146 17:36:59     -420.768420        0.006417
FIRE:  147 17:36:59     -420.768429        0.015441
FIRE:  148 17:36:59     -420.768454        0.001076
FIRE:  149 17:36:59     -420.768436        0.013707
FIRE:  150 17:36:59     -420.768444        0.010519
FIRE:  151 17:36:59     -420.768453        0.004894
FIRE:  152 17:36:59     -420.768456        0.002130
FIRE:  153 17:36:59     -420.768456        0.002014
FIRE:  154 17:36:59     -420.768456        0.001790
FIRE:  155 17:36:59     -420.768456        0.001472
FIRE:  156 17:36:59     -420.768456        0.001081
FIRE:  157 17:36:59     -420.768457        0.000903
FIRE:  158 17:36:59     -420.768457        0.000900
FIRE:  159 17:36:59     -420.768457        0.000898
FIRE:  160 17:36:59     -420.768457        0.000894
FIRE:  161 17:36:59     -420.768458        0.001086
FIRE:  162 17:36:59     -420.768458        0.001166
FIRE:  163 17:36:59     -420.768459        0.001036
FIRE:  164 17:36:59     -420.768459        0.000873
FIRE:  165 17:36:59     -420.768460        0.000865
FIRE:  166 17:36:59     -420.768461        0.000855
FIRE:  167 17:36:59     -420.768463        0.000948
FIRE:  168 17:36:59     -420.768464        0.000826
FIRE:  169 17:36:59     -420.768466        0.000808
FIRE:  170 17:36:59     -420.768468        0.000785
FIRE:  171 17:36:59     -420.768471        0.000759
FIRE:  172 17:36:59     -420.768474        0.000729
FIRE:  173 17:36:59     -420.768478        0.000794
FIRE:  174 17:36:59     -420.768482        0.000652
FIRE:  175 17:36:59     -420.768487        0.000776
FIRE:  176 17:36:59     -420.768493        0.000554
FIRE:  177 17:36:59     -420.768500        0.000509
FIRE:  178 17:36:59     -420.768507        0.000724
FIRE:  179 17:36:59     -420.768515        0.001799
FIRE:  180 17:36:59     -420.768522        0.004355
FIRE:  181 17:36:59     -420.768522        0.010081
FIRE:  182 17:36:59     -420.768533        0.000347
FIRE:  183 17:36:59     -420.768525        0.009120
FIRE:  184 17:36:59     -420.768529        0.006909
FIRE:  185 17:36:59     -420.768533        0.003028
FIRE:  186 17:36:59     -420.768534        0.001637
FIRE:  187 17:36:59     -420.768534        0.001540
FIRE:  188 17:36:59     -420.768534        0.001350
FIRE:  189 17:36:59     -420.768534        0.001082
FIRE:  190 17:36:59     -420.768534        0.000753
FIRE:  191 17:36:59     -420.768534        0.000394
FIRE:  192 17:36:59     -420.768534        0.000344
FIRE:  193 17:36:59     -420.768534        0.000420
FIRE:  194 17:36:59     -420.768534        0.000683
FIRE:  195 17:36:59     -420.768534        0.000862
FIRE:  196 17:36:59     -420.768534        0.000906
FIRE:  197 17:36:59     -420.768535        0.000782
FIRE:  198 17:36:59     -420.768535        0.000487
FIRE:  199 17:36:59     -420.768535        0.000340
FIRE:  200 17:36:59     -420.768535        0.000490
FIRE:  201 17:36:59     -420.768536        0.000703
FIRE:  202 17:36:59     -420.768536        0.000556
FIRE:  203 17:36:59     -420.768537        0.000334
FIRE:  204 17:36:59     -420.768537        0.000555
FIRE:  205 17:36:59     -420.768538        0.000567
FIRE:  206 17:36:59     -420.768539        0.000326
FIRE:  207 17:36:59     -420.768540        0.000596
FIRE:  208 17:36:59     -420.768542        0.000317
FIRE:  209 17:36:59     -420.768543        0.000619
FIRE:  210 17:36:59     -420.768545        0.000341
FIRE:  211 17:36:59     -420.768547        0.000295
FIRE:  212 17:37:00     -420.768549        0.000728
FIRE:  213 17:37:00     -420.768551        0.001529
FIRE:  214 17:37:00     -420.768553        0.002979
FIRE:  215 17:37:00     -420.768554        0.000531
FIRE:  216 17:37:00     -420.768553        0.002338
FIRE:  217 17:37:00     -420.768554        0.001860
FIRE:  218 17:37:00     -420.768554        0.001004
FIRE:  219 17:37:00     -420.768554        0.000264
FIRE:  220 17:37:00     -420.768554        0.001033
FIRE:  221 17:37:00     -420.768554        0.000981
FIRE:  222 17:37:00     -420.768554        0.000880
FIRE:  223 17:37:00     -420.768554        0.000736
FIRE:  224 17:37:00     -420.768554        0.000557
FIRE:  225 17:37:00     -420.768554        0.000354
FIRE:  226 17:37:00     -420.768554        0.000261
FIRE:  227 17:37:00     -420.768554        0.000261
FIRE:  228 17:37:00     -420.768554        0.000331
FIRE:  229 17:37:00     -420.768554        0.000477
FIRE:  230 17:37:00     -420.768554        0.000555
FIRE:  231 17:37:00     -420.768554        0.000545
FIRE:  232 17:37:00     -420.768554        0.000429
FIRE:  233 17:37:00     -420.768555        0.000255
FIRE:  234 17:37:00     -420.768555        0.000253
FIRE:  235 17:37:00     -420.768555        0.000372
FIRE:  236 17:37:00     -420.768555        0.000439
FIRE:  237 17:37:00     -420.768555        0.000279
FIRE:  238 17:37:00     -420.768555        0.000240
FIRE:  239 17:37:00     -420.768555        0.000381
FIRE:  240 17:37:00     -420.768556        0.000280
FIRE:  241 17:37:00     -420.768556        0.000222
FIRE:  242 17:37:00     -420.768557        0.000344
FIRE:  243 17:37:00     -420.768557        0.000204
FIRE:  244 17:37:00     -420.768558        0.000299
FIRE:  245 17:37:00     -420.768558        0.000349
FIRE:  246 17:37:00     -420.768559        0.000170
FIRE:  247 17:37:00     -420.768560        0.000158
FIRE:  248 17:37:00     -420.768561        0.000208
FIRE:  249 17:37:00     -420.768562        0.000808
FIRE:  250 17:37:00     -420.768562        0.002775
FIRE:  251 17:37:00     -420.768563        0.000137
FIRE:  252 17:37:00     -420.768563        0.000113
FIRE:  253 17:37:00     -420.768563        0.000113
FIRE:  254 17:37:00     -420.768563        0.000113
FIRE:  255 17:37:00     -420.768563        0.000112
FIRE:  256 17:37:00     -420.768563        0.000112
FIRE:  257 17:37:00     -420.768563        0.000112
FIRE:  258 17:37:00     -420.768563        0.000112
FIRE:  259 17:37:00     -420.768563        0.000111
FIRE:  260 17:37:00     -420.768563        0.000111
FIRE:  261 17:37:00     -420.768563        0.000110
FIRE:  262 17:37:00     -420.768563        0.000109
FIRE:  263 17:37:00     -420.768563        0.000108
FIRE:  264 17:37:00     -420.768563        0.000107
FIRE:  265 17:37:00     -420.768564        0.000105
FIRE:  266 17:37:00     -420.768564        0.000103
FIRE:  267 17:37:00     -420.768564        0.000100
FIRE:  268 17:37:00     -420.768564        0.000097


Relaxation Sigma13(320), FeCrCoNiCu_Deluigi....

      Step     Time          Energy          fmax
FIRE:    0 17:37:00     -672.974069        0.583726
FIRE:    1 17:37:00     -673.117941        0.418591
FIRE:    2 17:37:00     -673.314506        0.330732
FIRE:    3 17:37:00     -673.469417        0.330058
FIRE:    4 17:37:00     -673.557911        0.393765
FIRE:    5 17:37:00     -673.601281        0.320950
FIRE:    6 17:37:00     -673.612064        0.303039
FIRE:    7 17:37:00     -673.631427        0.268680
FIRE:    8 17:37:00     -673.655594        0.220753
FIRE:    9 17:37:00     -673.680281        0.163455
FIRE:   10 17:37:00     -673.701900        0.132272
FIRE:   11 17:37:00     -673.718586        0.123450
FIRE:   12 17:37:00     -673.730668        0.120136
FIRE:   13 17:37:00     -673.741029        0.138014
FIRE:   14 17:37:00     -673.752067        0.135003
FIRE:   15 17:37:00     -673.766348        0.146961
FIRE:   16 17:37:00     -673.785124        0.149004
FIRE:   17 17:37:00     -673.807234        0.145309
FIRE:   18 17:37:00     -673.829444        0.118718
FIRE:   19 17:37:00     -673.848856        0.129489
FIRE:   20 17:37:00     -673.865187        0.103228
FIRE:   21 17:37:00     -673.880680        0.120187
FIRE:   22 17:37:00     -673.899316        0.112641
FIRE:   23 17:37:00     -673.921790        0.083268
FIRE:   24 17:37:00     -673.942682        0.090230
FIRE:   25 17:37:00     -673.961159        0.090645
FIRE:   26 17:37:00     -673.978259        0.059780
FIRE:   27 17:37:00     -673.989064        0.068920
FIRE:   28 17:37:00     -673.991465        0.052546
FIRE:   29 17:37:00     -673.994450        0.035833
FIRE:   30 17:37:00     -673.996196        0.034741
FIRE:   31 17:37:00     -673.996606        0.039205
FIRE:   32 17:37:00     -673.996785        0.036910
FIRE:   33 17:37:00     -673.997104        0.032478
FIRE:   34 17:37:00     -673.997498        0.027517
FIRE:   35 17:37:00     -673.997895        0.025377
FIRE:   36 17:37:00     -673.998239        0.023047
FIRE:   37 17:37:00     -673.998508        0.020754
FIRE:   38 17:37:00     -673.998723        0.018702
FIRE:   39 17:37:00     -673.998944        0.017286
FIRE:   40 17:37:00     -673.999220        0.016712
FIRE:   41 17:37:00     -673.999583        0.017061
FIRE:   42 17:37:00     -674.000028        0.013667
FIRE:   43 17:37:00     -674.000490        0.010918
FIRE:   44 17:37:00     -674.000887        0.015584
FIRE:   45 17:37:00     -674.001210        0.017656
FIRE:   46 17:37:00     -674.001535        0.015848
FIRE:   47 17:37:00     -674.001895        0.012351
FIRE:   48 17:37:00     -674.002289        0.013775
FIRE:   49 17:37:00     -674.002719        0.010683
FIRE:   50 17:37:00     -674.003130        0.013337
FIRE:   51 17:37:00     -674.003613        0.009807
FIRE:   52 17:37:00     -674.004105        0.012399
FIRE:   53 17:37:00     -674.004438        0.013612
FIRE:   54 17:37:00     -674.004752        0.016324
FIRE:   55 17:37:00     -674.004623        0.040311
FIRE:   56 17:37:00     -674.004839        0.007107
FIRE:   57 17:37:00     -674.004798        0.031664
FIRE:   58 17:37:00     -674.004836        0.024652
FIRE:   59 17:37:00     -674.004882        0.012187
FIRE:   60 17:37:00     -674.004900        0.003216
FIRE:   61 17:37:00     -674.004900        0.003172
FIRE:   62 17:37:00     -674.004901        0.003087
FIRE:   63 17:37:00     -674.004902        0.002970
FIRE:   64 17:37:00     -674.004903        0.002830
FIRE:   65 17:37:00     -674.004905        0.002680
FIRE:   66 17:37:00     -674.004906        0.002533
FIRE:   67 17:37:00     -674.004908        0.002399
FIRE:   68 17:37:00     -674.004910        0.002273
FIRE:   69 17:37:00     -674.004912        0.002154
FIRE:   70 17:37:00     -674.004915        0.002033
FIRE:   71 17:37:00     -674.004918        0.001890
FIRE:   72 17:37:00     -674.004922        0.001709
FIRE:   73 17:37:00     -674.004925        0.001493
FIRE:   74 17:37:00     -674.004929        0.001275
FIRE:   75 17:37:00     -674.004932        0.001128
FIRE:   76 17:37:00     -674.004935        0.000795
FIRE:   77 17:37:00     -674.004937        0.000655
FIRE:   78 17:37:00     -674.004938        0.001148
FIRE:   79 17:37:00     -674.004939        0.001040
FIRE:   80 17:37:00     -674.004939        0.001028
FIRE:   81 17:37:00     -674.004939        0.001004
FIRE:   82 17:37:00     -674.004939        0.000970
FIRE:   83 17:37:00     -674.004939        0.000926
FIRE:   84 17:37:00     -674.004940        0.000873
FIRE:   85 17:37:00     -674.004940        0.000812
FIRE:   86 17:37:00     -674.004940        0.000746
FIRE:   87 17:37:00     -674.004941        0.000667
FIRE:   88 17:37:00     -674.004941        0.000574
FIRE:   89 17:37:00     -674.004942        0.000467
FIRE:   90 17:37:00     -674.004942        0.000346
FIRE:   91 17:37:00     -674.004943        0.000269
FIRE:   92 17:37:00     -674.004943        0.000234
FIRE:   93 17:37:00     -674.004943        0.000283
FIRE:   94 17:37:00     -674.004944        0.000305
FIRE:   95 17:37:00     -674.004944        0.000304
FIRE:   96 17:37:00     -674.004945        0.000286
FIRE:   97 17:37:00     -674.004945        0.000247
FIRE:   98 17:37:00     -674.004946        0.000153
FIRE:   99 17:37:00     -674.004946        0.000215
FIRE:  100 17:37:00     -674.004946        0.000559
FIRE:  101 17:37:00     -674.004946        0.000277
FIRE:  102 17:37:00     -674.004946        0.000142
FIRE:  103 17:37:00     -674.004946        0.000432
FIRE:  104 17:37:00     -674.004946        0.000435
FIRE:  105 17:37:00     -674.004946        0.000174
FIRE:  106 17:37:00     -674.004946        0.000196
FIRE:  107 17:37:00     -674.004946        0.000171
FIRE:  108 17:37:00     -674.004946        0.000124
FIRE:  109 17:37:00     -674.004946        0.000063


Relaxation Sigma25(430), FeCrCoNiCu_Deluigi....

      Step     Time          Energy          fmax
FIRE:    0 17:37:00     -961.043302        0.673792
FIRE:    1 17:37:00     -961.260013        0.528330
FIRE:    2 17:37:00     -961.558817        0.414121
FIRE:    3 17:37:00     -961.802794        0.331847
FIRE:    4 17:37:00     -961.954749        0.410145
FIRE:    5 17:37:00     -962.043371        0.377263
FIRE:    6 17:37:00     -962.105595        0.365828
FIRE:    7 17:37:00     -962.177312        0.435319
FIRE:    8 17:37:00     -962.279134        0.374612
FIRE:    9 17:37:00     -962.373512        0.221515
FIRE:   10 17:37:00     -962.403528        0.229372
FIRE:   11 17:37:00     -962.419294        0.221119
FIRE:   12 17:37:00     -962.446549        0.205328
FIRE:   13 17:37:00     -962.478444        0.183288
FIRE:   14 17:37:00     -962.508308        0.156685
FIRE:   15 17:37:00     -962.532301        0.127517
FIRE:   16 17:37:00     -962.550607        0.141640
FIRE:   17 17:37:00     -962.565972        0.146129
FIRE:   18 17:37:00     -962.582460        0.133538
FIRE:   19 17:37:01     -962.600650        0.110251
FIRE:   20 17:37:01     -962.618874        0.100971
FIRE:   21 17:37:01     -962.634619        0.081626
FIRE:   22 17:37:01     -962.647580        0.082858
FIRE:   23 17:37:01     -962.661932        0.103715
FIRE:   24 17:37:01     -962.684057        0.105313
FIRE:   25 17:37:01     -962.713494        0.078934
FIRE:   26 17:37:01     -962.739747        0.058328
FIRE:   27 17:37:01     -962.760365        0.060395
FIRE:   28 17:37:01     -962.778787        0.072848
FIRE:   29 17:37:01     -962.790006        0.066367
FIRE:   30 17:37:01     -962.791977        0.059485
FIRE:   31 17:37:01     -962.794805        0.046770
FIRE:   32 17:37:01     -962.797157        0.031326
FIRE:   33 17:37:01     -962.798517        0.026493
FIRE:   34 17:37:01     -962.799287        0.035140
FIRE:   35 17:37:01     -962.799896        0.033552
FIRE:   36 17:37:01     -962.800343        0.023150
FIRE:   37 17:37:01     -962.800481        0.026407
FIRE:   38 17:37:01     -962.800575        0.025877
FIRE:   39 17:37:01     -962.800747        0.024834
FIRE:   40 17:37:01     -962.800976        0.023309
FIRE:   41 17:37:01     -962.801233        0.021355
FIRE:   42 17:37:01     -962.801496        0.019048
FIRE:   43 17:37:01     -962.801749        0.016504
FIRE:   44 17:37:01     -962.801985        0.013884
FIRE:   45 17:37:01     -962.802224        0.011163
FIRE:   46 17:37:01     -962.802454        0.008899
FIRE:   47 17:37:01     -962.802656        0.008309
FIRE:   48 17:37:01     -962.802817        0.009247
FIRE:   49 17:37:01     -962.802957        0.011609
FIRE:   50 17:37:01     -962.803120        0.012155
FIRE:   51 17:37:01     -962.803344        0.010913
FIRE:   52 17:37:01     -962.803645        0.010205
FIRE:   53 17:37:01     -962.804035        0.008948
FIRE:   54 17:37:01     -962.804466        0.005945
FIRE:   55 17:37:01     -962.804804        0.005196
FIRE:   56 17:37:01     -962.804999        0.006214
FIRE:   57 17:37:01     -962.805140        0.007775
FIRE:   58 17:37:01     -962.805335        0.006956
FIRE:   59 17:37:01     -962.805484        0.003442
FIRE:   60 17:37:01     -962.805498        0.002844
FIRE:   61 17:37:01     -962.805515        0.002525
FIRE:   62 17:37:01     -962.805525        0.002097
FIRE:   63 17:37:01     -962.805532        0.002133
FIRE:   64 17:37:01     -962.805538        0.002691
FIRE:   65 17:37:01     -962.805541        0.002380
FIRE:   66 17:37:01     -962.805542        0.002275
FIRE:   67 17:37:01     -962.805543        0.002073
FIRE:   68 17:37:01     -962.805545        0.001789
FIRE:   69 17:37:01     -962.805546        0.001445
FIRE:   70 17:37:01     -962.805548        0.001067
FIRE:   71 17:37:01     -962.805549        0.000719
FIRE:   72 17:37:01     -962.805550        0.000613
FIRE:   73 17:37:01     -962.805551        0.000687
FIRE:   74 17:37:01     -962.805551        0.000948
FIRE:   75 17:37:01     -962.805552        0.001099
FIRE:   76 17:37:01     -962.805553        0.001103
FIRE:   77 17:37:01     -962.805554        0.000934
FIRE:   78 17:37:01     -962.805556        0.000593
FIRE:   79 17:37:01     -962.805557        0.000452
FIRE:   80 17:37:01     -962.805558        0.000511
FIRE:   81 17:37:01     -962.805558        0.000642
FIRE:   82 17:37:01     -962.805559        0.000474
FIRE:   83 17:37:01     -962.805559        0.000460
FIRE:   84 17:37:01     -962.805559        0.000428
FIRE:   85 17:37:01     -962.805559        0.000368
FIRE:   86 17:37:01     -962.805559        0.000292
FIRE:   87 17:37:01     -962.805560        0.000227
FIRE:   88 17:37:01     -962.805560        0.000235
FIRE:   89 17:37:01     -962.805560        0.000194
FIRE:   90 17:37:01     -962.805560        0.000155
FIRE:   91 17:37:01     -962.805560        0.000186
FIRE:   92 17:37:01     -962.805560        0.000202
FIRE:   93 17:37:01     -962.805560        0.000187
FIRE:   94 17:37:01     -962.805560        0.000142
FIRE:   95 17:37:01     -962.805561        0.000155
FIRE:   96 17:37:01     -962.805561        0.000117
FIRE:   97 17:37:01     -962.805561        0.000149
FIRE:   98 17:37:01     -962.805561        0.000138
FIRE:   99 17:37:01     -962.805561        0.000119
FIRE:  100 17:37:01     -962.805561        0.000094


Relaxation Sigma41(540), FeCrCoNiCu_Deluigi....

      Step     Time          Energy          fmax
FIRE:    0 17:37:01    -1214.307167        0.709922
FIRE:    1 17:37:01    -1214.582774        0.596290
FIRE:    2 17:37:01    -1214.961922        0.478964
FIRE:    3 17:37:01    -1215.268372        0.330152
FIRE:    4 17:37:01    -1215.458075        0.422997
FIRE:    5 17:37:01    -1215.574533        0.422166
FIRE:    6 17:37:01    -1215.662492        0.343002
FIRE:    7 17:37:01    -1215.755380        0.360903
FIRE:    8 17:37:01    -1215.882993        0.351607
FIRE:    9 17:37:01    -1216.023421        0.293325
FIRE:   10 17:37:01    -1216.120575        0.214402
FIRE:   11 17:37:01    -1216.176087        0.285313
FIRE:   12 17:37:01    -1216.204484        0.242404
FIRE:   13 17:37:01    -1216.250645        0.203043
FIRE:   14 17:37:01    -1216.299201        0.176663
FIRE:   15 17:37:01    -1216.338110        0.145291
FIRE:   16 17:37:01    -1216.363788        0.123635
FIRE:   17 17:37:01    -1216.379964        0.129463
FIRE:   18 17:37:01    -1216.392630        0.153348
FIRE:   19 17:37:01    -1216.408104        0.156899
FIRE:   20 17:37:01    -1216.428799        0.136515
FIRE:   21 17:37:01    -1216.452795        0.114025
FIRE:   22 17:37:01    -1216.474399        0.092376
FIRE:   23 17:37:01    -1216.488990        0.100339
FIRE:   24 17:37:01    -1216.499785        0.119540
FIRE:   25 17:37:01    -1216.521314        0.112637
FIRE:   26 17:37:01    -1216.552622        0.078255
FIRE:   27 17:37:01    -1216.575634        0.090930
FIRE:   28 17:37:01    -1216.589877        0.094293
FIRE:   29 17:37:01    -1216.594047        0.079884
FIRE:   30 17:37:01    -1216.599830        0.053756
FIRE:   31 17:37:01    -1216.604575        0.056176
FIRE:   32 17:37:01    -1216.607367        0.043953
FIRE:   33 17:37:01    -1216.608521        0.038741
FIRE:   34 17:37:01    -1216.608752        0.037379
FIRE:   35 17:37:01    -1216.609184        0.034709
FIRE:   36 17:37:01    -1216.609761        0.030846
FIRE:   37 17:37:01    -1216.610416        0.028805
FIRE:   38 17:37:01    -1216.611079        0.027501
FIRE:   39 17:37:01    -1216.611697        0.026048
FIRE:   40 17:37:01    -1216.612244        0.024496
FIRE:   41 17:37:01    -1216.612768        0.022732
FIRE:   42 17:37:01    -1216.613291        0.021164
FIRE:   43 17:37:01    -1216.613865        0.024150
FIRE:   44 17:37:01    -1216.614557        0.025877
FIRE:   45 17:37:01    -1216.615413        0.025727
FIRE:   46 17:37:01    -1216.616428        0.023186
FIRE:   47 17:37:01    -1216.617533        0.018106
FIRE:   48 17:37:01    -1216.618621        0.011500
FIRE:   49 17:37:01    -1216.619623        0.018049
FIRE:   50 17:37:01    -1216.620642        0.019217
FIRE:   51 17:37:01    -1216.621871        0.013588
FIRE:   52 17:37:01    -1216.623208        0.009794
FIRE:   53 17:37:01    -1216.624336        0.010616
FIRE:   54 17:37:01    -1216.625346        0.010691
FIRE:   55 17:37:01    -1216.626140        0.007124
FIRE:   56 17:37:01    -1216.626386        0.008786
FIRE:   57 17:37:01    -1216.626440        0.007145
FIRE:   58 17:37:01    -1216.626502        0.004248
FIRE:   59 17:37:01    -1216.626536        0.004895
FIRE:   60 17:37:01    -1216.626541        0.004360
FIRE:   61 17:37:01    -1216.626545        0.004007
FIRE:   62 17:37:01    -1216.626551        0.003332
FIRE:   63 17:37:01    -1216.626560        0.002648
FIRE:   64 17:37:01    -1216.626568        0.002119
FIRE:   65 17:37:01    -1216.626575        0.001806
FIRE:   66 17:37:01    -1216.626581        0.002163
FIRE:   67 17:37:01    -1216.626586        0.002242
FIRE:   68 17:37:01    -1216.626590        0.002067
FIRE:   69 17:37:01    -1216.626596        0.002417
FIRE:   70 17:37:01    -1216.626603        0.002518
FIRE:   71 17:37:01    -1216.626612        0.002316
FIRE:   72 17:37:01    -1216.626621        0.001800
FIRE:   73 17:37:01    -1216.626630        0.001789
FIRE:   74 17:37:01    -1216.626637        0.001625
FIRE:   75 17:37:01    -1216.626641        0.001310
FIRE:   76 17:37:01    -1216.626644        0.001722
FIRE:   77 17:37:01    -1216.626648        0.001112
FIRE:   78 17:37:01    -1216.626649        0.001307
FIRE:   79 17:37:01    -1216.626650        0.000950
FIRE:   80 17:37:01    -1216.626650        0.000676
FIRE:   81 17:37:01    -1216.626651        0.000533
FIRE:   82 17:37:02    -1216.626652        0.000727
FIRE:   83 17:37:02    -1216.626652        0.000761
FIRE:   84 17:37:02    -1216.626653        0.000610
FIRE:   85 17:37:02    -1216.626653        0.000538
FIRE:   86 17:37:02    -1216.626654        0.000472
FIRE:   87 17:37:02    -1216.626655        0.000441
FIRE:   88 17:37:02    -1216.626655        0.000460
FIRE:   89 17:37:02    -1216.626655        0.000399
FIRE:   90 17:37:02    -1216.626655        0.000326
FIRE:   91 17:37:02    -1216.626655        0.000317
FIRE:   92 17:37:02    -1216.626655        0.000314
FIRE:   93 17:37:02    -1216.626656        0.000309
FIRE:   94 17:37:02    -1216.626656        0.000303
FIRE:   95 17:37:02    -1216.626656        0.000294
FIRE:   96 17:37:02    -1216.626656        0.000282
FIRE:   97 17:37:02    -1216.626656        0.000268
FIRE:   98 17:37:02    -1216.626656        0.000254
FIRE:   99 17:37:02    -1216.626656        0.000222
FIRE:  100 17:37:02    -1216.626656        0.000190
FIRE:  101 17:37:02    -1216.626656        0.000180
FIRE:  102 17:37:02    -1216.626656        0.000177
FIRE:  103 17:37:02    -1216.626656        0.000141
FIRE:  104 17:37:02    -1216.626656        0.000138
FIRE:  105 17:37:02    -1216.626657        0.000138
FIRE:  106 17:37:02    -1216.626657        0.000132
FIRE:  107 17:37:02    -1216.626657        0.000126
FIRE:  108 17:37:02    -1216.626657        0.000086
