

Relaxation Sigma17(410), SevenNet....

      Step     Time          Energy          fmax
BFGS:    0 22:22:51    -1472.388550        0.850698
BFGS:    1 22:22:56    -1472.660889        0.745662
BFGS:    2 22:23:01    -1473.841064        0.280281
BFGS:    3 22:23:05    -1473.909546        0.248272
BFGS:    4 22:23:10    -1474.384521        0.589986
BFGS:    5 22:23:15    -1474.569092        0.272183
BFGS:    6 22:23:20    -1474.643066        0.308087
BFGS:    7 22:23:24    -1474.840210        0.541597
BFGS:    8 22:23:29    -1474.985596        0.399779
BFGS:    9 22:23:34    -1475.202026        0.324146
BFGS:   10 22:23:38    -1475.250488        0.221537
BFGS:   11 22:23:43    -1475.374512        0.228639
BFGS:   12 22:23:48    -1475.435547        0.217244
BFGS:   13 22:23:52    -1475.465088        0.196272
BFGS:   14 22:23:57    -1475.489258        0.142944
BFGS:   15 22:24:02    -1475.515137        0.136034
BFGS:   16 22:24:06    -1475.539795        0.125969
BFGS:   17 22:24:11    -1475.557251        0.137630
BFGS:   18 22:24:16    -1475.571289        0.099134
BFGS:   19 22:24:21    -1475.583740        0.092131
BFGS:   20 22:24:25    -1475.593994        0.110699
BFGS:   21 22:24:30    -1475.603760        0.135573
BFGS:   22 22:24:35    -1475.613281        0.110644
BFGS:   23 22:24:39    -1475.622314        0.065754
BFGS:   24 22:24:44    -1475.627808        0.058189
BFGS:   25 22:24:49    -1475.631714        0.073115
BFGS:   26 22:24:54    -1475.635254        0.084258
BFGS:   27 22:24:58    -1475.639404        0.068970
BFGS:   28 22:25:03    -1475.642944        0.044612
BFGS:   29 22:25:08    -1475.645630        0.041000
BFGS:   30 22:25:13    -1475.648315        0.049618
BFGS:   31 22:25:17    -1475.651245        0.054249
BFGS:   32 22:25:22    -1475.653931        0.035362
BFGS:   33 22:25:26    -1475.655151        0.030626
BFGS:   34 22:25:31    -1475.655762        0.024801
BFGS:   35 22:25:36    -1475.656738        0.023909
BFGS:   36 22:25:41    -1475.657593        0.025994
BFGS:   37 22:25:46    -1475.658447        0.022927
BFGS:   38 22:25:50    -1475.659180        0.022069
BFGS:   39 22:25:55    -1475.659424        0.015173
BFGS:   40 22:26:00    -1475.659790        0.018508
BFGS:   41 22:26:04    -1475.660400        0.020622
BFGS:   42 22:26:09    -1475.661011        0.021721
BFGS:   43 22:26:14    -1475.661499        0.025442
BFGS:   44 22:26:19    -1475.661865        0.022338
BFGS:   45 22:26:23    -1475.662476        0.015149
BFGS:   46 22:26:28    -1475.663086        0.019248
BFGS:   47 22:26:33    -1475.663696        0.024697
BFGS:   48 22:26:37    -1475.664062        0.024519
BFGS:   49 22:26:42    -1475.664551        0.020252
BFGS:   50 22:26:47    -1475.665039        0.015901
BFGS:   51 22:26:52    -1475.665405        0.013629
BFGS:   52 22:26:56    -1475.665771        0.018521
BFGS:   53 22:27:01    -1475.666016        0.020253
BFGS:   54 22:27:06    -1475.666382        0.017099
BFGS:   55 22:27:11    -1475.666748        0.015919
BFGS:   56 22:27:15    -1475.667236        0.012650
BFGS:   57 22:27:20    -1475.667358        0.010250
BFGS:   58 22:27:25    -1475.667725        0.011098
BFGS:   59 22:27:30    -1475.667847        0.014471
BFGS:   60 22:27:35    -1475.668213        0.021745
BFGS:   61 22:27:39    -1475.689575        0.136873
BFGS:   62 22:27:44    -1471.835815        3.658515
BFGS:   63 22:27:49    -1475.724731        0.209216
BFGS:   64 22:27:53    -1475.736694        0.134590
BFGS:   65 22:27:58    -1475.748169        0.136913
BFGS:   66 22:28:03    -1475.780273        0.182395
BFGS:   67 22:28:07    -1475.794312        0.115530
BFGS:   68 22:28:12    -1475.802002        0.102717
BFGS:   69 22:28:17    -1475.812500        0.099181
BFGS:   70 22:28:21    -1475.819702        0.116149
BFGS:   71 22:28:26    -1475.830078        0.120279
BFGS:   72 22:28:30    -1475.837524        0.121002
BFGS:   73 22:28:35    -1475.844849        0.129865
BFGS:   74 22:28:40    -1475.852905        0.124924
BFGS:   75 22:28:45    -1475.861450        0.133826
BFGS:   76 22:28:49    -1475.869385        0.149708
BFGS:   77 22:28:54    -1475.878174        0.138875
BFGS:   78 22:28:59    -1475.889282        0.130574
BFGS:   79 22:29:04    -1475.899414        0.146193
BFGS:   80 22:29:09    -1475.909058        0.135218
BFGS:   81 22:29:13    -1475.915771        0.124841
BFGS:   82 22:29:18    -1475.921021        0.129645
BFGS:   83 22:29:23    -1475.926147        0.119464
BFGS:   84 22:29:28    -1475.933960        0.085318
BFGS:   85 22:29:33    -1475.938477        0.066950
BFGS:   86 22:29:37    -1475.942139        0.060311
BFGS:   87 22:29:42    -1475.944336        0.049650
BFGS:   88 22:29:47    -1475.946655        0.042387
BFGS:   89 22:29:51    -1475.948853        0.033425
BFGS:   90 22:29:56    -1475.950684        0.032245
BFGS:   91 22:30:01    -1475.951416        0.033144
BFGS:   92 22:30:06    -1475.952148        0.029749
BFGS:   93 22:30:10    -1475.953003        0.026906
BFGS:   94 22:30:15    -1475.953979        0.030638
BFGS:   95 22:30:20    -1475.954834        0.042269
BFGS:   96 22:30:24    -1475.955444        0.043735
BFGS:   97 22:30:29    -1475.955933        0.036347
BFGS:   98 22:30:34    -1475.956543        0.027847
BFGS:   99 22:30:38    -1475.957153        0.025711
BFGS:  100 22:30:43    -1475.957764        0.027024
BFGS:  101 22:30:47    -1475.958130        0.025476
BFGS:  102 22:30:52    -1475.958740        0.020827
BFGS:  103 22:30:56    -1475.958862        0.022279
BFGS:  104 22:31:00    -1475.959473        0.022563
BFGS:  105 22:31:04    -1475.959595        0.023365
BFGS:  106 22:31:08    -1475.959839        0.018304
BFGS:  107 22:31:13    -1475.960083        0.013116
BFGS:  108 22:31:17    -1475.960205        0.015095
BFGS:  109 22:31:21    -1475.960449        0.012724
BFGS:  110 22:31:25    -1475.960571        0.010562
BFGS:  111 22:31:29    -1475.960693        0.011786
BFGS:  112 22:31:33    -1475.960938        0.017328
BFGS:  113 22:31:37    -1475.961182        0.026679
BFGS:  114 22:31:42    -1475.961792        0.031421
BFGS:  115 22:31:46    -1475.962646        0.037727
BFGS:  116 22:31:50    -1475.964966        0.088532
BFGS:  117 22:31:54    -1475.969116        0.165290
BFGS:  118 22:31:58    -1475.978027        0.206771
BFGS:  119 22:32:02    -1475.969849        0.408118
BFGS:  120 22:32:06    -1476.030762        0.373533
BFGS:  121 22:32:10    -1476.071289        0.257206
BFGS:  122 22:32:15    -1476.156494        0.323812
BFGS:  123 22:32:19    -1476.220703        0.338030
BFGS:  124 22:32:23    -1476.276367        0.326878
BFGS:  125 22:32:27    -1476.327271        0.253538
BFGS:  126 22:32:31    -1476.383301        0.263804
BFGS:  127 22:32:36    -1476.412476        0.205279
BFGS:  128 22:32:40    -1476.451660        0.197288
BFGS:  129 22:32:44    -1476.478760        0.187028
BFGS:  130 22:32:48    -1476.498779        0.190022
BFGS:  131 22:32:52    -1476.516113        0.127067
BFGS:  132 22:32:56    -1476.532349        0.151618
BFGS:  133 22:33:00    -1476.549805        0.170174
BFGS:  134 22:33:04    -1476.567017        0.163111
BFGS:  135 22:33:09    -1476.580811        0.139574
BFGS:  136 22:33:13    -1476.592407        0.114913
BFGS:  137 22:33:17    -1476.601807        0.106827
BFGS:  138 22:33:22    -1476.612305        0.131951
BFGS:  139 22:33:26    -1476.624146        0.126658
BFGS:  140 22:33:30    -1476.634644        0.094379
BFGS:  141 22:33:34    -1476.643555        0.098924
BFGS:  142 22:33:38    -1476.652100        0.117815
BFGS:  143 22:33:42    -1476.660278        0.112107
BFGS:  144 22:33:47    -1476.666870        0.071656
BFGS:  145 22:33:51    -1476.672119        0.077411
BFGS:  146 22:33:55    -1476.676636        0.068749
BFGS:  147 22:33:59    -1476.681396        0.086312
BFGS:  148 22:34:03    -1476.685913        0.072675
BFGS:  149 22:34:07    -1476.688965        0.045606
BFGS:  150 22:34:12    -1476.690918        0.045051
BFGS:  151 22:34:16    -1476.692627        0.045170
BFGS:  152 22:34:20    -1476.694336        0.046866
BFGS:  153 22:34:24    -1476.695557        0.035042
BFGS:  154 22:34:29    -1476.696411        0.029523
BFGS:  155 22:34:33    -1476.696777        0.029352
BFGS:  156 22:34:37    -1476.697388        0.033410
BFGS:  157 22:34:41    -1476.697754        0.027869
BFGS:  158 22:34:45    -1476.698242        0.020832
BFGS:  159 22:34:49    -1476.698364        0.018574
BFGS:  160 22:34:54    -1476.698853        0.020223
BFGS:  161 22:34:58    -1476.698975        0.015162
BFGS:  162 22:35:02    -1476.699219        0.013541
BFGS:  163 22:35:06    -1476.699463        0.012078
BFGS:  164 22:35:10    -1476.699341        0.012818
BFGS:  165 22:35:14    -1476.699585        0.011051
BFGS:  166 22:35:19    -1476.699341        0.010433
BFGS:  167 22:35:23    -1476.699463        0.008835
BFGS:  168 22:35:27    -1476.699585        0.007600
BFGS:  169 22:35:31    -1476.699585        0.007141
BFGS:  170 22:35:35    -1476.699707        0.006173
BFGS:  171 22:35:40    -1476.699585        0.004400
BFGS:  172 22:35:44    -1476.699829        0.004917
BFGS:  173 22:35:48    -1476.699829        0.006352
BFGS:  174 22:35:53    -1476.699829        0.006065
BFGS:  175 22:35:57    -1476.699707        0.004253
BFGS:  176 22:36:01    -1476.699707        0.003388
BFGS:  177 22:36:05    -1476.699829        0.004878
BFGS:  178 22:36:09    -1476.699707        0.005088
BFGS:  179 22:36:13    -1476.699707        0.004074
BFGS:  180 22:36:17    -1476.699829        0.003621
BFGS:  181 22:36:21    -1476.699829        0.003065
BFGS:  182 22:36:25    -1476.699829        0.003342
BFGS:  183 22:36:29    -1476.699829        0.002976
BFGS:  184 22:36:33    -1476.699707        0.002752
BFGS:  185 22:36:37    -1476.699829        0.002365
BFGS:  186 22:36:41    -1476.699829        0.002470
BFGS:  187 22:36:45    -1476.699707        0.002873
BFGS:  188 22:36:49    -1476.699829        0.002748
BFGS:  189 22:36:53    -1476.699829        0.001998
BFGS:  190 22:36:57    -1476.699829        0.001598
BFGS:  191 22:37:01    -1476.699829        0.001690
BFGS:  192 22:37:05    -1476.699829        0.001661
BFGS:  193 22:37:09    -1476.699829        0.001216
BFGS:  194 22:37:13    -1476.699829        0.001220
BFGS:  195 22:37:17    -1476.699829        0.001009
BFGS:  196 22:37:20    -1476.699829        0.001188
BFGS:  197 22:37:24    -1476.699829        0.001098
BFGS:  198 22:37:28    -1476.699829        0.001111
BFGS:  199 22:37:32    -1476.699829        0.001002
BFGS:  200 22:37:36    -1476.699707        0.000899
BFGS:  201 22:37:40    -1476.699829        0.000719
BFGS:  202 22:37:44    -1476.699707        0.000626
BFGS:  203 22:37:48    -1476.699829        0.000604
BFGS:  204 22:37:52    -1476.699829        0.000682
BFGS:  205 22:37:56    -1476.699829        0.000674
BFGS:  206 22:37:59    -1476.699707        0.000533
BFGS:  207 22:38:03    -1476.699951        0.000445
BFGS:  208 22:38:07    -1476.699829        0.000410
BFGS:  209 22:38:11    -1476.699829        0.000481
BFGS:  210 22:38:15    -1476.699829        0.000435
BFGS:  211 22:38:19    -1476.699829        0.000418
BFGS:  212 22:38:23    -1476.699829        0.000351
BFGS:  213 22:38:27    -1476.699951        0.000358
BFGS:  214 22:38:31    -1476.699829        0.000356
BFGS:  215 22:38:35    -1476.699829        0.000370
BFGS:  216 22:38:39    -1476.699951        0.000279
BFGS:  217 22:38:42    -1476.699951        0.000256
BFGS:  218 22:38:46    -1476.699951        0.000233
BFGS:  219 22:38:50    -1476.699829        0.000217
BFGS:  220 22:38:54    -1476.699829        0.000313
BFGS:  221 22:38:58    -1476.699707        0.000319
BFGS:  222 22:39:02    -1476.699951        0.000230
BFGS:  223 22:39:06    -1476.699951        0.000212
BFGS:  224 22:39:10    -1476.699829        0.000280
BFGS:  225 22:39:14    -1476.699829        0.000304
BFGS:  226 22:39:18    -1476.699829        0.000282
BFGS:  227 22:39:22    -1476.699951        0.000285
BFGS:  228 22:39:25    -1476.699951        0.000200
BFGS:  229 22:39:29    -1476.699951        0.000233
BFGS:  230 22:39:33    -1476.699829        0.000209
BFGS:  231 22:39:37    -1476.699829        0.000209
BFGS:  232 22:39:41    -1476.699829        0.000180
BFGS:  233 22:39:45    -1476.699829        0.000163
BFGS:  234 22:39:49    -1476.699829        0.000140
BFGS:  235 22:39:53    -1476.699829        0.000146
BFGS:  236 22:39:57    -1476.699829        0.000145
BFGS:  237 22:40:01    -1476.699829        0.000137
BFGS:  238 22:40:05    -1476.699829        0.000129
BFGS:  239 22:40:09    -1476.699829        0.000096
