

Relaxation Sigma29(520), SevenNet....

      Step     Time          Energy          fmax
BFGS:    0 22:22:55    -1960.047119        1.336278
BFGS:    1 22:23:05    -1960.640137        1.141401
BFGS:    2 22:23:14    -1962.646606        0.314659
BFGS:    3 22:23:23    -1962.761230        0.329253
BFGS:    4 22:23:32    -1962.992432        0.344269
BFGS:    5 22:23:40    -1963.240234        0.381772
BFGS:    6 22:23:49    -1963.489990        0.275789
BFGS:    7 22:23:58    -1963.654297        0.248689
BFGS:    8 22:24:07    -1963.719116        0.195665
BFGS:    9 22:24:16    -1963.781006        0.183501
BFGS:   10 22:24:25    -1963.916992        0.160442
BFGS:   11 22:24:34    -1963.975708        0.175730
BFGS:   12 22:24:43    -1964.016724        0.179430
BFGS:   13 22:24:52    -1964.056396        0.155300
BFGS:   14 22:25:00    -1964.119873        0.152036
BFGS:   15 22:25:09    -1964.182007        0.128893
BFGS:   16 22:25:17    -1964.225952        0.126270
BFGS:   17 22:25:26    -1964.254395        0.126893
BFGS:   18 22:25:35    -1964.284790        0.112286
BFGS:   19 22:25:43    -1964.324341        0.111804
BFGS:   20 22:25:52    -1964.356689        0.081895
BFGS:   21 22:26:01    -1964.374756        0.089099
BFGS:   22 22:26:09    -1964.389160        0.089824
BFGS:   23 22:26:17    -1964.409424        0.106111
BFGS:   24 22:26:25    -1964.435303        0.112754
BFGS:   25 22:26:34    -1964.462280        0.133557
BFGS:   26 22:26:41    -1964.487305        0.162394
BFGS:   27 22:26:49    -1964.520386        0.187039
BFGS:   28 22:26:57    -1964.571045        0.187915
BFGS:   29 22:27:05    -1964.651733        0.177988
BFGS:   30 22:27:13    -1964.750122        0.174497
BFGS:   31 22:27:20    -1964.761597        0.256060
BFGS:   32 22:27:28    -1964.857056        0.170849
BFGS:   33 22:27:36    -1964.895264        0.143250
BFGS:   34 22:27:44    -1964.958984        0.137976
BFGS:   35 22:27:52    -1965.019897        0.186282
BFGS:   36 22:28:00    -1965.054565        0.209631
BFGS:   37 22:28:08    -1965.092773        0.163310
BFGS:   38 22:28:16    -1965.139038        0.232550
BFGS:   39 22:28:24    -1965.185669        0.336859
BFGS:   40 22:28:32    -1965.235107        0.376212
BFGS:   41 22:28:40    -1965.305054        0.248805
BFGS:   42 22:28:48    -1965.377563        0.199221
BFGS:   43 22:28:56    -1965.464111        0.253369
BFGS:   44 22:29:04    -1965.527100        0.213960
BFGS:   45 22:29:12    -1965.599854        0.228982
BFGS:   46 22:29:20    -1965.661133        0.231592
BFGS:   47 22:29:28    -1965.711060        0.309772
BFGS:   48 22:29:36    -1965.770264        0.248783
BFGS:   49 22:29:44    -1965.824341        0.168507
BFGS:   50 22:29:52    -1965.911255        0.223054
BFGS:   51 22:30:00    -1966.015137        0.308134
BFGS:   52 22:30:09    -1966.089233        0.299352
BFGS:   53 22:30:17    -1966.199951        0.283155
BFGS:   54 22:30:26    -1966.301758        0.273072
BFGS:   55 22:30:34    -1966.427124        0.187288
BFGS:   56 22:30:43    -1966.515991        0.302230
BFGS:   57 22:30:51    -1966.556763        0.218553
BFGS:   58 22:30:58    -1966.637085        0.183306
BFGS:   59 22:31:06    -1966.753662        0.158681
BFGS:   60 22:31:14    -1966.788818        0.139454
BFGS:   61 22:31:21    -1966.841919        0.129228
BFGS:   62 22:31:29    -1966.890991        0.148739
BFGS:   63 22:31:37    -1966.933838        0.139728
BFGS:   64 22:31:44    -1966.960571        0.121562
BFGS:   65 22:31:52    -1966.983276        0.094430
BFGS:   66 22:32:00    -1967.004517        0.096707
BFGS:   67 22:32:08    -1967.018921        0.080481
BFGS:   68 22:32:15    -1967.027100        0.108731
BFGS:   69 22:32:23    -1967.034790        0.073182
BFGS:   70 22:32:30    -1967.043213        0.057556
BFGS:   71 22:32:38    -1967.049072        0.059655
BFGS:   72 22:32:46    -1967.052368        0.040668
BFGS:   73 22:32:54    -1967.054932        0.035096
BFGS:   74 22:33:02    -1967.057617        0.030277
BFGS:   75 22:33:10    -1967.060303        0.039207
BFGS:   76 22:33:17    -1967.062622        0.036719
BFGS:   77 22:33:25    -1967.064819        0.026732
BFGS:   78 22:33:33    -1967.066650        0.026498
BFGS:   79 22:33:41    -1967.067871        0.026595
BFGS:   80 22:33:49    -1967.068970        0.024713
BFGS:   81 22:33:57    -1967.069580        0.019365
BFGS:   82 22:34:04    -1967.070435        0.016104
BFGS:   83 22:34:12    -1967.070923        0.014048
BFGS:   84 22:34:20    -1967.071167        0.015227
BFGS:   85 22:34:28    -1967.071533        0.012447
BFGS:   86 22:34:37    -1967.072021        0.013321
BFGS:   87 22:34:45    -1967.072144        0.012405
BFGS:   88 22:34:53    -1967.072388        0.010119
BFGS:   89 22:35:00    -1967.072632        0.009221
BFGS:   90 22:35:08    -1967.072632        0.009034
BFGS:   91 22:35:16    -1967.072754        0.009101
BFGS:   92 22:35:24    -1967.072876        0.008441
BFGS:   93 22:35:32    -1967.072998        0.006898
BFGS:   94 22:35:40    -1967.073120        0.004634
BFGS:   95 22:35:48    -1967.073242        0.003953
BFGS:   96 22:35:56    -1967.072998        0.004010
BFGS:   97 22:36:04    -1967.072998        0.003785
BFGS:   98 22:36:11    -1967.073242        0.003034
BFGS:   99 22:36:19    -1967.073120        0.003048
BFGS:  100 22:36:26    -1967.072998        0.002533
BFGS:  101 22:36:34    -1967.073242        0.002024
BFGS:  102 22:36:41    -1967.073120        0.001996
BFGS:  103 22:36:49    -1967.073120        0.002335
BFGS:  104 22:36:56    -1967.073242        0.002646
BFGS:  105 22:37:04    -1967.072998        0.002868
BFGS:  106 22:37:11    -1967.073242        0.003189
BFGS:  107 22:37:18    -1967.073242        0.003770
BFGS:  108 22:37:25    -1967.073120        0.004747
BFGS:  109 22:37:33    -1967.073242        0.006689
BFGS:  110 22:37:40    -1967.073242        0.012408
BFGS:  111 22:37:47    -1967.073364        0.046434
BFGS:  112 22:37:55    -1967.073730        0.044040
BFGS:  113 22:38:02    -1967.078003        0.075791
BFGS:  114 22:38:09    -1967.072510        0.332898
BFGS:  115 22:38:16    -1967.098511        0.069139
BFGS:  116 22:38:24    -1967.104004        0.052449
BFGS:  117 22:38:31    -1967.109497        0.145835
BFGS:  118 22:38:38    -1967.115601        0.046804
BFGS:  119 22:38:46    -1967.117554        0.035518
BFGS:  120 22:38:53    -1967.121216        0.038591
BFGS:  121 22:39:00    -1967.122803        0.034289
BFGS:  122 22:39:08    -1967.125732        0.045884
BFGS:  123 22:39:15    -1967.126465        0.035356
BFGS:  124 22:39:23    -1967.127197        0.024162
BFGS:  125 22:39:30    -1967.128174        0.025429
BFGS:  126 22:39:37    -1967.129272        0.034119
BFGS:  127 22:39:44    -1967.130005        0.037221
BFGS:  128 22:39:52    -1967.130615        0.033379
BFGS:  129 22:39:59    -1967.131104        0.019764
BFGS:  130 22:40:06    -1967.131592        0.014610
BFGS:  131 22:40:13    -1967.131836        0.015626
BFGS:  132 22:40:19    -1967.132080        0.017793
BFGS:  133 22:40:25    -1967.132202        0.012140
BFGS:  134 22:40:31    -1967.132324        0.011115
BFGS:  135 22:40:37    -1967.132446        0.010403
BFGS:  136 22:40:43    -1967.132568        0.010531
BFGS:  137 22:40:48    -1967.132812        0.010262
BFGS:  138 22:40:53    -1967.132812        0.010823
BFGS:  139 22:40:59    -1967.132812        0.011549
BFGS:  140 22:41:04    -1967.132935        0.012313
BFGS:  141 22:41:09    -1967.133057        0.013758
BFGS:  142 22:41:15    -1967.133179        0.014322
BFGS:  143 22:41:20    -1967.133545        0.018274
BFGS:  144 22:41:25    -1967.133789        0.024229
BFGS:  145 22:41:31    -1967.134644        0.034879
BFGS:  146 22:41:36    -1967.135742        0.052703
BFGS:  147 22:41:41    -1967.138428        0.085941
BFGS:  148 22:41:47    -1967.142334        0.111845
BFGS:  149 22:41:52    -1967.152588        0.136341
BFGS:  150 22:41:58    -1967.174805        0.172042
BFGS:  151 22:42:03    -1967.192383        0.161135
BFGS:  152 22:42:08    -1967.219849        0.203113
BFGS:  153 22:42:14    -1967.238770        0.139129
BFGS:  154 22:42:19    -1967.270996        0.148264
BFGS:  155 22:42:25    -1967.293701        0.163704
BFGS:  156 22:42:30    -1967.320557        0.173821
BFGS:  157 22:42:35    -1967.343994        0.150666
BFGS:  158 22:42:40    -1967.374146        0.189595
BFGS:  159 22:42:45    -1967.402466        0.179573
BFGS:  160 22:42:51    -1967.427246        0.205915
BFGS:  161 22:42:56    -1967.446289        0.178577
BFGS:  162 22:43:01    -1967.467529        0.158736
BFGS:  163 22:43:06    -1967.498291        0.163199
BFGS:  164 22:43:11    -1967.517212        0.143782
BFGS:  165 22:43:16    -1967.539551        0.137107
BFGS:  166 22:43:21    -1967.554443        0.091071
BFGS:  167 22:43:26    -1967.568970        0.111150
BFGS:  168 22:43:31    -1967.583252        0.126029
BFGS:  169 22:43:36    -1967.600342        0.120164
BFGS:  170 22:43:42    -1967.615112        0.088183
BFGS:  171 22:43:47    -1967.626587        0.077600
BFGS:  172 22:43:52    -1967.636719        0.081570
BFGS:  173 22:43:57    -1967.646362        0.090959
BFGS:  174 22:44:02    -1967.654541        0.068945
BFGS:  175 22:44:07    -1967.660156        0.057145
BFGS:  176 22:44:13    -1967.664673        0.058661
BFGS:  177 22:44:18    -1967.669189        0.074631
BFGS:  178 22:44:23    -1967.674194        0.063617
BFGS:  179 22:44:28    -1967.678467        0.053079
BFGS:  180 22:44:33    -1967.681641        0.052998
BFGS:  181 22:44:38    -1967.684937        0.054736
BFGS:  182 22:44:43    -1967.688721        0.069570
BFGS:  183 22:44:48    -1967.692627        0.053960
BFGS:  184 22:44:53    -1967.696655        0.054355
BFGS:  185 22:44:59    -1967.700806        0.067753
BFGS:  186 22:45:04    -1967.705566        0.072375
BFGS:  187 22:45:09    -1967.710571        0.069324
BFGS:  188 22:45:13    -1967.716797        0.078576
BFGS:  189 22:45:18    -1967.724121        0.089162
BFGS:  190 22:45:22    -1967.732422        0.093696
BFGS:  191 22:45:27    -1967.741211        0.095574
BFGS:  192 22:45:32    -1967.751099        0.088666
BFGS:  193 22:45:37    -1967.761597        0.102187
BFGS:  194 22:45:41    -1967.772949        0.116944
BFGS:  195 22:45:46    -1967.784912        0.112871
BFGS:  196 22:45:51    -1967.795898        0.092032
BFGS:  197 22:45:56    -1967.806641        0.097867
BFGS:  198 22:46:00    -1967.816406        0.094757
BFGS:  199 22:46:05    -1967.825195        0.091005
BFGS:  200 22:46:10    -1967.832397        0.090379
BFGS:  201 22:46:14    -1967.839722        0.077410
BFGS:  202 22:46:19    -1967.848022        0.076469
BFGS:  203 22:46:24    -1967.855713        0.086025
BFGS:  204 22:46:28    -1967.864258        0.080694
BFGS:  205 22:46:33    -1967.872803        0.082507
BFGS:  206 22:46:37    -1967.880981        0.086427
BFGS:  207 22:46:42    -1967.889160        0.082406
BFGS:  208 22:46:47    -1967.897217        0.083211
BFGS:  209 22:46:52    -1967.905273        0.083727
BFGS:  210 22:46:56    -1967.913208        0.073738
BFGS:  211 22:47:01    -1967.920654        0.069096
BFGS:  212 22:47:06    -1967.927612        0.080228
BFGS:  213 22:47:10    -1967.933960        0.076076
BFGS:  214 22:47:15    -1967.939819        0.059185
BFGS:  215 22:47:20    -1967.944336        0.055352
BFGS:  216 22:47:24    -1967.947876        0.059509
BFGS:  217 22:47:30    -1967.951294        0.075253
BFGS:  218 22:47:35    -1967.954956        0.059978
BFGS:  219 22:47:40    -1967.958496        0.058025
BFGS:  220 22:47:45    -1967.961670        0.044827
BFGS:  221 22:47:50    -1967.964722        0.049524
BFGS:  222 22:47:55    -1967.967285        0.045301
BFGS:  223 22:48:00    -1967.970337        0.045818
BFGS:  224 22:48:05    -1967.972778        0.039143
BFGS:  225 22:48:10    -1967.974976        0.041898
BFGS:  226 22:48:15    -1967.977051        0.041410
BFGS:  227 22:48:20    -1967.979004        0.041789
BFGS:  228 22:48:25    -1967.980835        0.045924
BFGS:  229 22:48:30    -1967.982666        0.041742
BFGS:  230 22:48:35    -1967.984131        0.037132
BFGS:  231 22:48:40    -1967.985596        0.033791
BFGS:  232 22:48:45    -1967.987061        0.032093
BFGS:  233 22:48:50    -1967.988159        0.029655
BFGS:  234 22:48:55    -1967.989258        0.029560
BFGS:  235 22:49:00    -1967.990234        0.030742
BFGS:  236 22:49:05    -1967.991211        0.025623
BFGS:  237 22:49:09    -1967.991943        0.023034
BFGS:  238 22:49:14    -1967.992310        0.023258
BFGS:  239 22:49:18    -1967.992798        0.022089
BFGS:  240 22:49:23    -1967.993408        0.021195
BFGS:  241 22:49:28    -1967.993774        0.018952
BFGS:  242 22:49:33    -1967.994141        0.017235
BFGS:  243 22:49:37    -1967.994507        0.023548
BFGS:  244 22:49:42    -1967.994629        0.020124
BFGS:  245 22:49:47    -1967.994751        0.012385
BFGS:  246 22:49:51    -1967.994995        0.012706
BFGS:  247 22:49:56    -1967.995361        0.014372
BFGS:  248 22:50:01    -1967.995361        0.014230
BFGS:  249 22:50:05    -1967.995605        0.010888
BFGS:  250 22:50:10    -1967.995605        0.010787
BFGS:  251 22:50:14    -1967.995850        0.009467
BFGS:  252 22:50:18    -1967.995972        0.011587
BFGS:  253 22:50:23    -1967.995972        0.010192
BFGS:  254 22:50:27    -1967.995972        0.007775
BFGS:  255 22:50:31    -1967.995972        0.008049
BFGS:  256 22:50:35    -1967.996216        0.009585
BFGS:  257 22:50:40    -1967.996338        0.009683
BFGS:  258 22:50:44    -1967.996460        0.006787
BFGS:  259 22:50:48    -1967.996460        0.006733
BFGS:  260 22:50:53    -1967.996338        0.009098
BFGS:  261 22:50:57    -1967.996582        0.008267
BFGS:  262 22:51:01    -1967.996460        0.005068
BFGS:  263 22:51:06    -1967.996582        0.004174
BFGS:  264 22:51:10    -1967.996460        0.004836
BFGS:  265 22:51:14    -1967.996582        0.006020
BFGS:  266 22:51:19    -1967.996582        0.004404
BFGS:  267 22:51:23    -1967.996582        0.004655
BFGS:  268 22:51:27    -1967.996582        0.004017
BFGS:  269 22:51:32    -1967.996582        0.004993
BFGS:  270 22:51:36    -1967.996704        0.004009
BFGS:  271 22:51:40    -1967.996582        0.003524
BFGS:  272 22:51:44    -1967.996704        0.003577
BFGS:  273 22:51:49    -1967.996582        0.003027
BFGS:  274 22:51:53    -1967.996704        0.003021
BFGS:  275 22:51:57    -1967.996704        0.002574
BFGS:  276 22:52:02    -1967.996704        0.002898
BFGS:  277 22:52:06    -1967.996826        0.002352
BFGS:  278 22:52:10    -1967.996826        0.001778
BFGS:  279 22:52:14    -1967.996826        0.001891
BFGS:  280 22:52:19    -1967.996704        0.001756
BFGS:  281 22:52:23    -1967.996582        0.001363
BFGS:  282 22:52:28    -1967.996704        0.001261
BFGS:  283 22:52:32    -1967.996704        0.001299
BFGS:  284 22:52:36    -1967.996826        0.001559
BFGS:  285 22:52:41    -1967.996948        0.001381
BFGS:  286 22:52:45    -1967.996582        0.001083
BFGS:  287 22:52:49    -1967.996704        0.001060
BFGS:  288 22:52:54    -1967.996826        0.001394
BFGS:  289 22:52:58    -1967.996826        0.001104
BFGS:  290 22:53:02    -1967.996948        0.000836
BFGS:  291 22:53:07    -1967.996826        0.000758
BFGS:  292 22:53:11    -1967.996704        0.000764
BFGS:  293 22:53:15    -1967.996826        0.000790
BFGS:  294 22:53:19    -1967.996704        0.000649
BFGS:  295 22:53:24    -1967.996826        0.000493
BFGS:  296 22:53:28    -1967.996704        0.000555
BFGS:  297 22:53:32    -1967.996826        0.000558
BFGS:  298 22:53:36    -1967.996582        0.000487
BFGS:  299 22:53:40    -1967.996704        0.000413
BFGS:  300 22:53:44    -1967.996826        0.000384
BFGS:  301 22:53:49    -1967.996704        0.000435
BFGS:  302 22:53:53    -1967.996826        0.000393
BFGS:  303 22:53:57    -1967.996826        0.000373
BFGS:  304 22:54:01    -1967.996826        0.000308
BFGS:  305 22:54:05    -1967.996704        0.000295
BFGS:  306 22:54:09    -1967.996704        0.000232
BFGS:  307 22:54:13    -1967.996826        0.000255
BFGS:  308 22:54:18    -1967.996826        0.000245
BFGS:  309 22:54:22    -1967.996826        0.000270
BFGS:  310 22:54:26    -1967.996704        0.000220
BFGS:  311 22:54:30    -1967.996826        0.000296
BFGS:  312 22:54:34    -1967.996826        0.000214
BFGS:  313 22:54:39    -1967.996826        0.000225
BFGS:  314 22:54:43    -1967.996704        0.000228
BFGS:  315 22:54:47    -1967.996704        0.000223
BFGS:  316 22:54:51    -1967.996948        0.000223
BFGS:  317 22:54:55    -1967.996826        0.000225
BFGS:  318 22:54:59    -1967.996948        0.000229
BFGS:  319 22:55:04    -1967.996704        0.000217
BFGS:  320 22:55:08    -1967.996704        0.000185
BFGS:  321 22:55:12    -1967.996704        0.000189
BFGS:  322 22:55:16    -1967.996826        0.000252
BFGS:  323 22:55:20    -1967.996704        0.000192
BFGS:  324 22:55:24    -1967.996582        0.000171
BFGS:  325 22:55:28    -1967.996704        0.000196
BFGS:  326 22:55:33    -1967.996704        0.000161
BFGS:  327 22:55:37    -1967.996826        0.000158
BFGS:  328 22:55:41    -1967.996948        0.000150
BFGS:  329 22:55:45    -1967.996826        0.000129
BFGS:  330 22:55:49    -1967.996826        0.000195
BFGS:  331 22:55:54    -1967.996826        0.000123
BFGS:  332 22:55:58    -1967.996704        0.000133
BFGS:  333 22:56:02    -1967.996826        0.000117
BFGS:  334 22:56:06    -1967.996826        0.000110
BFGS:  335 22:56:10    -1967.996826        0.000116
BFGS:  336 22:56:14    -1967.996826        0.000106
BFGS:  337 22:56:18    -1967.996826        0.000163
BFGS:  338 22:56:22    -1967.996826        0.000101
BFGS:  339 22:56:27    -1967.996826        0.000121
BFGS:  340 22:56:31    -1967.996582        0.000130
BFGS:  341 22:56:35    -1967.996826        0.000138
BFGS:  342 22:56:39    -1967.996704        0.000095
