

Relaxation Sigma3(1-12), CHGNet(v0_2_0)....

CHGNet v0.2.0 initialized with 400,438 parameters
CHGNet will run on cpu
CHGNet will run on cpu
      Step     Time          Energy          fmax
BFGS:    0 11:00:05     -400.908279        1.008146
BFGS:    1 11:00:06     -400.970810        0.955769
BFGS:    2 11:00:06     -401.580276        0.391926
BFGS:    3 11:00:07     -401.733948        0.278359
BFGS:    4 11:00:07     -401.744110        0.269543
BFGS:    5 11:00:08     -401.897781        0.184926
BFGS:    6 11:00:09     -401.905380        0.190211
BFGS:    7 11:00:09     -401.915543        0.176033
BFGS:    8 11:00:10     -401.936188        0.131285
BFGS:    9 11:00:10     -401.957657        0.118074
BFGS:   10 11:00:11     -401.968185        0.132510
BFGS:   11 11:00:11     -401.972397        0.131549
BFGS:   12 11:00:12     -401.981003        0.112841
BFGS:   13 11:00:12     -401.993225        0.077293
BFGS:   14 11:00:13     -402.005676        0.096894
BFGS:   15 11:00:14     -402.012543        0.090383
BFGS:   16 11:00:15     -402.015427        0.094528
BFGS:   17 11:00:16     -402.017441        0.085966
BFGS:   18 11:00:16     -402.021286        0.057545
BFGS:   19 11:00:17     -402.025085        0.052919
BFGS:   20 11:00:18     -402.026825        0.040389
BFGS:   21 11:00:19     -402.027283        0.040403
BFGS:   22 11:00:20     -402.027557        0.040420
BFGS:   23 11:00:21     -402.027969        0.040434
BFGS:   24 11:00:22     -402.028381        0.040430
BFGS:   25 11:00:22     -402.028610        0.040411
BFGS:   26 11:00:23     -402.028748        0.040395
BFGS:   27 11:00:24     -402.028839        0.040375
BFGS:   28 11:00:25     -402.029114        0.040334
BFGS:   29 11:00:26     -402.029572        0.040256
BFGS:   30 11:00:27     -402.030396        0.040133
BFGS:   31 11:00:27     -402.031219        0.045170
BFGS:   32 11:00:28     -402.031906        0.046862
BFGS:   33 11:00:29     -402.032639        0.041496
BFGS:   34 11:00:30     -402.033920        0.040381
BFGS:   35 11:00:31     -402.036392        0.050257
BFGS:   36 11:00:31     -402.040146        0.052046
BFGS:   37 11:00:32     -402.044037        0.069301
BFGS:   38 11:00:33     -402.046829        0.073220
BFGS:   39 11:00:34     -402.049118        0.069785
BFGS:   40 11:00:35     -402.053101        0.078981
BFGS:   41 11:00:35     -402.058868        0.088877
BFGS:   42 11:00:36     -402.064499        0.079793
BFGS:   43 11:00:37     -402.069855        0.077152
BFGS:   44 11:00:38     -402.074524        0.086292
BFGS:   45 11:00:39     -402.078415        0.090269
BFGS:   46 11:00:40     -402.081848        0.089354
BFGS:   47 11:00:40     -402.085144        0.092213
BFGS:   48 11:00:41     -402.088989        0.105952
BFGS:   49 11:00:42     -402.093430        0.110986
BFGS:   50 11:00:43     -402.098419        0.108034
BFGS:   51 11:00:43     -402.103729        0.097809
BFGS:   52 11:00:44     -402.108948        0.082114
BFGS:   53 11:00:45     -402.113937        0.086593
BFGS:   54 11:00:46     -402.118286        0.100226
BFGS:   55 11:00:47     -402.122131        0.112821
BFGS:   56 11:00:47     -402.125702        0.124238
BFGS:   57 11:00:48     -402.129639        0.131369
BFGS:   58 11:00:49     -402.134491        0.134055
BFGS:   59 11:00:49     -402.140076        0.133559
BFGS:   60 11:00:50     -402.145752        0.131495
BFGS:   61 11:00:51     -402.150970        0.131324
BFGS:   62 11:00:51     -402.155502        0.129891
BFGS:   63 11:00:52     -402.159485        0.127110
BFGS:   64 11:00:53     -402.163147        0.123053
BFGS:   65 11:00:53     -402.166718        0.127173
BFGS:   66 11:00:54     -402.170288        0.132702
BFGS:   67 11:00:55     -402.173904        0.134180
BFGS:   68 11:00:55     -402.177612        0.132394
BFGS:   69 11:00:56     -402.181458        0.127771
BFGS:   70 11:00:57     -402.185257        0.120925
BFGS:   71 11:00:57     -402.189011        0.112077
BFGS:   72 11:00:58     -402.192719        0.107578
BFGS:   73 11:00:59     -402.196289        0.109086
BFGS:   74 11:00:59     -402.199677        0.109929
BFGS:   75 11:01:00     -402.202927        0.110216
BFGS:   76 11:01:01     -402.205948        0.109921
BFGS:   77 11:01:01     -402.208786        0.109070
BFGS:   78 11:01:02     -402.211533        0.107657
BFGS:   79 11:01:03     -402.214142        0.105596
BFGS:   80 11:01:03     -402.216705        0.102851
BFGS:   81 11:01:04     -402.219223        0.099414
BFGS:   82 11:01:05     -402.221832        0.100846
BFGS:   83 11:01:05     -402.224533        0.104303
BFGS:   84 11:01:06     -402.227234        0.110841
BFGS:   85 11:01:07     -402.230255        0.115100
BFGS:   86 11:01:07     -402.233368        0.120061
BFGS:   87 11:01:08     -402.236664        0.121428
BFGS:   88 11:01:09     -402.240097        0.118663
BFGS:   89 11:01:09     -402.243622        0.110917
BFGS:   90 11:01:10     -402.247147        0.113405
BFGS:   91 11:01:10     -402.250763        0.120549
BFGS:   92 11:01:11     -402.254700        0.128803
BFGS:   93 11:01:12     -402.259186        0.130398
BFGS:   94 11:01:13     -402.264725        0.120659
BFGS:   95 11:01:13     -402.273102        0.138183
BFGS:   96 11:01:14     -402.280609        0.131776
BFGS:   97 11:01:14     -402.284500        0.121113
BFGS:   98 11:01:15     -402.287292        0.109256
BFGS:   99 11:01:16     -402.289673        0.097544
BFGS:  100 11:01:16     -402.291733        0.096059
BFGS:  101 11:01:17     -402.293655        0.096301
BFGS:  102 11:01:18     -402.295486        0.095526
BFGS:  103 11:01:18     -402.297226        0.093843
BFGS:  104 11:01:19     -402.298920        0.091296
BFGS:  105 11:01:20     -402.300568        0.090146
BFGS:  106 11:01:20     -402.302124        0.089275
BFGS:  107 11:01:21     -402.303680        0.088347
BFGS:  108 11:01:22     -402.305145        0.087362
BFGS:  109 11:01:22     -402.306473        0.086232
BFGS:  110 11:01:23     -402.307846        0.084787
BFGS:  111 11:01:23     -402.309128        0.082963
BFGS:  112 11:01:24     -402.310272        0.080788
BFGS:  113 11:01:25     -402.311417        0.079984
BFGS:  114 11:01:25     -402.312469        0.079737
BFGS:  115 11:01:26     -402.313385        0.078636
BFGS:  116 11:01:27     -402.314255        0.080426
BFGS:  117 11:01:27     -402.314941        0.084580
BFGS:  118 11:01:28     -402.315582        0.088257
BFGS:  119 11:01:29     -402.316086        0.091182
BFGS:  120 11:01:29     -402.316498        0.092869
BFGS:  121 11:01:30     -402.316818        0.092209
BFGS:  122 11:01:30     -402.317322        0.086483
BFGS:  123 11:01:31     -402.318924        0.073477
BFGS:  124 11:01:32     -402.322861        0.065234
BFGS:  125 11:01:33     -402.327484        0.051308
BFGS:  126 11:01:33     -402.331375        0.044054
BFGS:  127 11:01:34     -402.333298        0.035676
BFGS:  128 11:01:34     -402.333344        0.027628
BFGS:  129 11:01:35     -402.331741        0.020142
BFGS:  130 11:01:36     -402.329681        0.017911
BFGS:  131 11:01:36     -402.328537        0.017030
BFGS:  132 11:01:37     -402.328400        0.016249
BFGS:  133 11:01:38     -402.328766        0.014993
BFGS:  134 11:01:38     -402.329636        0.013400
BFGS:  135 11:01:39     -402.330597        0.011679
BFGS:  136 11:01:40     -402.331009        0.009839
BFGS:  137 11:01:40     -402.330963        0.008818
BFGS:  138 11:01:41     -402.330643        0.008742
BFGS:  139 11:01:42     -402.330002        0.007796
BFGS:  140 11:01:42     -402.329453        0.007464
BFGS:  141 11:01:43     -402.329361        0.008192
BFGS:  142 11:01:43     -402.329498        0.007845
BFGS:  143 11:01:44     -402.329865        0.006020
BFGS:  144 11:01:45     -402.330276        0.005555
BFGS:  145 11:01:46     -402.330460        0.006200
BFGS:  146 11:01:46     -402.330368        0.006517
BFGS:  147 11:01:47     -402.330139        0.005795
BFGS:  148 11:01:47     -402.329819        0.004733
BFGS:  149 11:01:48     -402.329590        0.004604
BFGS:  150 11:01:48     -402.329590        0.005295
BFGS:  151 11:01:49     -402.329773        0.005700
BFGS:  152 11:01:50     -402.330048        0.005547
BFGS:  153 11:01:50     -402.330368        0.004731
BFGS:  154 11:01:51     -402.330597        0.004118
BFGS:  155 11:01:52     -402.330597        0.004045
BFGS:  156 11:01:52     -402.330322        0.003848
BFGS:  157 11:01:53     -402.330048        0.004479
BFGS:  158 11:01:53     -402.329865        0.004529
BFGS:  159 11:01:54     -402.329727        0.004109
BFGS:  160 11:01:55     -402.329681        0.003614
BFGS:  161 11:01:55     -402.329865        0.003812
BFGS:  162 11:01:56     -402.330002        0.004256
BFGS:  163 11:01:56     -402.330139        0.003949
BFGS:  164 11:01:57     -402.330185        0.003572
BFGS:  165 11:01:58     -402.330231        0.003448
BFGS:  166 11:01:58     -402.330185        0.004000
BFGS:  167 11:01:59     -402.330139        0.004159
BFGS:  168 11:02:00     -402.330048        0.004062
BFGS:  169 11:02:00     -402.330002        0.004335
BFGS:  170 11:02:01     -402.329956        0.003842
BFGS:  171 11:02:01     -402.329956        0.003657
BFGS:  172 11:02:02     -402.329910        0.003267
BFGS:  173 11:02:03     -402.329956        0.003755
BFGS:  174 11:02:03     -402.330002        0.003843
BFGS:  175 11:02:04     -402.330048        0.003595
BFGS:  176 11:02:05     -402.330093        0.003910
BFGS:  177 11:02:05     -402.330139        0.003917
BFGS:  178 11:02:06     -402.330139        0.004317
BFGS:  179 11:02:06     -402.330093        0.005075
BFGS:  180 11:02:07     -402.329956        0.005316
BFGS:  181 11:02:08     -402.329819        0.005145
BFGS:  182 11:02:08     -402.329727        0.004508
BFGS:  183 11:02:09     -402.329681        0.003741
BFGS:  184 11:02:09     -402.329727        0.004512
BFGS:  185 11:02:10     -402.329819        0.004524
BFGS:  186 11:02:11     -402.329956        0.003836
BFGS:  187 11:02:12     -402.330002        0.003024
BFGS:  188 11:02:12     -402.330048        0.002704
BFGS:  189 11:02:13     -402.330002        0.002438
BFGS:  190 11:02:13     -402.329865        0.002157
BFGS:  191 11:02:14     -402.329819        0.001819
BFGS:  192 11:02:14     -402.329819        0.001506
BFGS:  193 11:02:15     -402.329773        0.000922
BFGS:  194 11:02:16     -402.329819        0.000866
BFGS:  195 11:02:16     -402.329865        0.000868
BFGS:  196 11:02:17     -402.329865        0.000814
BFGS:  197 11:02:18     -402.329865        0.000691
BFGS:  198 11:02:18     -402.329865        0.000551
BFGS:  199 11:02:19     -402.329865        0.000545
BFGS:  200 11:02:19     -402.329819        0.000539
BFGS:  201 11:02:20     -402.329819        0.000499
BFGS:  202 11:02:21     -402.329865        0.000454
BFGS:  203 11:02:21     -402.329819        0.000403
BFGS:  204 11:02:22     -402.329865        0.000309
BFGS:  205 11:02:22     -402.329865        0.000307
BFGS:  206 11:02:23     -402.329819        0.000292
BFGS:  207 11:02:24     -402.329819        0.000235
BFGS:  208 11:02:24     -402.329819        0.000161
BFGS:  209 11:02:25     -402.329865        0.000184
BFGS:  210 11:02:25     -402.329865        0.000159
BFGS:  211 11:02:26     -402.329865        0.000150
BFGS:  212 11:02:27     -402.329865        0.000151
BFGS:  213 11:02:27     -402.329865        0.000131
BFGS:  214 11:02:28     -402.329865        0.000116
BFGS:  215 11:02:28     -402.329819        0.000125
BFGS:  216 11:02:29     -402.329865        0.000111
BFGS:  217 11:02:30     -402.329819        0.000174
BFGS:  218 11:02:30     -402.329865        0.000127
BFGS:  219 11:02:31     -402.329819        0.000111
BFGS:  220 11:02:32     -402.329865        0.000134
BFGS:  221 11:02:32     -402.329865        0.000104
BFGS:  222 11:02:33     -402.329819        0.000122
BFGS:  223 11:02:33     -402.329865        0.000076
