

Relaxation Sigma11(3-32), CHGNet(v0_2_0)....

CHGNet v0.2.0 initialized with 400,438 parameters
CHGNet will run on cpu
CHGNet will run on cpu
      Step     Time          Energy          fmax
BFGS:    0 11:00:05     -348.924648        1.075415
BFGS:    1 11:00:06     -348.981686        1.019348
BFGS:    2 11:00:06     -349.483206        0.462930
BFGS:    3 11:00:06     -349.575531        0.632180
BFGS:    4 11:00:07     -349.603970        0.582394
BFGS:    5 11:00:07     -349.783733        0.255780
BFGS:    6 11:00:08     -349.798914        0.275011
BFGS:    7 11:00:08     -349.861959        0.284365
BFGS:    8 11:00:09     -349.911186        0.246252
BFGS:    9 11:00:09     -349.958050        0.211357
BFGS:   10 11:00:10     -349.984285        0.225880
BFGS:   11 11:00:10     -350.010921        0.246937
BFGS:   12 11:00:10     -350.050655        0.294145
BFGS:   13 11:00:11     -350.092232        0.230927
BFGS:   14 11:00:11     -350.118988        0.234191
BFGS:   15 11:00:12     -350.133568        0.252628
BFGS:   16 11:00:12     -350.148788        0.203006
BFGS:   17 11:00:13     -350.169376        0.168636
BFGS:   18 11:00:13     -350.188963        0.129685
BFGS:   19 11:00:14     -350.200579        0.115125
BFGS:   20 11:00:15     -350.206427        0.131678
BFGS:   21 11:00:15     -350.212595        0.130756
BFGS:   22 11:00:16     -350.222208        0.112546
BFGS:   23 11:00:16     -350.231701        0.099638
BFGS:   24 11:00:17     -350.237469        0.117490
BFGS:   25 11:00:18     -350.240553        0.095912
BFGS:   26 11:00:18     -350.244478        0.072806
BFGS:   27 11:00:19     -350.248444        0.061157
BFGS:   28 11:00:20     -350.251247        0.059928
BFGS:   29 11:00:21     -350.252369        0.058135
BFGS:   30 11:00:21     -350.252890        0.046577
BFGS:   31 11:00:22     -350.253611        0.046516
BFGS:   32 11:00:23     -350.254332        0.046434
BFGS:   33 11:00:23     -350.254772        0.046370
BFGS:   34 11:00:24     -350.255013        0.046337
BFGS:   35 11:00:25     -350.255293        0.046310
BFGS:   36 11:00:25     -350.255733        0.046283
BFGS:   37 11:00:26     -350.256294        0.046251
BFGS:   38 11:00:27     -350.256695        0.046225
BFGS:   39 11:00:27     -350.256975        0.046208
BFGS:   40 11:00:28     -350.257336        0.046191
BFGS:   41 11:00:29     -350.257977        0.046158
BFGS:   42 11:00:30     -350.258898        0.046103
BFGS:   43 11:00:30     -350.259779        0.046038
BFGS:   44 11:00:31     -350.260500        0.045981
BFGS:   45 11:00:31     -350.261301        0.045924
BFGS:   46 11:00:32     -350.262543        0.056160
BFGS:   47 11:00:33     -350.265066        0.062135
BFGS:   48 11:00:33     -350.269112        0.093663
BFGS:   49 11:00:34     -350.273638        0.124459
BFGS:   50 11:00:35     -350.277603        0.125871
BFGS:   51 11:00:35     -350.282009        0.111232
BFGS:   52 11:00:36     -350.288258        0.129161
BFGS:   53 11:00:37     -350.294907        0.140144
BFGS:   54 11:00:37     -350.301716        0.141763
BFGS:   55 11:00:38     -350.308405        0.137860
BFGS:   56 11:00:39     -350.314734        0.131756
BFGS:   57 11:00:39     -350.320541        0.124894
BFGS:   58 11:00:40     -350.325788        0.117447
BFGS:   59 11:00:41     -350.330435        0.109654
BFGS:   60 11:00:41     -350.334641        0.102812
BFGS:   61 11:00:42     -350.338446        0.097752
BFGS:   62 11:00:42     -350.341930        0.093029
BFGS:   63 11:00:43     -350.345215        0.088459
BFGS:   64 11:00:44     -350.348379        0.084121
BFGS:   65 11:00:44     -350.351624        0.080238
BFGS:   66 11:00:45     -350.355228        0.077233
BFGS:   67 11:00:46     -350.359314        0.090919
BFGS:   68 11:00:46     -350.362478        0.100942
BFGS:   69 11:00:47     -350.367846        0.114651
BFGS:   70 11:00:47     -350.372892        0.129014
BFGS:   71 11:00:48     -350.383146        0.140154
BFGS:   72 11:00:48     -350.391317        0.149259
BFGS:   73 11:00:49     -350.397406        0.147598
BFGS:   74 11:00:49     -350.402773        0.143720
BFGS:   75 11:00:50     -350.407740        0.138509
BFGS:   76 11:00:50     -350.412506        0.132690
BFGS:   77 11:00:51     -350.417032        0.126647
BFGS:   78 11:00:51     -350.421398        0.120496
BFGS:   79 11:00:52     -350.425644        0.122232
BFGS:   80 11:00:53     -350.429729        0.126150
BFGS:   81 11:00:53     -350.433695        0.129434
BFGS:   82 11:00:54     -350.437540        0.131919
BFGS:   83 11:00:54     -350.441305        0.133701
BFGS:   84 11:00:55     -350.444950        0.134712
BFGS:   85 11:00:55     -350.448555        0.135042
BFGS:   86 11:00:56     -350.452000        0.135000
BFGS:   87 11:00:56     -350.455284        0.134555
BFGS:   88 11:00:57     -350.458529        0.133616
BFGS:   89 11:00:57     -350.461693        0.132115
BFGS:   90 11:00:58     -350.464737        0.130171
BFGS:   91 11:00:58     -350.467741        0.128016
BFGS:   92 11:00:59     -350.470665        0.125578
BFGS:   93 11:01:00     -350.473509        0.122870
BFGS:   94 11:01:00     -350.476273        0.119765
BFGS:   95 11:01:01     -350.479036        0.116453
BFGS:   96 11:01:01     -350.481720        0.112920
BFGS:   97 11:01:02     -350.484444        0.109196
BFGS:   98 11:01:02     -350.487127        0.105351
BFGS:   99 11:01:03     -350.489811        0.101452
BFGS:  100 11:01:03     -350.492535        0.097463
BFGS:  101 11:01:04     -350.495258        0.103839
BFGS:  102 11:01:04     -350.498062        0.111736
BFGS:  103 11:01:05     -350.500866        0.119452
BFGS:  104 11:01:05     -350.503710        0.126886
BFGS:  105 11:01:06     -350.506634        0.134014
BFGS:  106 11:01:06     -350.509638        0.140793
BFGS:  107 11:01:07     -350.512602        0.147194
BFGS:  108 11:01:07     -350.515606        0.153183
BFGS:  109 11:01:08     -350.518730        0.158775
BFGS:  110 11:01:08     -350.521854        0.163896
BFGS:  111 11:01:09     -350.525059        0.168618
BFGS:  112 11:01:09     -350.528303        0.173085
BFGS:  113 11:01:10     -350.531588        0.177229
BFGS:  114 11:01:10     -350.534952        0.181057
BFGS:  115 11:01:11     -350.538317        0.184460
BFGS:  116 11:01:11     -350.541721        0.187487
BFGS:  117 11:01:12     -350.545126        0.190132
BFGS:  118 11:01:12     -350.548571        0.192325
BFGS:  119 11:01:13     -350.552015        0.194176
BFGS:  120 11:01:14     -350.555460        0.195659
BFGS:  121 11:01:14     -350.558905        0.196813
BFGS:  122 11:01:15     -350.562349        0.197692
BFGS:  123 11:01:15     -350.565714        0.198316
BFGS:  124 11:01:16     -350.569078        0.198789
BFGS:  125 11:01:16     -350.572403        0.199184
BFGS:  126 11:01:17     -350.575687        0.199479
BFGS:  127 11:01:17     -350.579012        0.199726
BFGS:  128 11:01:18     -350.582256        0.199945
BFGS:  129 11:01:18     -350.585501        0.200077
BFGS:  130 11:01:19     -350.588705        0.200090
BFGS:  131 11:01:19     -350.591869        0.200134
BFGS:  132 11:01:20     -350.594994        0.200072
BFGS:  133 11:01:20     -350.598158        0.199835
BFGS:  134 11:01:21     -350.601242        0.199436
BFGS:  135 11:01:21     -350.604286        0.198713
BFGS:  136 11:01:22     -350.607330        0.197730
BFGS:  137 11:01:22     -350.610254        0.196358
BFGS:  138 11:01:23     -350.613138        0.194662
BFGS:  139 11:01:23     -350.615942        0.192693
BFGS:  140 11:01:24     -350.618666        0.190430
BFGS:  141 11:01:24     -350.621309        0.187976
BFGS:  142 11:01:25     -350.623873        0.185372
BFGS:  143 11:01:25     -350.626396        0.182553
BFGS:  144 11:01:26     -350.628759        0.179569
BFGS:  145 11:01:26     -350.631083        0.176261
BFGS:  146 11:01:27     -350.633245        0.172600
BFGS:  147 11:01:27     -350.635328        0.168555
BFGS:  148 11:01:28     -350.637291        0.164050
BFGS:  149 11:01:28     -350.639093        0.159092
BFGS:  150 11:01:29     -350.640776        0.153582
BFGS:  151 11:01:29     -350.642258        0.147462
BFGS:  152 11:01:30     -350.643579        0.140510
BFGS:  153 11:01:30     -350.644781        0.132639
BFGS:  154 11:01:31     -350.645702        0.123646
BFGS:  155 11:01:31     -350.646343        0.113275
BFGS:  156 11:01:32     -350.646704        0.101030
BFGS:  157 11:01:32     -350.646704        0.086095
BFGS:  158 11:01:33     -350.646303        0.066720
BFGS:  159 11:01:34     -350.645382        0.040795
BFGS:  160 11:01:34     -350.646624        0.039429
BFGS:  161 11:01:35     -350.650709        0.034142
BFGS:  162 11:01:35     -350.654234        0.028752
BFGS:  163 11:01:36     -350.657438        0.022972
BFGS:  164 11:01:36     -350.660042        0.016952
BFGS:  165 11:01:37     -350.660362        0.014971
BFGS:  166 11:01:37     -350.660002        0.010225
BFGS:  167 11:01:38     -350.658360        0.007725
BFGS:  168 11:01:38     -350.656437        0.008162
BFGS:  169 11:01:39     -350.655596        0.007593
BFGS:  170 11:01:39     -350.655596        0.006711
BFGS:  171 11:01:39     -350.655916        0.005470
BFGS:  172 11:01:40     -350.656277        0.003647
BFGS:  173 11:01:41     -350.656557        0.003941
BFGS:  174 11:01:41     -350.656597        0.003883
BFGS:  175 11:01:42     -350.656557        0.003169
BFGS:  176 11:01:42     -350.656477        0.001813
BFGS:  177 11:01:43     -350.656357        0.001188
BFGS:  178 11:01:43     -350.656317        0.001154
BFGS:  179 11:01:44     -350.656317        0.000916
BFGS:  180 11:01:44     -350.656317        0.000649
BFGS:  181 11:01:45     -350.656317        0.000488
BFGS:  182 11:01:45     -350.656317        0.000541
BFGS:  183 11:01:46     -350.656317        0.000551
BFGS:  184 11:01:46     -350.656317        0.000540
BFGS:  185 11:01:47     -350.656317        0.000488
BFGS:  186 11:01:47     -350.656357        0.000560
BFGS:  187 11:01:48     -350.656357        0.000680
BFGS:  188 11:01:48     -350.656397        0.000683
BFGS:  189 11:01:49     -350.656397        0.000564
BFGS:  190 11:01:49     -350.656397        0.000566
BFGS:  191 11:01:50     -350.656397        0.000573
BFGS:  192 11:01:50     -350.656357        0.000535
BFGS:  193 11:01:50     -350.656357        0.000644
BFGS:  194 11:01:51     -350.656357        0.000614
BFGS:  195 11:01:51     -350.656357        0.000517
BFGS:  196 11:01:52     -350.656357        0.000358
BFGS:  197 11:01:52     -350.656357        0.000299
BFGS:  198 11:01:53     -350.656357        0.000275
BFGS:  199 11:01:54     -350.656357        0.000279
BFGS:  200 11:01:54     -350.656357        0.000282
BFGS:  201 11:01:54     -350.656317        0.000251
BFGS:  202 11:01:55     -350.656357        0.000271
BFGS:  203 11:01:55     -350.656317        0.000307
BFGS:  204 11:01:56     -350.656317        0.000300
BFGS:  205 11:01:56     -350.656357        0.000246
BFGS:  206 11:01:57     -350.656357        0.000269
BFGS:  207 11:01:57     -350.656357        0.000320
BFGS:  208 11:01:58     -350.656357        0.000395
BFGS:  209 11:01:58     -350.656357        0.000413
BFGS:  210 11:01:59     -350.656317        0.000297
BFGS:  211 11:01:59     -350.656317        0.000303
BFGS:  212 11:02:00     -350.656317        0.000415
BFGS:  213 11:02:00     -350.656317        0.000492
BFGS:  214 11:02:01     -350.656357        0.000451
BFGS:  215 11:02:01     -350.656357        0.000287
BFGS:  216 11:02:02     -350.656357        0.000285
BFGS:  217 11:02:02     -350.656357        0.000444
BFGS:  218 11:02:03     -350.656357        0.000598
BFGS:  219 11:02:03     -350.656357        0.000633
BFGS:  220 11:02:04     -350.656397        0.000556
BFGS:  221 11:02:04     -350.656357        0.000405
BFGS:  222 11:02:05     -350.656397        0.000751
BFGS:  223 11:02:05     -350.656397        0.000825
BFGS:  224 11:02:06     -350.656397        0.000978
BFGS:  225 11:02:06     -350.656397        0.001019
BFGS:  226 11:02:07     -350.656357        0.001395
BFGS:  227 11:02:07     -350.656397        0.001984
BFGS:  228 11:02:08     -350.656397        0.003085
BFGS:  229 11:02:08     -350.656437        0.005198
BFGS:  230 11:02:09     -350.656557        0.007600
BFGS:  231 11:02:09     -350.656757        0.010358
BFGS:  232 11:02:10     -350.657078        0.012765
BFGS:  233 11:02:10     -350.657518        0.013593
BFGS:  234 11:02:11     -350.657799        0.009921
BFGS:  235 11:02:11     -350.657799        0.010791
BFGS:  236 11:02:12     -350.657358        0.008953
BFGS:  237 11:02:12     -350.657518        0.007214
BFGS:  238 11:02:13     -350.657719        0.006302
BFGS:  239 11:02:13     -350.657879        0.005621
BFGS:  240 11:02:14     -350.658119        0.004813
BFGS:  241 11:02:14     -350.658199        0.004564
BFGS:  242 11:02:15     -350.658239        0.004516
BFGS:  243 11:02:15     -350.658279        0.004330
BFGS:  244 11:02:16     -350.658279        0.004075
BFGS:  245 11:02:16     -350.658279        0.003916
BFGS:  246 11:02:16     -350.658199        0.003527
BFGS:  247 11:02:17     -350.658199        0.002994
BFGS:  248 11:02:17     -350.658159        0.002471
BFGS:  249 11:02:18     -350.658119        0.002498
BFGS:  250 11:02:18     -350.658159        0.002448
BFGS:  251 11:02:19     -350.658199        0.002595
BFGS:  252 11:02:19     -350.658239        0.002528
BFGS:  253 11:02:20     -350.658279        0.002173
BFGS:  254 11:02:20     -350.658319        0.001662
BFGS:  255 11:02:21     -350.658279        0.001721
BFGS:  256 11:02:21     -350.658279        0.001642
BFGS:  257 11:02:22     -350.658239        0.001426
BFGS:  258 11:02:22     -350.658199        0.001298
BFGS:  259 11:02:23     -350.658199        0.001614
BFGS:  260 11:02:23     -350.658239        0.001965
BFGS:  261 11:02:24     -350.658279        0.001900
BFGS:  262 11:02:24     -350.658319        0.001697
BFGS:  263 11:02:25     -350.658360        0.001339
BFGS:  264 11:02:25     -350.658319        0.001462
BFGS:  265 11:02:26     -350.658279        0.002044
BFGS:  266 11:02:26     -350.658279        0.001976
BFGS:  267 11:02:27     -350.658239        0.001472
BFGS:  268 11:02:27     -350.658239        0.001002
BFGS:  269 11:02:28     -350.658239        0.001174
BFGS:  270 11:02:28     -350.658279        0.001522
BFGS:  271 11:02:28     -350.658319        0.001415
BFGS:  272 11:02:29     -350.658279        0.001096
BFGS:  273 11:02:29     -350.658279        0.000873
BFGS:  274 11:02:30     -350.658279        0.001040
BFGS:  275 11:02:30     -350.658279        0.000923
BFGS:  276 11:02:31     -350.658239        0.000722
BFGS:  277 11:02:31     -350.658199        0.000799
BFGS:  278 11:02:32     -350.658239        0.000781
BFGS:  279 11:02:32     -350.658239        0.000614
BFGS:  280 11:02:33     -350.658279        0.000584
BFGS:  281 11:02:33     -350.658319        0.000573
BFGS:  282 11:02:34     -350.658319        0.000568
BFGS:  283 11:02:34     -350.658319        0.000656
BFGS:  284 11:02:35     -350.658279        0.000774
BFGS:  285 11:02:35     -350.658279        0.000807
BFGS:  286 11:02:35     -350.658239        0.000838
BFGS:  287 11:02:36     -350.658239        0.000909
BFGS:  288 11:02:36     -350.658199        0.001274
BFGS:  289 11:02:37     -350.658199        0.001474
BFGS:  290 11:02:37     -350.658239        0.001573
BFGS:  291 11:02:37     -350.658279        0.001677
BFGS:  292 11:02:38     -350.658319        0.001503
BFGS:  293 11:02:38     -350.658360        0.001495
BFGS:  294 11:02:39     -350.658360        0.001782
BFGS:  295 11:02:39     -350.658360        0.001892
BFGS:  296 11:02:40     -350.658279        0.001690
BFGS:  297 11:02:40     -350.658239        0.001827
BFGS:  298 11:02:40     -350.658199        0.002053
BFGS:  299 11:02:41     -350.658199        0.002436
BFGS:  300 11:02:41     -350.658199        0.001966
BFGS:  301 11:02:42     -350.658279        0.001130
BFGS:  302 11:02:42     -350.658279        0.001175
BFGS:  303 11:02:42     -350.658319        0.001110
BFGS:  304 11:02:43     -350.658319        0.001005
BFGS:  305 11:02:43     -350.658319        0.000883
BFGS:  306 11:02:44     -350.658319        0.000874
BFGS:  307 11:02:44     -350.658239        0.000841
BFGS:  308 11:02:45     -350.658279        0.000729
BFGS:  309 11:02:45     -350.658279        0.000596
BFGS:  310 11:02:45     -350.658279        0.000546
BFGS:  311 11:02:46     -350.658279        0.000447
BFGS:  312 11:02:46     -350.658279        0.000424
BFGS:  313 11:02:47     -350.658279        0.000453
BFGS:  314 11:02:47     -350.658279        0.000399
BFGS:  315 11:02:47     -350.658319        0.000324
BFGS:  316 11:02:48     -350.658279        0.000282
BFGS:  317 11:02:48     -350.658279        0.000240
BFGS:  318 11:02:49     -350.658279        0.000348
BFGS:  319 11:02:49     -350.658279        0.000257
BFGS:  320 11:02:50     -350.658279        0.000306
BFGS:  321 11:02:50     -350.658279        0.000321
BFGS:  322 11:02:50     -350.658279        0.000308
BFGS:  323 11:02:51     -350.658279        0.000267
BFGS:  324 11:02:51     -350.658319        0.000148
BFGS:  325 11:02:52     -350.658279        0.000159
BFGS:  326 11:02:52     -350.658279        0.000178
BFGS:  327 11:02:52     -350.658279        0.000148
BFGS:  328 11:02:53     -350.658279        0.000141
BFGS:  329 11:02:53     -350.658279        0.000141
BFGS:  330 11:02:54     -350.658319        0.000142
BFGS:  331 11:02:54     -350.658279        0.000133
BFGS:  332 11:02:55     -350.658279        0.000122
BFGS:  333 11:02:55     -350.658279        0.000127
BFGS:  334 11:02:55     -350.658279        0.000123
BFGS:  335 11:02:56     -350.658319        0.000116
BFGS:  336 11:02:56     -350.658319        0.000094
