

Relaxation Sigma11(3-32), CHGNet(v0_3_0)....

CHGNet v0.3.0 initialized with 412,525 parameters
CHGNet will run on cpu
CHGNet will run on cpu
      Step     Time          Energy          fmax
BFGS:    0 10:59:54     -347.772886        1.321298
BFGS:    1 10:59:54     -347.829443        1.243626
BFGS:    2 10:59:54     -348.236315        0.450888
BFGS:    3 10:59:55     -348.363968        0.587689
BFGS:    4 10:59:55     -348.385838        0.572239
BFGS:    5 10:59:56     -348.449804        0.459898
BFGS:    6 10:59:56     -348.542770        0.435776
BFGS:    7 10:59:56     -348.599087        0.235258
BFGS:    8 10:59:57     -348.611784        0.263728
BFGS:    9 10:59:57     -348.633333        0.279489
BFGS:   10 10:59:58     -348.669422        0.291625
BFGS:   11 10:59:58     -348.719770        0.298469
BFGS:   12 10:59:59     -348.758623        0.282270
BFGS:   13 10:59:59     -348.773443        0.293070
BFGS:   14 10:59:59     -348.794792        0.273264
BFGS:   15 11:00:00     -348.826996        0.297243
BFGS:   16 11:00:00     -348.899254        0.404875
BFGS:   17 11:00:01     -348.947319        0.299846
BFGS:   18 11:00:01     -348.976839        0.218285
BFGS:   19 11:00:01     -348.989777        0.192354
BFGS:   20 11:00:02     -349.004597        0.170632
BFGS:   21 11:00:02     -349.025024        0.225865
BFGS:   22 11:00:03     -349.040205        0.176350
BFGS:   23 11:00:03     -349.049498        0.089239
BFGS:   24 11:00:03     -349.052061        0.080958
BFGS:   25 11:00:04     -349.054945        0.073892
BFGS:   26 11:00:04     -349.061554        0.069852
BFGS:   27 11:00:05     -349.066240        0.053268
BFGS:   28 11:00:05     -349.069365        0.067049
BFGS:   29 11:00:05     -349.070927        0.065922
BFGS:   30 11:00:06     -349.073050        0.058261
BFGS:   31 11:00:06     -349.076014        0.063837
BFGS:   32 11:00:07     -349.079258        0.056176
BFGS:   33 11:00:07     -349.080780        0.041681
BFGS:   34 11:00:07     -349.081461        0.041680
BFGS:   35 11:00:08     -349.081982        0.041688
BFGS:   36 11:00:08     -349.082983        0.041693
BFGS:   37 11:00:09     -349.084385        0.041659
BFGS:   38 11:00:09     -349.085587        0.041584
BFGS:   39 11:00:09     -349.086147        0.041542
BFGS:   40 11:00:10     -349.086548        0.041519
BFGS:   41 11:00:10     -349.087109        0.041501
BFGS:   42 11:00:11     -349.087950        0.041494
BFGS:   43 11:00:11     -349.088871        0.041514
BFGS:   44 11:00:12     -349.089392        0.041554
BFGS:   45 11:00:12     -349.089672        0.041576
BFGS:   46 11:00:12     -349.089993        0.041596
BFGS:   47 11:00:13     -349.090633        0.041619
BFGS:   48 11:00:13     -349.091595        0.041645
BFGS:   49 11:00:14     -349.092436        0.041654
BFGS:   50 11:00:14     -349.093037        0.041634
BFGS:   51 11:00:14     -349.093597        0.041600
BFGS:   52 11:00:15     -349.094559        0.041538
BFGS:   53 11:00:15     -349.096161        0.041447
BFGS:   54 11:00:16     -349.098364        0.041357
BFGS:   55 11:00:16     -349.100367        0.046377
BFGS:   56 11:00:17     -349.102009        0.053339
BFGS:   57 11:00:17     -349.104292        0.057301
BFGS:   58 11:00:17     -349.109419        0.075892
BFGS:   59 11:00:18     -349.117750        0.092871
BFGS:   60 11:00:18     -349.126041        0.089241
BFGS:   61 11:00:19     -349.134253        0.093082
BFGS:   62 11:00:19     -349.142063        0.099647
BFGS:   63 11:00:19     -349.149353        0.103504
BFGS:   64 11:00:20     -349.156202        0.105412
BFGS:   65 11:00:20     -349.162931        0.106241
BFGS:   66 11:00:21     -349.169821        0.104186
BFGS:   67 11:00:21     -349.177111        0.112464
BFGS:   68 11:00:21     -349.184641        0.114404
BFGS:   69 11:00:22     -349.192211        0.116370
BFGS:   70 11:00:22     -349.199982        0.118624
BFGS:   71 11:00:23     -349.207912        0.121881
BFGS:   72 11:00:23     -349.216043        0.121375
BFGS:   73 11:00:24     -349.224014        0.118647
BFGS:   74 11:00:24     -349.231745        0.117531
BFGS:   75 11:00:24     -349.239275        0.115621
BFGS:   76 11:00:25     -349.246725        0.116719
BFGS:   77 11:00:25     -349.253975        0.122359
BFGS:   78 11:00:25     -349.260984        0.127895
BFGS:   79 11:00:26     -349.267834        0.133424
BFGS:   80 11:00:26     -349.274563        0.137865
BFGS:   81 11:00:27     -349.281092        0.141712
BFGS:   82 11:00:27     -349.287621        0.145439
BFGS:   83 11:00:27     -349.294189        0.148244
BFGS:   84 11:00:28     -349.300758        0.151122
BFGS:   85 11:00:28     -349.307207        0.153496
BFGS:   86 11:00:29     -349.313536        0.155184
BFGS:   87 11:00:29     -349.319824        0.156008
BFGS:   88 11:00:30     -349.326193        0.156055
BFGS:   89 11:00:30     -349.332602        0.155578
BFGS:   90 11:00:30     -349.338890        0.154544
BFGS:   91 11:00:31     -349.345058        0.152530
BFGS:   92 11:00:31     -349.351147        0.149885
BFGS:   93 11:00:32     -349.357155        0.150458
BFGS:   94 11:00:32     -349.363123        0.151148
BFGS:   95 11:00:32     -349.369011        0.151878
BFGS:   96 11:00:33     -349.374899        0.152626
BFGS:   97 11:00:33     -349.380747        0.153289
BFGS:   98 11:00:34     -349.386475        0.153743
BFGS:   99 11:00:34     -349.392202        0.153959
BFGS:  100 11:00:35     -349.397890        0.153770
BFGS:  101 11:00:35     -349.403578        0.153114
BFGS:  102 11:00:35     -349.409105        0.152360
BFGS:  103 11:00:36     -349.414593        0.151560
BFGS:  104 11:00:36     -349.420040        0.150726
BFGS:  105 11:00:36     -349.425488        0.149830
BFGS:  106 11:00:37     -349.430895        0.148988
BFGS:  107 11:00:37     -349.436302        0.148162
BFGS:  108 11:00:38     -349.441629        0.147005
BFGS:  109 11:00:38     -349.446877        0.145425
BFGS:  110 11:00:38     -349.451963        0.143581
BFGS:  111 11:00:39     -349.456930        0.141730
BFGS:  112 11:00:39     -349.461817        0.139935
BFGS:  113 11:00:40     -349.466663        0.138234
BFGS:  114 11:00:40     -349.471510        0.136603
BFGS:  115 11:00:40     -349.476236        0.134837
BFGS:  116 11:00:41     -349.480843        0.133025
BFGS:  117 11:00:41     -349.485369        0.131343
BFGS:  118 11:00:42     -349.489735        0.129703
BFGS:  119 11:00:42     -349.494061        0.127844
BFGS:  120 11:00:42     -349.498306        0.125685
BFGS:  121 11:00:43     -349.502512        0.125910
BFGS:  122 11:00:43     -349.506678        0.126681
BFGS:  123 11:00:44     -349.510763        0.127390
BFGS:  124 11:00:44     -349.514809        0.127886
BFGS:  125 11:00:44     -349.518774        0.128186
BFGS:  126 11:00:45     -349.522659        0.128568
BFGS:  127 11:00:45     -349.526424        0.128953
BFGS:  128 11:00:46     -349.530149        0.129405
BFGS:  129 11:00:46     -349.533714        0.130321
BFGS:  130 11:00:46     -349.537199        0.131216
BFGS:  131 11:00:47     -349.540604        0.132043
BFGS:  132 11:00:47     -349.543848        0.133043
BFGS:  133 11:00:48     -349.546972        0.134107
BFGS:  134 11:00:48     -349.550056        0.134995
BFGS:  135 11:00:48     -349.553061        0.135734
BFGS:  136 11:00:49     -349.556025        0.136322
BFGS:  137 11:00:49     -349.558989        0.136370
BFGS:  138 11:00:49     -349.561872        0.135961
BFGS:  139 11:00:50     -349.564596        0.135360
BFGS:  140 11:00:50     -349.567200        0.134715
BFGS:  141 11:00:51     -349.569643        0.134157
BFGS:  142 11:00:51     -349.571966        0.133672
BFGS:  143 11:00:52     -349.574169        0.133142
BFGS:  144 11:00:52     -349.576332        0.132550
BFGS:  145 11:00:52     -349.578335        0.131963
BFGS:  146 11:00:53     -349.580297        0.131373
BFGS:  147 11:00:53     -349.582140        0.130855
BFGS:  148 11:00:53     -349.583902        0.130357
BFGS:  149 11:00:54     -349.585625        0.129954
BFGS:  150 11:00:54     -349.587267        0.129653
BFGS:  151 11:00:55     -349.588829        0.129540
BFGS:  152 11:00:55     -349.590311        0.129677
BFGS:  153 11:00:55     -349.591713        0.129987
BFGS:  154 11:00:56     -349.593035        0.130466
BFGS:  155 11:00:56     -349.594196        0.130764
BFGS:  156 11:00:57     -349.595238        0.130613
BFGS:  157 11:00:57     -349.596199        0.130152
BFGS:  158 11:00:58     -349.597080        0.129635
BFGS:  159 11:00:58     -349.597801        0.129104
BFGS:  160 11:00:58     -349.598482        0.128494
BFGS:  161 11:00:59     -349.599083        0.127675
BFGS:  162 11:00:59     -349.599604        0.127033
BFGS:  163 11:01:00     -349.600084        0.126550
BFGS:  164 11:01:00     -349.600565        0.125871
BFGS:  165 11:01:01     -349.601006        0.124578
BFGS:  166 11:01:01     -349.601446        0.123282
BFGS:  167 11:01:01     -349.601807        0.122403
BFGS:  168 11:01:02     -349.602127        0.121817
BFGS:  169 11:01:02     -349.602407        0.121324
BFGS:  170 11:01:03     -349.602728        0.121016
BFGS:  171 11:01:03     -349.603048        0.121245
BFGS:  172 11:01:04     -349.603449        0.121413
BFGS:  173 11:01:04     -349.603889        0.122779
BFGS:  174 11:01:04     -349.604330        0.124502
BFGS:  175 11:01:05     -349.604771        0.126864
BFGS:  176 11:01:05     -349.605211        0.129852
BFGS:  177 11:01:06     -349.605772        0.132582
BFGS:  178 11:01:06     -349.606453        0.133997
BFGS:  179 11:01:06     -349.607134        0.135452
BFGS:  180 11:01:07     -349.607735        0.138246
BFGS:  181 11:01:07     -349.608255        0.140352
BFGS:  182 11:01:08     -349.608736        0.142023
BFGS:  183 11:01:08     -349.609377        0.144117
BFGS:  184 11:01:09     -349.610258        0.145956
BFGS:  185 11:01:09     -349.611219        0.149603
BFGS:  186 11:01:10     -349.612020        0.152708
BFGS:  187 11:01:10     -349.612661        0.156241
BFGS:  188 11:01:10     -349.613462        0.159952
BFGS:  189 11:01:11     -349.614143        0.164033
BFGS:  190 11:01:11     -349.614985        0.164213
BFGS:  191 11:01:12     -349.615906        0.163532
BFGS:  192 11:01:12     -349.616787        0.161424
BFGS:  193 11:01:12     -349.617868        0.157863
BFGS:  194 11:01:13     -349.619831        0.155394
BFGS:  195 11:01:13     -349.622835        0.147120
BFGS:  196 11:01:14     -349.626560        0.134574
BFGS:  197 11:01:14     -349.632969        0.116953
BFGS:  198 11:01:15     -349.644064        0.136634
BFGS:  199 11:01:15     -349.654158        0.133421
BFGS:  200 11:01:16     -349.662809        0.124162
BFGS:  201 11:01:16     -349.670940        0.113753
BFGS:  202 11:01:16     -349.678631        0.104437
BFGS:  203 11:01:17     -349.686001        0.096029
BFGS:  204 11:01:17     -349.693130        0.086620
BFGS:  205 11:01:18     -349.699980        0.077303
BFGS:  206 11:01:18     -349.706709        0.065534
BFGS:  207 11:01:19     -349.713118        0.051306
BFGS:  208 11:01:19     -349.719566        0.053007
BFGS:  209 11:01:19     -349.721930        0.054748
BFGS:  210 11:01:20     -349.721849        0.070754
BFGS:  211 11:01:20     -349.720287        0.077152
BFGS:  212 11:01:21     -349.718285        0.080620
BFGS:  213 11:01:21     -349.716122        0.082134
BFGS:  214 11:01:22     -349.713758        0.084843
BFGS:  215 11:01:22     -349.711315        0.087237
BFGS:  216 11:01:22     -349.708712        0.089512
BFGS:  217 11:01:23     -349.706028        0.091100
BFGS:  218 11:01:23     -349.703264        0.092871
BFGS:  219 11:01:24     -349.700380        0.094521
BFGS:  220 11:01:24     -349.697416        0.095750
BFGS:  221 11:01:24     -349.694412        0.096664
BFGS:  222 11:01:25     -349.691328        0.097275
BFGS:  223 11:01:25     -349.688204        0.097015
BFGS:  224 11:01:26     -349.685080        0.095920
BFGS:  225 11:01:26     -349.681915        0.094293
BFGS:  226 11:01:27     -349.678751        0.092213
BFGS:  227 11:01:27     -349.675587        0.089297
BFGS:  228 11:01:28     -349.672422        0.086186
BFGS:  229 11:01:28     -349.669378        0.082969
BFGS:  230 11:01:28     -349.666454        0.079103
BFGS:  231 11:01:29     -349.663651        0.073690
BFGS:  232 11:01:29     -349.661047        0.066782
BFGS:  233 11:01:30     -349.658724        0.065366
BFGS:  234 11:01:30     -349.656921        0.061070
BFGS:  235 11:01:31     -349.659285        0.063327
BFGS:  236 11:01:31     -349.667376        0.062233
BFGS:  237 11:01:32     -349.674385        0.059236
BFGS:  238 11:01:32     -349.681114        0.055223
BFGS:  239 11:01:33     -349.687683        0.050858
BFGS:  240 11:01:33     -349.694052        0.046132
BFGS:  241 11:01:33     -349.700180        0.040782
BFGS:  242 11:01:34     -349.706068        0.034445
BFGS:  243 11:01:34     -349.711756        0.031439
BFGS:  244 11:01:35     -349.717163        0.029197
BFGS:  245 11:01:35     -349.722330        0.026174
BFGS:  246 11:01:35     -349.726175        0.022684
BFGS:  247 11:01:36     -349.727217        0.021554
BFGS:  248 11:01:36     -349.726015        0.017420
BFGS:  249 11:01:37     -349.721689        0.019207
BFGS:  250 11:01:37     -349.717083        0.014955
BFGS:  251 11:01:38     -349.714319        0.013528
BFGS:  252 11:01:38     -349.713118        0.012134
BFGS:  253 11:01:39     -349.712236        0.008603
BFGS:  254 11:01:39     -349.713078        0.008452
BFGS:  255 11:01:39     -349.715200        0.009631
BFGS:  256 11:01:40     -349.716963        0.009610
BFGS:  257 11:01:40     -349.717924        0.008355
BFGS:  258 11:01:41     -349.718485        0.009257
BFGS:  259 11:01:41     -349.718084        0.011203
BFGS:  260 11:01:42     -349.716883        0.011339
BFGS:  261 11:01:42     -349.715681        0.010975
BFGS:  262 11:01:42     -349.715000        0.009843
BFGS:  263 11:01:43     -349.714520        0.007310
BFGS:  264 11:01:44     -349.714720        0.006895
BFGS:  265 11:01:44     -349.715361        0.005278
BFGS:  266 11:01:44     -349.715721        0.004438
BFGS:  267 11:01:45     -349.715801        0.003746
BFGS:  268 11:01:45     -349.715601        0.003461
BFGS:  269 11:01:46     -349.715281        0.003581
BFGS:  270 11:01:46     -349.715040        0.003947
BFGS:  271 11:01:47     -349.715040        0.003541
BFGS:  272 11:01:47     -349.715281        0.002817
BFGS:  273 11:01:47     -349.715561        0.002517
BFGS:  274 11:01:48     -349.715761        0.001975
BFGS:  275 11:01:48     -349.715841        0.002312
BFGS:  276 11:01:49     -349.715681        0.002013
BFGS:  277 11:01:49     -349.715481        0.001208
BFGS:  278 11:01:50     -349.715361        0.000875
BFGS:  279 11:01:50     -349.715281        0.000922
BFGS:  280 11:01:51     -349.715281        0.001323
BFGS:  281 11:01:51     -349.715361        0.001505
BFGS:  282 11:01:52     -349.715441        0.001287
BFGS:  283 11:01:52     -349.715481        0.000921
BFGS:  284 11:01:52     -349.715521        0.001094
BFGS:  285 11:01:53     -349.715441        0.001148
BFGS:  286 11:01:53     -349.715361        0.001599
BFGS:  287 11:01:54     -349.715281        0.001751
BFGS:  288 11:01:54     -349.715240        0.001742
BFGS:  289 11:01:55     -349.715321        0.001148
BFGS:  290 11:01:55     -349.715441        0.000808
BFGS:  291 11:01:56     -349.715521        0.000772
BFGS:  292 11:01:56     -349.715561        0.001048
BFGS:  293 11:01:57     -349.715561        0.001268
BFGS:  294 11:01:57     -349.715481        0.001249
BFGS:  295 11:01:57     -349.715361        0.001079
BFGS:  296 11:01:58     -349.715240        0.001267
BFGS:  297 11:01:58     -349.715240        0.001379
BFGS:  298 11:01:59     -349.715240        0.001400
BFGS:  299 11:01:59     -349.715321        0.001508
BFGS:  300 11:02:00     -349.715441        0.001374
BFGS:  301 11:02:00     -349.715561        0.001306
BFGS:  302 11:02:00     -349.715601        0.001483
BFGS:  303 11:02:01     -349.715561        0.001470
BFGS:  304 11:02:01     -349.715441        0.001452
BFGS:  305 11:02:02     -349.715361        0.001312
BFGS:  306 11:02:02     -349.715240        0.001243
BFGS:  307 11:02:03     -349.715160        0.001326
BFGS:  308 11:02:03     -349.715160        0.001134
BFGS:  309 11:02:04     -349.715200        0.000885
BFGS:  310 11:02:04     -349.715240        0.000809
BFGS:  311 11:02:04     -349.715281        0.000657
BFGS:  312 11:02:05     -349.715281        0.000521
BFGS:  313 11:02:05     -349.715281        0.000566
BFGS:  314 11:02:06     -349.715321        0.000530
BFGS:  315 11:02:06     -349.715321        0.000482
BFGS:  316 11:02:07     -349.715361        0.000458
BFGS:  317 11:02:07     -349.715401        0.000474
BFGS:  318 11:02:08     -349.715441        0.000537
BFGS:  319 11:02:08     -349.715441        0.000714
BFGS:  320 11:02:08     -349.715441        0.000755
BFGS:  321 11:02:09     -349.715361        0.000714
BFGS:  322 11:02:09     -349.715281        0.000569
BFGS:  323 11:02:10     -349.715240        0.000643
BFGS:  324 11:02:10     -349.715200        0.000832
BFGS:  325 11:02:11     -349.715240        0.000754
BFGS:  326 11:02:11     -349.715361        0.000634
BFGS:  327 11:02:11     -349.715401        0.000549
BFGS:  328 11:02:12     -349.715401        0.000551
BFGS:  329 11:02:12     -349.715361        0.000647
BFGS:  330 11:02:13     -349.715281        0.000649
BFGS:  331 11:02:13     -349.715200        0.000601
BFGS:  332 11:02:14     -349.715160        0.000500
BFGS:  333 11:02:14     -349.715240        0.000598
BFGS:  334 11:02:15     -349.715321        0.000580
BFGS:  335 11:02:15     -349.715401        0.000514
BFGS:  336 11:02:15     -349.715481        0.000461
BFGS:  337 11:02:16     -349.715521        0.000402
BFGS:  338 11:02:16     -349.715481        0.000471
BFGS:  339 11:02:17     -349.715401        0.000556
BFGS:  340 11:02:17     -349.715321        0.000569
BFGS:  341 11:02:17     -349.715240        0.000486
BFGS:  342 11:02:18     -349.715200        0.000453
BFGS:  343 11:02:18     -349.715240        0.000576
BFGS:  344 11:02:19     -349.715321        0.000714
BFGS:  345 11:02:19     -349.715401        0.000830
BFGS:  346 11:02:20     -349.715481        0.000804
BFGS:  347 11:02:20     -349.715561        0.000576
BFGS:  348 11:02:21     -349.715561        0.000683
BFGS:  349 11:02:21     -349.715481        0.000871
BFGS:  350 11:02:21     -349.715401        0.000887
BFGS:  351 11:02:22     -349.715281        0.000796
BFGS:  352 11:02:22     -349.715160        0.000854
BFGS:  353 11:02:22     -349.715080        0.001095
BFGS:  354 11:02:23     -349.715080        0.001515
BFGS:  355 11:02:23     -349.715200        0.001508
BFGS:  356 11:02:24     -349.715321        0.001243
BFGS:  357 11:02:24     -349.715481        0.001575
BFGS:  358 11:02:25     -349.715561        0.001744
BFGS:  359 11:02:25     -349.715561        0.002552
BFGS:  360 11:02:25     -349.715441        0.003090
BFGS:  361 11:02:26     -349.715281        0.002812
BFGS:  362 11:02:26     -349.715160        0.001720
BFGS:  363 11:02:26     -349.715200        0.001438
BFGS:  364 11:02:27     -349.715361        0.001967
BFGS:  365 11:02:27     -349.715561        0.001904
BFGS:  366 11:02:28     -349.715681        0.001393
BFGS:  367 11:02:28     -349.715761        0.001216
BFGS:  368 11:02:28     -349.715681        0.001131
BFGS:  369 11:02:29     -349.715561        0.001524
BFGS:  370 11:02:29     -349.715441        0.001512
BFGS:  371 11:02:30     -349.715321        0.001258
BFGS:  372 11:02:30     -349.715281        0.000983
BFGS:  373 11:02:30     -349.715361        0.000991
BFGS:  374 11:02:31     -349.715481        0.000957
BFGS:  375 11:02:31     -349.715561        0.000860
BFGS:  376 11:02:32     -349.715641        0.000804
BFGS:  377 11:02:32     -349.715641        0.000668
BFGS:  378 11:02:32     -349.715561        0.000753
BFGS:  379 11:02:33     -349.715441        0.000742
BFGS:  380 11:02:33     -349.715361        0.000645
BFGS:  381 11:02:34     -349.715321        0.000592
BFGS:  382 11:02:34     -349.715321        0.000845
BFGS:  383 11:02:34     -349.715401        0.000769
BFGS:  384 11:02:35     -349.715481        0.000593
BFGS:  385 11:02:35     -349.715521        0.000527
BFGS:  386 11:02:35     -349.715561        0.000450
BFGS:  387 11:02:36     -349.715561        0.000432
BFGS:  388 11:02:36     -349.715561        0.000366
BFGS:  389 11:02:37     -349.715521        0.000352
BFGS:  390 11:02:37     -349.715481        0.000331
BFGS:  391 11:02:37     -349.715481        0.000259
BFGS:  392 11:02:38     -349.715481        0.000265
BFGS:  393 11:02:38     -349.715481        0.000296
BFGS:  394 11:02:38     -349.715521        0.000267
BFGS:  395 11:02:39     -349.715521        0.000263
BFGS:  396 11:02:39     -349.715561        0.000232
BFGS:  397 11:02:39     -349.715521        0.000197
BFGS:  398 11:02:40     -349.715521        0.000220
BFGS:  399 11:02:40     -349.715481        0.000195
BFGS:  400 11:02:41     -349.715481        0.000197
BFGS:  401 11:02:41     -349.715441        0.000151
BFGS:  402 11:02:41     -349.715481        0.000142
BFGS:  403 11:02:42     -349.715481        0.000154
BFGS:  404 11:02:42     -349.715481        0.000133
BFGS:  405 11:02:42     -349.715481        0.000141
BFGS:  406 11:02:43     -349.715481        0.000152
BFGS:  407 11:02:43     -349.715481        0.000330
BFGS:  408 11:02:43     -349.715481        0.000119
BFGS:  409 11:02:44     -349.715481        0.000133
BFGS:  410 11:02:44     -349.715521        0.000107
BFGS:  411 11:02:44     -349.715521        0.000104
BFGS:  412 11:02:45     -349.715481        0.000134
BFGS:  413 11:02:45     -349.715481        0.000122
BFGS:  414 11:02:46     -349.715521        0.000143
BFGS:  415 11:02:46     -349.715521        0.000092
