

Relaxation Sigma3(1-11), M3GNet....

      Step     Time          Energy          fmax
BFGS:    0 11:00:05     -603.657349        1.969406
BFGS:    1 11:00:06     -603.835693        1.873839
BFGS:    2 11:00:06     -604.629028        2.693551
BFGS:    3 11:00:06     -604.845276        2.993537
BFGS:    4 11:00:06     -604.693359        2.959135
BFGS:    5 11:00:07     -604.556519        2.899201
BFGS:    6 11:00:07     -604.504639        2.874473
BFGS:    7 11:00:07     -604.499329        2.821531
BFGS:    8 11:00:07     -604.494080        2.737550
BFGS:    9 11:00:07     -604.502808        2.698073
BFGS:   10 11:00:08     -604.507935        2.657417
BFGS:   11 11:00:08     -604.510925        2.613466
BFGS:   12 11:00:08     -604.505615        2.562781
BFGS:   13 11:00:08     -604.492798        2.511421
BFGS:   14 11:00:09     -604.472839        2.458499
BFGS:   15 11:00:09     -604.446167        2.399433
BFGS:   16 11:00:09     -604.418335        2.340001
BFGS:   17 11:00:09     -604.392090        2.278262
BFGS:   18 11:00:09     -604.369995        2.205672
BFGS:   19 11:00:10     -604.352173        2.150217
BFGS:   20 11:00:10     -604.339294        2.103466
BFGS:   21 11:00:10     -604.331055        2.062100
BFGS:   22 11:00:10     -604.327332        2.029080
BFGS:   23 11:00:10     -604.325928        2.005587
BFGS:   24 11:00:11     -604.324219        1.984664
BFGS:   25 11:00:11     -604.323120        1.970684
BFGS:   26 11:00:11     -604.320618        1.955048
BFGS:   27 11:00:11     -604.318726        1.932233
BFGS:   28 11:00:11     -604.319824        1.923120
BFGS:   29 11:00:12     -604.318237        1.915498
BFGS:   30 11:00:12     -604.315979        1.909968
BFGS:   31 11:00:12     -604.313110        1.906535
BFGS:   32 11:00:12     -604.318909        1.902686
BFGS:   33 11:00:12     -604.344482        1.885898
BFGS:   34 11:00:13     -604.401917        1.837596
BFGS:   35 11:00:13     -604.477905        1.813096
BFGS:   36 11:00:13     -604.532532        1.749631
BFGS:   37 11:00:13     -604.614075        1.779402
BFGS:   38 11:00:14     -604.679565        1.800097
BFGS:   39 11:00:14     -604.741150        1.823980
BFGS:   40 11:00:14     -604.800781        1.846836
BFGS:   41 11:00:15     -604.856934        1.869345
BFGS:   42 11:00:15     -604.908203        1.887688
BFGS:   43 11:00:15     -604.953186        1.901639
BFGS:   44 11:00:15     -604.992554        1.911339
BFGS:   45 11:00:16     -605.028137        1.917435
BFGS:   46 11:00:16     -605.060913        1.920191
BFGS:   47 11:00:16     -605.091370        1.919457
BFGS:   48 11:00:16     -605.115906        1.912469
BFGS:   49 11:00:17     -605.139038        1.904118
BFGS:   50 11:00:17     -605.161560        1.893997
BFGS:   51 11:00:17     -605.183472        1.882108
BFGS:   52 11:00:18     -605.204773        1.867791
BFGS:   53 11:00:18     -605.225281        1.848273
BFGS:   54 11:00:18     -605.244385        1.831151
BFGS:   55 11:00:18     -605.262573        1.812493
BFGS:   56 11:00:19     -605.279053        1.772595
BFGS:   57 11:00:19     -605.293640        1.750558
BFGS:   58 11:00:19     -605.307983        1.728342
BFGS:   59 11:00:20     -605.320923        1.705303
BFGS:   60 11:00:20     -605.332886        1.694719
BFGS:   61 11:00:20     -605.339478        1.670944
BFGS:   62 11:00:20     -605.348755        1.644908
BFGS:   63 11:00:21     -605.357788        1.618492
BFGS:   64 11:00:21     -605.366516        1.591491
BFGS:   65 11:00:21     -605.374756        1.558793
BFGS:   66 11:00:22     -605.382751        1.530760
BFGS:   67 11:00:22     -605.390686        1.500358
BFGS:   68 11:00:22     -605.398438        1.471220
BFGS:   69 11:00:22     -605.406128        1.440579
BFGS:   70 11:00:23     -605.414062        1.408685
BFGS:   71 11:00:23     -605.422302        1.375854
BFGS:   72 11:00:23     -605.430847        1.341677
BFGS:   73 11:00:24     -605.439819        1.311026
BFGS:   74 11:00:24     -605.448669        1.274358
BFGS:   75 11:00:24     -605.458191        1.236733
BFGS:   76 11:00:24     -605.467896        1.193211
BFGS:   77 11:00:25     -605.478333        1.153940
BFGS:   78 11:00:25     -605.488770        1.125768
BFGS:   79 11:00:25     -605.499390        1.111647
BFGS:   80 11:00:26     -605.510071        1.092436
BFGS:   81 11:00:26     -605.520813        1.077555
BFGS:   82 11:00:26     -605.532166        1.060971
BFGS:   83 11:00:27     -605.543823        1.042637
BFGS:   84 11:00:27     -605.555786        1.022980
BFGS:   85 11:00:27     -605.568176        1.001846
BFGS:   86 11:00:27     -605.580872        0.979313
BFGS:   87 11:00:28     -605.593994        0.955193
BFGS:   88 11:00:28     -605.607483        0.929635
BFGS:   89 11:00:28     -605.621277        0.902623
BFGS:   90 11:00:29     -605.635437        0.874051
BFGS:   91 11:00:29     -605.650085        0.843696
BFGS:   92 11:00:29     -605.664551        0.813060
BFGS:   93 11:00:29     -605.681702        0.771060
BFGS:   94 11:00:30     -605.696350        0.740209
BFGS:   95 11:00:30     -605.712036        0.702497
BFGS:   96 11:00:30     -605.726990        0.665400
BFGS:   97 11:00:31     -605.741577        0.629137
BFGS:   98 11:00:31     -605.755981        0.591659
BFGS:   99 11:00:31     -605.769775        0.553894
BFGS:  100 11:00:31     -605.783142        0.515339
BFGS:  101 11:00:32     -605.795959        0.476322
BFGS:  102 11:00:32     -605.808105        0.436712
BFGS:  103 11:00:32     -605.819458        0.396725
BFGS:  104 11:00:33     -605.830078        0.355181
BFGS:  105 11:00:33     -605.839783        0.314744
BFGS:  106 11:00:33     -605.848511        0.273684
BFGS:  107 11:00:34     -605.856323        0.232158
BFGS:  108 11:00:34     -605.862854        0.189892
BFGS:  109 11:00:34     -605.867676        0.150334
BFGS:  110 11:00:34     -605.871521        0.127055
BFGS:  111 11:00:35     -605.874451        0.120325
BFGS:  112 11:00:35     -605.877075        0.110242
BFGS:  113 11:00:35     -605.880676        0.093671
BFGS:  114 11:00:36     -605.886230        0.087173
BFGS:  115 11:00:36     -605.901489        0.078260
BFGS:  116 11:00:36     -605.926514        0.098386
BFGS:  117 11:00:36     -605.943237        0.130461
BFGS:  118 11:00:37     -605.953369        0.153599
BFGS:  119 11:00:37     -605.962463        0.151453
BFGS:  120 11:00:37     -605.979248        0.132322
BFGS:  121 11:00:38     -605.989868        0.142176
BFGS:  122 11:00:38     -605.990112        0.291571
BFGS:  123 11:00:38     -605.987671        0.324055
BFGS:  124 11:00:39     -605.989319        0.242194
BFGS:  125 11:00:39     -605.993286        0.128874
BFGS:  126 11:00:39     -605.997498        0.106938
BFGS:  127 11:00:39     -606.000488        0.095995
BFGS:  128 11:00:40     -606.004639        0.069072
BFGS:  129 11:00:40     -606.005127        0.046075
BFGS:  130 11:00:40     -606.005249        0.043882
BFGS:  131 11:00:41     -606.005737        0.038600
BFGS:  132 11:00:41     -606.006958        0.057362
BFGS:  133 11:00:41     -606.007385        0.044146
BFGS:  134 11:00:41     -606.008240        0.033688
BFGS:  135 11:00:42     -606.008423        0.035841
BFGS:  136 11:00:42     -606.008545        0.036557
BFGS:  137 11:00:42     -606.008606        0.030662
BFGS:  138 11:00:42     -606.008789        0.017815
BFGS:  139 11:00:43     -606.008972        0.024583
BFGS:  140 11:00:43     -606.009094        0.021955
BFGS:  141 11:00:43     -606.009216        0.024091
BFGS:  142 11:00:44     -606.009216        0.024413
BFGS:  143 11:00:44     -606.009338        0.025462
BFGS:  144 11:00:44     -606.009644        0.021793
BFGS:  145 11:00:44     -606.009827        0.025863
BFGS:  146 11:00:45     -606.010010        0.029150
BFGS:  147 11:00:45     -606.010254        0.032544
BFGS:  148 11:00:45     -606.010620        0.041047
BFGS:  149 11:00:45     -606.011230        0.055064
BFGS:  150 11:00:46     -606.009644        0.137751
BFGS:  151 11:00:46     -606.012390        0.065348
BFGS:  152 11:00:46     -606.013306        0.069577
BFGS:  153 11:00:46     -605.980774        0.397774
BFGS:  154 11:00:47     -606.015015        0.070734
BFGS:  155 11:00:47     -606.016113        0.069143
BFGS:  156 11:00:47     -606.016602        0.087414
BFGS:  157 11:00:47     -606.019104        0.051901
BFGS:  158 11:00:48     -606.019775        0.045877
BFGS:  159 11:00:48     -606.020935        0.062069
BFGS:  160 11:00:48     -606.021606        0.055552
BFGS:  161 11:00:48     -606.023254        0.030151
BFGS:  162 11:00:49     -606.023560        0.032576
BFGS:  163 11:00:49     -606.024902        0.042728
BFGS:  164 11:00:49     -606.025513        0.044390
BFGS:  165 11:00:49     -606.026428        0.056207
BFGS:  166 11:00:50     -606.027161        0.056062
BFGS:  167 11:00:50     -606.027893        0.040467
BFGS:  168 11:00:50     -606.028259        0.030118
BFGS:  169 11:00:50     -606.028687        0.034885
BFGS:  170 11:00:51     -606.029053        0.038357
BFGS:  171 11:00:51     -606.029419        0.039381
BFGS:  172 11:00:51     -606.029785        0.027725
BFGS:  173 11:00:51     -606.029907        0.021826
BFGS:  174 11:00:52     -606.030029        0.020536
BFGS:  175 11:00:52     -606.030151        0.019652
BFGS:  176 11:00:52     -606.030334        0.021272
BFGS:  177 11:00:52     -606.030640        0.024357
BFGS:  178 11:00:53     -606.030701        0.026222
BFGS:  179 11:00:53     -606.030762        0.028628
BFGS:  180 11:00:53     -606.030762        0.030646
BFGS:  181 11:00:53     -606.030457        0.041065
BFGS:  182 11:00:53     -606.030151        0.053579
BFGS:  183 11:00:54     -606.028442        0.090585
BFGS:  184 11:00:54     -606.029236        0.090975
BFGS:  185 11:00:54     -606.033020        0.092197
BFGS:  186 11:00:54     -606.036621        0.115291
BFGS:  187 11:00:55     -606.040955        0.353615
BFGS:  188 11:00:55     -606.038879        0.378614
BFGS:  189 11:00:55     -606.070679        0.213511
BFGS:  190 11:00:55     -606.077087        0.162447
BFGS:  191 11:00:56     -606.086060        0.181240
BFGS:  192 11:00:56     -606.107483        0.235681
BFGS:  193 11:00:56     -606.113037        0.164616
BFGS:  194 11:00:56     -606.124207        0.112008
BFGS:  195 11:00:57     -606.129028        0.143835
BFGS:  196 11:00:57     -606.133850        0.120776
BFGS:  197 11:00:57     -606.137695        0.125608
BFGS:  198 11:00:57     -606.140503        0.074711
BFGS:  199 11:00:58     -606.142273        0.075962
BFGS:  200 11:00:58     -606.144836        0.105388
BFGS:  201 11:00:58     -606.147827        0.098008
BFGS:  202 11:00:58     -606.150024        0.078914
BFGS:  203 11:00:59     -606.151245        0.065473
BFGS:  204 11:00:59     -606.152344        0.058576
BFGS:  205 11:00:59     -606.153381        0.056108
BFGS:  206 11:00:59     -606.154297        0.043823
BFGS:  207 11:01:00     -606.154846        0.041651
BFGS:  208 11:01:00     -606.155273        0.043512
BFGS:  209 11:01:00     -606.155701        0.044533
BFGS:  210 11:01:00     -606.156189        0.052211
BFGS:  211 11:01:01     -606.156616        0.072984
BFGS:  212 11:01:01     -606.157043        0.087408
BFGS:  213 11:01:01     -606.156433        0.150435
BFGS:  214 11:01:01     -606.155823        0.205618
BFGS:  215 11:01:02     -606.125671        0.403517
BFGS:  216 11:01:02     -606.157349        0.309817
BFGS:  217 11:01:02     -606.167542        0.325231
BFGS:  218 11:01:02     -606.193237        0.430625
BFGS:  219 11:01:02     -606.210693        0.400677
BFGS:  220 11:01:03     -606.227539        0.342305
BFGS:  221 11:01:03     -606.242188        0.349002
BFGS:  222 11:01:03     -606.281555        0.322403
BFGS:  223 11:01:03     -606.298096        0.641458
BFGS:  224 11:01:04     -606.319702        0.398149
BFGS:  225 11:01:04     -606.339905        0.388412
BFGS:  226 11:01:04     -606.379150        0.535371
BFGS:  227 11:01:04     -606.400269        0.672531
BFGS:  228 11:01:05     -606.462524        0.766577
BFGS:  229 11:01:05     -606.539551        0.827694
BFGS:  230 11:01:05     -606.644897        1.058658
BFGS:  231 11:01:05     -606.881531        0.883956
BFGS:  232 11:01:06     -606.921631        0.791237
BFGS:  233 11:01:06     -607.146729        0.841841
BFGS:  234 11:01:06     -607.164490        0.857372
BFGS:  235 11:01:06     -607.220886        0.849583
BFGS:  236 11:01:07     -607.289795        0.923086
BFGS:  237 11:01:07     -607.396973        0.853512
BFGS:  238 11:01:07     -607.510620        0.797422
BFGS:  239 11:01:07     -607.613647        1.255017
BFGS:  240 11:01:08     -607.768616        1.811770
BFGS:  241 11:01:08     -608.024902        1.438679
BFGS:  242 11:01:08     -608.172424        1.564481
BFGS:  243 11:01:08     -608.426392        1.483409
BFGS:  244 11:01:09     -608.621460        1.377718
BFGS:  245 11:01:09     -608.902954        1.466134
BFGS:  246 11:01:09     -608.999268        1.261446
BFGS:  247 11:01:09     -609.284912        0.991713
BFGS:  248 11:01:09     -609.591858        0.859855
BFGS:  249 11:01:10     -609.708008        0.877713
BFGS:  250 11:01:10     -609.782959        0.875805
BFGS:  251 11:01:10     -609.826294        0.870130
BFGS:  252 11:01:10     -609.788452        0.932859
BFGS:  253 11:01:11     -609.789673        0.830482
BFGS:  254 11:01:11     -609.753784        0.814522
BFGS:  255 11:01:11     -609.712036        0.794597
BFGS:  256 11:01:11     -609.669373        0.771001
BFGS:  257 11:01:12     -609.634949        0.750345
BFGS:  258 11:01:12     -609.635925        0.739938
BFGS:  259 11:01:12     -609.627686        0.769132
BFGS:  260 11:01:12     -609.617554        0.786417
BFGS:  261 11:01:13     -609.595581        0.873344
BFGS:  262 11:01:13     -609.586060        0.895186
BFGS:  263 11:01:13     -609.581360        0.944932
BFGS:  264 11:01:13     -609.574219        0.930327
BFGS:  265 11:01:14     -609.564819        0.942445
BFGS:  266 11:01:14     -609.557678        0.861722
BFGS:  267 11:01:14     -609.559143        0.820875
BFGS:  268 11:01:14     -609.569336        0.721253
BFGS:  269 11:01:15     -609.579529        0.650620
BFGS:  270 11:01:15     -609.599365        0.573392
BFGS:  271 11:01:15     -609.620789        0.583054
BFGS:  272 11:01:15     -609.639282        0.590531
BFGS:  273 11:01:16     -609.650513        0.578602
BFGS:  274 11:01:16     -609.654358        0.556759
BFGS:  275 11:01:16     -609.652405        0.530320
BFGS:  276 11:01:16     -609.640808        0.517465
BFGS:  277 11:01:17     -609.623657        0.499063
BFGS:  278 11:01:17     -609.607361        0.459174
BFGS:  279 11:01:17     -609.589233        0.392752
BFGS:  280 11:01:17     -609.582214        0.423540
BFGS:  281 11:01:18     -609.591797        0.458990
BFGS:  282 11:01:18     -609.606079        0.472149
BFGS:  283 11:01:18     -609.616821        0.471200
BFGS:  284 11:01:18     -609.621216        0.454859
BFGS:  285 11:01:19     -609.617065        0.434564
BFGS:  286 11:01:19     -609.619507        0.414960
BFGS:  287 11:01:19     -609.617920        0.394910
BFGS:  288 11:01:19     -609.618347        0.375125
BFGS:  289 11:01:19     -609.625793        0.354712
BFGS:  290 11:01:20     -609.636841        0.333037
BFGS:  291 11:01:20     -609.644531        0.317078
BFGS:  292 11:01:20     -609.651489        0.300598
BFGS:  293 11:01:20     -609.655212        0.299442
BFGS:  294 11:01:21     -609.655151        0.295492
BFGS:  295 11:01:21     -609.654907        0.292378
BFGS:  296 11:01:21     -609.654358        0.288921
BFGS:  297 11:01:21     -609.654785        0.287067
BFGS:  298 11:01:22     -609.654602        0.294101
BFGS:  299 11:01:22     -609.654785        0.306125
BFGS:  300 11:01:22     -609.655518        0.313110
BFGS:  301 11:01:22     -609.657837        0.316511
BFGS:  302 11:01:23     -609.657471        0.317211
BFGS:  303 11:01:23     -609.657959        0.317846
BFGS:  304 11:01:23     -609.657776        0.320579
BFGS:  305 11:01:23     -609.656860        0.323088
BFGS:  306 11:01:24     -609.656677        0.324887
BFGS:  307 11:01:24     -609.656372        0.324622
BFGS:  308 11:01:24     -609.656250        0.320766
BFGS:  309 11:01:25     -609.658508        0.314288
BFGS:  310 11:01:25     -609.663147        0.307340
BFGS:  311 11:01:25     -609.664246        0.303971
BFGS:  312 11:01:25     -609.666077        0.302997
BFGS:  313 11:01:25     -609.664795        0.305572
BFGS:  314 11:01:26     -609.662781        0.309391
BFGS:  315 11:01:26     -609.662109        0.311088
BFGS:  316 11:01:26     -609.659912        0.312188
BFGS:  317 11:01:26     -609.658386        0.311605
BFGS:  318 11:01:27     -609.658752        0.309006
BFGS:  319 11:01:27     -609.660217        0.307163
BFGS:  320 11:01:27     -609.658569        0.307283
BFGS:  321 11:01:27     -609.659546        0.308339
BFGS:  322 11:01:28     -609.659302        0.311653
BFGS:  323 11:01:28     -609.658569        0.315484
BFGS:  324 11:01:28     -609.658325        0.317704
BFGS:  325 11:01:28     -609.658264        0.320095
BFGS:  326 11:01:29     -609.659485        0.321145
BFGS:  327 11:01:29     -609.659607        0.321311
BFGS:  328 11:01:29     -609.658325        0.321106
BFGS:  329 11:01:29     -609.656860        0.320281
BFGS:  330 11:01:30     -609.656067        0.319407
BFGS:  331 11:01:30     -609.655945        0.318727
BFGS:  332 11:01:30     -609.656616        0.318964
BFGS:  333 11:01:30     -609.657532        0.319741
BFGS:  334 11:01:31     -609.658203        0.320703
BFGS:  335 11:01:31     -609.658813        0.321908
BFGS:  336 11:01:31     -609.658997        0.323055
BFGS:  337 11:01:31     -609.658447        0.323687
BFGS:  338 11:01:32     -609.657593        0.323465
BFGS:  339 11:01:32     -609.656860        0.322681
BFGS:  340 11:01:32     -609.656250        0.321487
BFGS:  341 11:01:32     -609.656006        0.320024
BFGS:  342 11:01:33     -609.656494        0.318978
BFGS:  343 11:01:33     -609.657532        0.318879
BFGS:  344 11:01:33     -609.658325        0.319529
BFGS:  345 11:01:33     -609.658630        0.320317
BFGS:  346 11:01:34     -609.658447        0.320990
BFGS:  347 11:01:34     -609.657776        0.321331
BFGS:  348 11:01:34     -609.656555        0.321243
BFGS:  349 11:01:34     -609.655701        0.320773
BFGS:  350 11:01:35     -609.656616        0.319957
BFGS:  351 11:01:35     -609.658386        0.319155
BFGS:  352 11:01:35     -609.661621        0.318216
BFGS:  353 11:01:35     -609.662476        0.317959
BFGS:  354 11:01:36     -609.661499        0.317734
BFGS:  355 11:01:36     -609.660583        0.317098
BFGS:  356 11:01:36     -609.659302        0.316557
BFGS:  357 11:01:36     -609.658447        0.316194
BFGS:  358 11:01:37     -609.656921        0.317008
BFGS:  359 11:01:37     -609.657959        0.316929
BFGS:  360 11:01:37     -609.659180        0.317177
BFGS:  361 11:01:37     -609.660034        0.317164
BFGS:  362 11:01:38     -609.661377        0.316504
BFGS:  363 11:01:38     -609.661377        0.316002
BFGS:  364 11:01:38     -609.660522        0.315131
BFGS:  365 11:01:38     -609.658752        0.315072
BFGS:  366 11:01:39     -609.658447        0.314898
BFGS:  367 11:01:39     -609.657654        0.316143
BFGS:  368 11:01:39     -609.658264        0.316931
BFGS:  369 11:01:39     -609.659546        0.317983
BFGS:  370 11:01:40     -609.659668        0.318386
BFGS:  371 11:01:40     -609.660278        0.318806
BFGS:  372 11:01:40     -609.659912        0.318428
BFGS:  373 11:01:40     -609.658752        0.317573
BFGS:  374 11:01:41     -609.658325        0.317148
BFGS:  375 11:01:41     -609.658325        0.316944
BFGS:  376 11:01:41     -609.658569        0.317161
BFGS:  377 11:01:41     -609.659058        0.318004
BFGS:  378 11:01:42     -609.659241        0.319045
BFGS:  379 11:01:42     -609.659058        0.319757
BFGS:  380 11:01:42     -609.658691        0.320224
BFGS:  381 11:01:42     -609.658081        0.320487
BFGS:  382 11:01:43     -609.657593        0.320446
BFGS:  383 11:01:43     -609.657593        0.320144
BFGS:  384 11:01:43     -609.657959        0.319867
BFGS:  385 11:01:43     -609.658447        0.319689
BFGS:  386 11:01:44     -609.659058        0.319574
BFGS:  387 11:01:44     -609.660339        0.319490
BFGS:  388 11:01:44     -609.659790        0.319557
BFGS:  389 11:01:45     -609.658813        0.319793
BFGS:  390 11:01:45     -609.658569        0.319769
BFGS:  391 11:01:45     -609.658325        0.319656
BFGS:  392 11:01:45     -609.658264        0.319543
BFGS:  393 11:01:46     -609.658447        0.319344
BFGS:  394 11:01:46     -609.658691        0.319229
BFGS:  395 11:01:46     -609.658936        0.319203
BFGS:  396 11:01:46     -609.658997        0.319189
BFGS:  397 11:01:46     -609.659058        0.319153
BFGS:  398 11:01:47     -609.659119        0.319071
BFGS:  399 11:01:47     -609.659058        0.318851
BFGS:  400 11:01:47     -609.658997        0.318648
BFGS:  401 11:01:47     -609.658936        0.318503
BFGS:  402 11:01:48     -609.658875        0.318380
BFGS:  403 11:01:48     -609.658875        0.318259
BFGS:  404 11:01:48     -609.658875        0.318069
BFGS:  405 11:01:48     -609.658936        0.317923
BFGS:  406 11:01:49     -609.658997        0.317813
BFGS:  407 11:01:49     -609.659058        0.317778
BFGS:  408 11:01:49     -609.659119        0.317719
BFGS:  409 11:01:49     -609.659180        0.317586
BFGS:  410 11:01:50     -609.659241        0.317268
BFGS:  411 11:01:50     -609.659180        0.316791
BFGS:  412 11:01:50     -609.659058        0.316354
BFGS:  413 11:01:50     -609.658936        0.316069
BFGS:  414 11:01:51     -609.658813        0.315882
BFGS:  415 11:01:51     -609.657532        0.315998
BFGS:  416 11:01:51     -609.658081        0.315813
BFGS:  417 11:01:51     -609.658569        0.316482
BFGS:  418 11:01:52     -609.659119        0.317015
BFGS:  419 11:01:52     -609.660278        0.317551
BFGS:  420 11:01:52     -609.660278        0.318323
BFGS:  421 11:01:52     -609.660400        0.319594
BFGS:  422 11:01:53     -609.659363        0.320448
BFGS:  423 11:01:53     -609.659546        0.320504
BFGS:  424 11:01:53     -609.659851        0.320206
BFGS:  425 11:01:53     -609.660339        0.319811
BFGS:  426 11:01:53     -609.660828        0.319162
BFGS:  427 11:01:54     -609.660522        0.318764
BFGS:  428 11:01:54     -609.659851        0.318601
BFGS:  429 11:01:54     -609.658691        0.318480
BFGS:  430 11:01:54     -609.656921        0.318410
BFGS:  431 11:01:55     -609.656372        0.318122
BFGS:  432 11:01:55     -609.657471        0.316679
BFGS:  433 11:01:55     -609.658447        0.315632
BFGS:  434 11:01:55     -609.661499        0.314147
BFGS:  435 11:01:56     -609.663696        0.313496
BFGS:  436 11:01:56     -609.667664        0.313079
BFGS:  437 11:01:56     -609.669739        0.313863
BFGS:  438 11:01:56     -609.669312        0.316034
BFGS:  439 11:01:57     -609.664429        0.319091
BFGS:  440 11:01:57     -609.659058        0.321122
BFGS:  441 11:01:57     -609.653198        0.322392
BFGS:  442 11:01:57     -609.650635        0.322370
BFGS:  443 11:01:57     -609.650635        0.321393
BFGS:  444 11:01:58     -609.654236        0.320232
BFGS:  445 11:01:58     -609.660889        0.319038
BFGS:  446 11:01:58     -609.666016        0.318408
BFGS:  447 11:01:58     -609.670227        0.317709
BFGS:  448 11:01:58     -609.672607        0.316541
BFGS:  449 11:01:59     -609.672119        0.314310
BFGS:  450 11:01:59     -609.667725        0.311937
BFGS:  451 11:01:59     -609.662231        0.309923
BFGS:  452 11:01:59     -609.656433        0.308643
BFGS:  453 11:02:00     -609.650513        0.307909
BFGS:  454 11:02:00     -609.648071        0.307974
BFGS:  455 11:02:00     -609.652588        0.309270
BFGS:  456 11:02:00     -609.661987        0.310283
BFGS:  457 11:02:01     -609.673035        0.311543
BFGS:  458 11:02:01     -609.684143        0.312049
BFGS:  459 11:02:01     -609.693848        0.312276
BFGS:  460 11:02:01     -609.702148        0.312087
BFGS:  461 11:02:02     -609.709351        0.311511
BFGS:  462 11:02:02     -609.714966        0.311075
BFGS:  463 11:02:02     -609.719543        0.310452
BFGS:  464 11:02:02     -609.723877        0.309669
BFGS:  465 11:02:03     -609.727478        0.308793
BFGS:  466 11:02:03     -609.730347        0.307951
BFGS:  467 11:02:03     -609.733154        0.306965
BFGS:  468 11:02:03     -609.735596        0.305394
BFGS:  469 11:02:03     -609.738342        0.304682
BFGS:  470 11:02:04     -609.740845        0.303540
BFGS:  471 11:02:04     -609.743591        0.302261
BFGS:  472 11:02:04     -609.746643        0.300490
BFGS:  473 11:02:04     -609.749451        0.299042
BFGS:  474 11:02:05     -609.752319        0.297551
BFGS:  475 11:02:05     -609.754822        0.294760
BFGS:  476 11:02:05     -609.757446        0.294077
BFGS:  477 11:02:05     -609.760193        0.292688
BFGS:  478 11:02:05     -609.762695        0.291323
BFGS:  479 11:02:06     -609.765015        0.289929
BFGS:  480 11:02:06     -609.767456        0.288526
BFGS:  481 11:02:06     -609.769775        0.287105
BFGS:  482 11:02:06     -609.772156        0.285673
BFGS:  483 11:02:07     -609.774231        0.284309
BFGS:  484 11:02:07     -609.776550        0.282886
BFGS:  485 11:02:07     -609.778931        0.281434
BFGS:  486 11:02:07     -609.781372        0.279988
BFGS:  487 11:02:07     -609.783813        0.278524
BFGS:  488 11:02:08     -609.786255        0.277066
BFGS:  489 11:02:08     -609.788818        0.275607
BFGS:  490 11:02:08     -609.791016        0.274184
BFGS:  491 11:02:08     -609.793762        0.272699
BFGS:  492 11:02:09     -609.796631        0.271119
BFGS:  493 11:02:09     -609.799622        0.269575
BFGS:  494 11:02:09     -609.802124        0.268059
BFGS:  495 11:02:09     -609.804688        0.266613
BFGS:  496 11:02:09     -609.807617        0.264995
BFGS:  497 11:02:10     -609.810669        0.263447
BFGS:  498 11:02:10     -609.813782        0.261805
BFGS:  499 11:02:10     -609.816650        0.259828
BFGS:  500 11:02:10     -609.819641        0.258567
BFGS:  501 11:02:11     -609.822571        0.257103
BFGS:  502 11:02:11     -609.825562        0.255577
BFGS:  503 11:02:11     -609.828491        0.254081
BFGS:  504 11:02:11     -609.831604        0.252508
BFGS:  505 11:02:11     -609.834473        0.249640
BFGS:  506 11:02:12     -609.837585        0.249004
BFGS:  507 11:02:12     -609.840515        0.247631
BFGS:  508 11:02:12     -609.843384        0.246229
BFGS:  509 11:02:12     -609.846313        0.244814
BFGS:  510 11:02:13     -609.849182        0.243397
BFGS:  511 11:02:13     -609.852051        0.241983
BFGS:  512 11:02:13     -609.854980        0.240567
BFGS:  513 11:02:13     -609.857910        0.239154
BFGS:  514 11:02:14     -609.860779        0.237753
BFGS:  515 11:02:14     -609.864014        0.236347
BFGS:  516 11:02:14     -609.866821        0.234981
BFGS:  517 11:02:14     -609.869995        0.233530
BFGS:  518 11:02:15     -609.872803        0.232168
BFGS:  519 11:02:15     -609.875854        0.230727
BFGS:  520 11:02:15     -609.878906        0.229308
BFGS:  521 11:02:15     -609.882080        0.227845
BFGS:  522 11:02:16     -609.885132        0.226444
BFGS:  523 11:02:16     -609.888428        0.224940
BFGS:  524 11:02:16     -609.891541        0.223545
BFGS:  525 11:02:16     -609.894775        0.221957
BFGS:  526 11:02:17     -609.897949        0.220588
BFGS:  527 11:02:17     -609.901001        0.219205
BFGS:  528 11:02:17     -609.904053        0.217827
BFGS:  529 11:02:17     -609.907227        0.216455
BFGS:  530 11:02:18     -609.910278        0.215090
BFGS:  531 11:02:18     -609.913269        0.213728
BFGS:  532 11:02:18     -609.916382        0.212370
BFGS:  533 11:02:18     -609.919434        0.211012
BFGS:  534 11:02:19     -609.922546        0.209656
BFGS:  535 11:02:19     -609.925598        0.208311
BFGS:  536 11:02:19     -609.928528        0.207043
BFGS:  537 11:02:19     -609.931519        0.205724
BFGS:  538 11:02:20     -609.934631        0.204390
BFGS:  539 11:02:20     -609.937866        0.202981
BFGS:  540 11:02:20     -609.940979        0.201644
BFGS:  541 11:02:20     -609.944214        0.200186
BFGS:  542 11:02:21     -609.947510        0.198831
BFGS:  543 11:02:21     -609.950623        0.197486
BFGS:  544 11:02:21     -609.953918        0.196062
BFGS:  545 11:02:21     -609.957275        0.194641
BFGS:  546 11:02:22     -609.960693        0.193235
BFGS:  547 11:02:22     -609.963989        0.191871
BFGS:  548 11:02:22     -609.967163        0.190532
BFGS:  549 11:02:22     -609.970337        0.189202
BFGS:  550 11:02:23     -609.973511        0.187872
BFGS:  551 11:02:23     -609.976562        0.186552
BFGS:  552 11:02:23     -609.979736        0.185232
BFGS:  553 11:02:23     -609.982971        0.183786
BFGS:  554 11:02:23     -609.986328        0.182397
BFGS:  555 11:02:24     -609.989563        0.181048
BFGS:  556 11:02:24     -609.992737        0.179721
BFGS:  557 11:02:24     -609.996033        0.178362
BFGS:  558 11:02:24     -609.999268        0.177016
BFGS:  559 11:02:25     -610.002380        0.175692
BFGS:  560 11:02:25     -610.005493        0.174372
BFGS:  561 11:02:25     -610.008667        0.173063
BFGS:  562 11:02:25     -610.011780        0.171755
BFGS:  563 11:02:26     -610.014893        0.170450
BFGS:  564 11:02:26     -610.018127        0.169052
BFGS:  565 11:02:26     -610.021240        0.167736
BFGS:  566 11:02:26     -610.024353        0.166436
BFGS:  567 11:02:27     -610.027466        0.165137
BFGS:  568 11:02:27     -610.030518        0.163842
BFGS:  569 11:02:27     -610.033630        0.162551
BFGS:  570 11:02:27     -610.036682        0.161257
BFGS:  571 11:02:27     -610.039734        0.159969
BFGS:  572 11:02:28     -610.042786        0.158684
BFGS:  573 11:02:28     -610.045776        0.157403
BFGS:  574 11:02:28     -610.048950        0.155992
BFGS:  575 11:02:28     -610.052124        0.154603
BFGS:  576 11:02:29     -610.055298        0.153200
BFGS:  577 11:02:29     -610.058472        0.151896
BFGS:  578 11:02:29     -610.061523        0.150586
BFGS:  579 11:02:29     -610.064575        0.149305
BFGS:  580 11:02:30     -610.067566        0.148018
BFGS:  581 11:02:30     -610.070618        0.146650
BFGS:  582 11:02:30     -610.073669        0.145323
BFGS:  583 11:02:30     -610.076660        0.144033
BFGS:  584 11:02:31     -610.079651        0.142743
BFGS:  585 11:02:31     -610.082581        0.141466
BFGS:  586 11:02:31     -610.085632        0.140074
BFGS:  587 11:02:31     -610.088867        0.138558
BFGS:  588 11:02:31     -610.092163        0.136983
BFGS:  589 11:02:32     -610.095337        0.135606
BFGS:  590 11:02:32     -610.098633        0.134009
BFGS:  591 11:02:32     -610.101685        0.132615
BFGS:  592 11:02:32     -610.104736        0.131263
BFGS:  593 11:02:33     -610.107666        0.129947
BFGS:  594 11:02:33     -610.110718        0.128609
BFGS:  595 11:02:33     -610.113708        0.127220
BFGS:  596 11:02:33     -610.116638        0.125911
BFGS:  597 11:02:34     -610.119507        0.124586
BFGS:  598 11:02:34     -610.122437        0.123176
BFGS:  599 11:02:34     -610.125244        0.121854
BFGS:  600 11:02:34     -610.128052        0.120549
BFGS:  601 11:02:35     -610.130920        0.119199
BFGS:  602 11:02:35     -610.133789        0.117803
BFGS:  603 11:02:35     -610.136658        0.116409
BFGS:  604 11:02:35     -610.139465        0.115093
BFGS:  605 11:02:36     -610.142212        0.113772
BFGS:  606 11:02:36     -610.145020        0.112311
BFGS:  607 11:02:36     -610.147888        0.110887
BFGS:  608 11:02:36     -610.150635        0.109538
BFGS:  609 11:02:36     -610.153381        0.108102
BFGS:  610 11:02:37     -610.156067        0.106763
BFGS:  611 11:02:37     -610.158691        0.105383
BFGS:  612 11:02:37     -610.161377        0.103991
BFGS:  613 11:02:37     -610.164124        0.102825
BFGS:  614 11:02:38     -610.166870        0.101794
BFGS:  615 11:02:38     -610.169434        0.100191
BFGS:  616 11:02:38     -610.172119        0.099249
BFGS:  617 11:02:38     -610.174805        0.098266
BFGS:  618 11:02:38     -610.177429        0.097270
BFGS:  619 11:02:39     -610.179993        0.096250
BFGS:  620 11:02:39     -610.182495        0.095191
BFGS:  621 11:02:39     -610.184998        0.094107
BFGS:  622 11:02:39     -610.187439        0.093021
BFGS:  623 11:02:40     -610.189880        0.091919
BFGS:  624 11:02:40     -610.192261        0.090832
BFGS:  625 11:02:40     -610.194580        0.089727
BFGS:  626 11:02:40     -610.196777        0.088587
BFGS:  627 11:02:41     -610.199097        0.087474
BFGS:  628 11:02:41     -610.201355        0.086342
BFGS:  629 11:02:41     -610.203613        0.085207
BFGS:  630 11:02:41     -610.205872        0.084096
BFGS:  631 11:02:41     -610.208069        0.082960
BFGS:  632 11:02:42     -610.210266        0.081813
BFGS:  633 11:02:42     -610.212524        0.080632
BFGS:  634 11:02:42     -610.214661        0.079482
BFGS:  635 11:02:42     -610.216858        0.078328
BFGS:  636 11:02:43     -610.218933        0.077171
BFGS:  637 11:02:43     -610.220947        0.076004
BFGS:  638 11:02:43     -610.222961        0.074802
BFGS:  639 11:02:43     -610.224976        0.073605
BFGS:  640 11:02:43     -610.226929        0.072418
BFGS:  641 11:02:44     -610.228821        0.071212
BFGS:  642 11:02:44     -610.230713        0.070003
BFGS:  643 11:02:44     -610.232544        0.068774
BFGS:  644 11:02:44     -610.234375        0.067564
BFGS:  645 11:02:45     -610.236145        0.066322
BFGS:  646 11:02:45     -610.237854        0.065096
BFGS:  647 11:02:45     -610.239624        0.063863
BFGS:  648 11:02:45     -610.241272        0.062627
BFGS:  649 11:02:45     -610.242981        0.061377
BFGS:  650 11:02:46     -610.244629        0.060140
BFGS:  651 11:02:46     -610.246216        0.058888
BFGS:  652 11:02:46     -610.247864        0.057633
BFGS:  653 11:02:46     -610.249390        0.056381
BFGS:  654 11:02:46     -610.250854        0.055087
BFGS:  655 11:02:47     -610.252380        0.053816
BFGS:  656 11:02:47     -610.253784        0.052518
BFGS:  657 11:02:47     -610.255188        0.051244
BFGS:  658 11:02:47     -610.256592        0.049953
BFGS:  659 11:02:48     -610.257935        0.048660
BFGS:  660 11:02:48     -610.259216        0.047360
BFGS:  661 11:02:48     -610.260498        0.046053
BFGS:  662 11:02:48     -610.261780        0.044743
BFGS:  663 11:02:48     -610.262939        0.043430
BFGS:  664 11:02:49     -610.264160        0.042101
BFGS:  665 11:02:49     -610.265259        0.040778
BFGS:  666 11:02:49     -610.266357        0.039454
BFGS:  667 11:02:49     -610.267456        0.038109
BFGS:  668 11:02:49     -610.268494        0.036764
BFGS:  669 11:02:50     -610.269531        0.035413
BFGS:  670 11:02:50     -610.270447        0.034085
BFGS:  671 11:02:50     -610.271362        0.032712
BFGS:  672 11:02:50     -610.272339        0.031331
BFGS:  673 11:02:51     -610.273132        0.029954
BFGS:  674 11:02:51     -610.273987        0.028588
BFGS:  675 11:02:51     -610.274719        0.027212
BFGS:  676 11:02:51     -610.275513        0.025801
BFGS:  677 11:02:51     -610.276184        0.024412
BFGS:  678 11:02:52     -610.276855        0.022993
BFGS:  679 11:02:52     -610.277466        0.021593
BFGS:  680 11:02:52     -610.278076        0.020494
BFGS:  681 11:02:52     -610.278564        0.019404
BFGS:  682 11:02:52     -610.279114        0.018290
BFGS:  683 11:02:53     -610.279541        0.017187
BFGS:  684 11:02:53     -610.280029        0.016106
BFGS:  685 11:02:53     -610.280396        0.015160
BFGS:  686 11:02:53     -610.280762        0.014192
BFGS:  687 11:02:54     -610.281006        0.013176
BFGS:  688 11:02:54     -610.281250        0.012164
BFGS:  689 11:02:54     -610.281433        0.011087
BFGS:  690 11:02:54     -610.281616        0.009975
BFGS:  691 11:02:54     -610.281738        0.008804
BFGS:  692 11:02:55     -610.281738        0.007545
BFGS:  693 11:02:55     -610.281738        0.006601
BFGS:  694 11:02:55     -610.281860        0.006259
BFGS:  695 11:02:55     -610.281921        0.004793
BFGS:  696 11:02:55     -610.282104        0.004168
BFGS:  697 11:02:56     -610.282288        0.004360
BFGS:  698 11:02:56     -610.282471        0.004003
BFGS:  699 11:02:56     -610.282532        0.003479
BFGS:  700 11:02:56     -610.282532        0.003278
BFGS:  701 11:02:56     -610.282532        0.002775
BFGS:  702 11:02:57     -610.282532        0.002850
BFGS:  703 11:02:57     -610.282593        0.003886
BFGS:  704 11:02:57     -610.282593        0.006727
BFGS:  705 11:02:57     -610.282654        0.009036
BFGS:  706 11:02:57     -610.282715        0.009361
BFGS:  707 11:02:58     -610.282837        0.008160
BFGS:  708 11:02:58     -610.282959        0.006712
BFGS:  709 11:02:58     -610.283081        0.005468
BFGS:  710 11:02:58     -610.283081        0.004156
BFGS:  711 11:02:58     -610.283081        0.003399
BFGS:  712 11:02:59     -610.283081        0.002655
BFGS:  713 11:02:59     -610.283081        0.002551
BFGS:  714 11:02:59     -610.283081        0.002300
BFGS:  715 11:02:59     -610.283081        0.002210
BFGS:  716 11:02:59     -610.283081        0.001898
BFGS:  717 11:03:00     -610.283081        0.001450
BFGS:  718 11:03:00     -610.283142        0.001444
BFGS:  719 11:03:00     -610.283081        0.001550
BFGS:  720 11:03:00     -610.283081        0.001380
BFGS:  721 11:03:00     -610.283081        0.001238
BFGS:  722 11:03:01     -610.283081        0.001269
BFGS:  723 11:03:01     -610.283081        0.001373
BFGS:  724 11:03:01     -610.283081        0.001510
BFGS:  725 11:03:01     -610.283081        0.001536
BFGS:  726 11:03:01     -610.283081        0.001287
BFGS:  727 11:03:02     -610.283081        0.001050
BFGS:  728 11:03:02     -610.283142        0.000974
BFGS:  729 11:03:02     -610.283081        0.000933
BFGS:  730 11:03:02     -610.283081        0.000742
BFGS:  731 11:03:02     -610.283081        0.000745
BFGS:  732 11:03:03     -610.283081        0.000653
BFGS:  733 11:03:03     -610.283081        0.000449
BFGS:  734 11:03:03     -610.283081        0.000258
BFGS:  735 11:03:03     -610.283081        0.000239
BFGS:  736 11:03:03     -610.283081        0.000234
BFGS:  737 11:03:04     -610.283081        0.000197
BFGS:  738 11:03:04     -610.283081        0.000124
BFGS:  739 11:03:04     -610.283081        0.000104
BFGS:  740 11:03:04     -610.283081        0.000087
