

Relaxation Sigma3(1-12), MACE....

Using Materials Project MACE for MACECalculator with /shared/home/zhaolun/.cache/mace/5f5yavf3
Using float64 for MACECalculator, which is slower but more accurate. Recommended for geometry optimization.
      Step     Time          Energy          fmax
BFGS:    0 10:59:58     -401.099873        1.482299
BFGS:    1 11:00:00     -401.225434        1.389494
BFGS:    2 11:00:02     -402.053146        0.582513
BFGS:    3 11:00:05     -402.253186        0.600147
BFGS:    4 11:00:07     -402.286467        0.552807
BFGS:    5 11:00:09     -402.363815        0.385171
BFGS:    6 11:00:11     -402.467560        0.254892
BFGS:    7 11:00:14     -402.529099        0.254749
BFGS:    8 11:00:16     -402.555841        0.247368
BFGS:    9 11:00:18     -402.568688        0.221970
BFGS:   10 11:00:20     -402.619254        0.165361
BFGS:   11 11:00:22     -402.640888        0.161405
BFGS:   12 11:00:25     -402.651862        0.162516
BFGS:   13 11:00:27     -402.660221        0.142215
BFGS:   14 11:00:29     -402.675464        0.143801
BFGS:   15 11:00:31     -402.690362        0.124485
BFGS:   16 11:00:33     -402.700213        0.135138
BFGS:   17 11:00:36     -402.704674        0.122740
BFGS:   18 11:00:38     -402.708284        0.091544
BFGS:   19 11:00:40     -402.712801        0.092677
BFGS:   20 11:00:42     -402.716196        0.062467
BFGS:   21 11:00:45     -402.717668        0.047979
BFGS:   22 11:00:47     -402.718400        0.047222
BFGS:   23 11:00:49     -402.719416        0.044471
BFGS:   24 11:00:51     -402.720970        0.049755
BFGS:   25 11:00:53     -402.722662        0.054505
BFGS:   26 11:00:56     -402.723910        0.065391
BFGS:   27 11:00:59     -402.724847        0.061861
BFGS:   28 11:01:01     -402.726019        0.046586
BFGS:   29 11:01:04     -402.727613        0.047759
BFGS:   30 11:01:06     -402.729033        0.037548
BFGS:   31 11:01:09     -402.729791        0.029118
BFGS:   32 11:01:12     -402.730222        0.028726
BFGS:   33 11:01:15     -402.730795        0.030600
BFGS:   34 11:01:17     -402.731744        0.040718
BFGS:   35 11:01:20     -402.732862        0.035726
BFGS:   36 11:01:23     -402.733661        0.035495
BFGS:   37 11:01:25     -402.734093        0.032373
BFGS:   38 11:01:27     -402.734479        0.031834
BFGS:   39 11:01:30     -402.735040        0.035739
BFGS:   40 11:01:32     -402.735640        0.028937
BFGS:   41 11:01:34     -402.736032        0.027111
BFGS:   42 11:01:36     -402.736245        0.027096
BFGS:   43 11:01:39     -402.736476        0.027081
BFGS:   44 11:01:41     -402.736884        0.028078
BFGS:   45 11:01:43     -402.737458        0.031187
BFGS:   46 11:01:45     -402.737994        0.026983
BFGS:   47 11:01:47     -402.738340        0.026965
BFGS:   48 11:01:50     -402.738626        0.026953
BFGS:   49 11:01:52     -402.739065        0.032667
BFGS:   50 11:01:54     -402.739753        0.039434
BFGS:   51 11:01:56     -402.740546        0.035591
BFGS:   52 11:01:58     -402.741190        0.027741
BFGS:   53 11:02:01     -402.741706        0.027765
BFGS:   54 11:02:03     -402.742302        0.026687
BFGS:   55 11:02:05     -402.743007        0.026918
BFGS:   56 11:02:08     -402.743567        0.026598
BFGS:   57 11:02:10     -402.743857        0.026582
BFGS:   58 11:02:12     -402.744060        0.026574
BFGS:   59 11:02:14     -402.744386        0.026557
BFGS:   60 11:02:17     -402.744914        0.026519
BFGS:   61 11:02:19     -402.745503        0.026462
BFGS:   62 11:02:21     -402.745885        0.026415
BFGS:   63 11:02:23     -402.746086        0.026392
BFGS:   64 11:02:25     -402.746295        0.026371
BFGS:   65 11:02:28     -402.746646        0.026339
BFGS:   66 11:02:31     -402.747136        0.026457
BFGS:   67 11:02:33     -402.747663        0.029713
BFGS:   68 11:02:36     -402.748190        0.026311
BFGS:   69 11:02:38     -402.748920        0.034427
BFGS:   70 11:02:41     -402.750215        0.040967
BFGS:   71 11:02:44     -402.752287        0.053962
BFGS:   72 11:02:47     -402.754658        0.049564
BFGS:   73 11:02:49     -402.756481        0.050985
BFGS:   74 11:02:52     -402.757887        0.049255
BFGS:   75 11:02:54     -402.759864        0.055991
BFGS:   76 11:02:57     -402.763607        0.074816
BFGS:   77 11:02:59     -402.767936        0.090315
BFGS:   78 11:03:02     -402.772150        0.089769
BFGS:   79 11:03:04     -402.776148        0.079908
BFGS:   80 11:03:06     -402.779837        0.083373
BFGS:   81 11:03:08     -402.783251        0.096374
BFGS:   82 11:03:10     -402.786515        0.107024
BFGS:   83 11:03:13     -402.789762        0.115109
BFGS:   84 11:03:15     -402.793079        0.120787
BFGS:   85 11:03:17     -402.796505        0.124371
BFGS:   86 11:03:20     -402.800045        0.126200
BFGS:   87 11:03:22     -402.803685        0.126603
BFGS:   88 11:03:24     -402.807402        0.125870
BFGS:   89 11:03:27     -402.811170        0.124231
BFGS:   90 11:03:29     -402.814962        0.121902
BFGS:   91 11:03:31     -402.818754        0.119072
BFGS:   92 11:03:33     -402.822524        0.115901
BFGS:   93 11:03:36     -402.826255        0.112521
BFGS:   94 11:03:38     -402.829934        0.109036
BFGS:   95 11:03:40     -402.833548        0.105530
BFGS:   96 11:03:43     -402.837091        0.102061
BFGS:   97 11:03:45     -402.840557        0.098675
BFGS:   98 11:03:47     -402.843941        0.095399
BFGS:   99 11:03:50     -402.847241        0.095660
BFGS:  100 11:03:52     -402.850454        0.097317
BFGS:  101 11:03:54     -402.853579        0.098564
BFGS:  102 11:03:56     -402.856614        0.099424
BFGS:  103 11:03:58     -402.859557        0.099915
BFGS:  104 11:04:01     -402.862406        0.100059
BFGS:  105 11:04:03     -402.865160        0.099872
BFGS:  106 11:04:05     -402.867817        0.099373
BFGS:  107 11:04:08     -402.870374        0.098576
BFGS:  108 11:04:10     -402.872830        0.097497
BFGS:  109 11:04:12     -402.875181        0.097611
BFGS:  110 11:04:15     -402.877424        0.098518
BFGS:  111 11:04:17     -402.879557        0.099056
BFGS:  112 11:04:19     -402.881577        0.099230
BFGS:  113 11:04:22     -402.883480        0.099045
BFGS:  114 11:04:24     -402.885262        0.098506
BFGS:  115 11:04:26     -402.886920        0.097617
BFGS:  116 11:04:29     -402.888451        0.096383
BFGS:  117 11:04:31     -402.889851        0.094805
BFGS:  118 11:04:33     -402.891115        0.092885
BFGS:  119 11:04:36     -402.892240        0.090625
BFGS:  120 11:04:38     -402.893223        0.088024
BFGS:  121 11:04:40     -402.894059        0.085081
BFGS:  122 11:04:42     -402.894745        0.081791
BFGS:  123 11:04:45     -402.895277        0.078150
BFGS:  124 11:04:47     -402.895651        0.074149
BFGS:  125 11:04:50     -402.895864        0.069779
BFGS:  126 11:04:52     -402.895914        0.065026
BFGS:  127 11:04:55     -402.895796        0.059871
BFGS:  128 11:04:57     -402.895509        0.054290
BFGS:  129 11:05:00     -402.895052        0.053662
BFGS:  130 11:05:03     -402.894425        0.054041
BFGS:  131 11:05:05     -402.893631        0.054019
BFGS:  132 11:05:08     -402.892676        0.053483
BFGS:  133 11:05:11     -402.891577        0.052237
BFGS:  134 11:05:13     -402.890371        0.049883
BFGS:  135 11:05:16     -402.889154        0.045395
BFGS:  136 11:05:18     -402.888872        0.048140
BFGS:  137 11:05:20     -402.890746        0.049504
BFGS:  138 11:05:23     -402.894412        0.043766
BFGS:  139 11:05:25     -402.897519        0.038669
BFGS:  140 11:05:28     -402.900385        0.032485
BFGS:  141 11:05:30     -402.903068        0.026457
BFGS:  142 11:05:32     -402.903634        0.020980
BFGS:  143 11:05:34     -402.902729        0.014929
BFGS:  144 11:05:37     -402.901013        0.013051
BFGS:  145 11:05:39     -402.899115        0.011255
BFGS:  146 11:05:41     -402.897061        0.011169
BFGS:  147 11:05:43     -402.895977        0.011552
BFGS:  148 11:05:45     -402.895492        0.011387
BFGS:  149 11:05:47     -402.895442        0.009759
BFGS:  150 11:05:50     -402.896409        0.009339
BFGS:  151 11:05:52     -402.897865        0.009947
BFGS:  152 11:05:55     -402.898841        0.009191
BFGS:  153 11:05:57     -402.899656        0.009467
BFGS:  154 11:06:00     -402.900561        0.009474
BFGS:  155 11:06:02     -402.901279        0.011845
BFGS:  156 11:06:04     -402.901239        0.016400
BFGS:  157 11:06:06     -402.900448        0.015533
BFGS:  158 11:06:09     -402.899554        0.011527
BFGS:  159 11:06:11     -402.898749        0.010922
BFGS:  160 11:06:13     -402.898221        0.012429
BFGS:  161 11:06:16     -402.898296        0.012525
BFGS:  162 11:06:18     -402.898899        0.014916
BFGS:  163 11:06:20     -402.899796        0.015595
BFGS:  164 11:06:23     -402.900869        0.015303
BFGS:  165 11:06:25     -402.901733        0.017935
BFGS:  166 11:06:28     -402.901867        0.021488
BFGS:  167 11:06:30     -402.901221        0.022215
BFGS:  168 11:06:32     -402.900155        0.019239
BFGS:  169 11:06:35     -402.899100        0.020570
BFGS:  170 11:06:37     -402.898648        0.020804
BFGS:  171 11:06:40     -402.898975        0.019908
BFGS:  172 11:06:42     -402.899746        0.018165
BFGS:  173 11:06:45     -402.900771        0.017549
BFGS:  174 11:06:47     -402.901597        0.013925
BFGS:  175 11:06:49     -402.901570        0.012137
BFGS:  176 11:06:52     -402.900906        0.013960
BFGS:  177 11:06:54     -402.900236        0.014877
BFGS:  178 11:06:57     -402.899548        0.014774
BFGS:  179 11:06:59     -402.899079        0.013181
BFGS:  180 11:07:02     -402.899406        0.019322
BFGS:  181 11:07:04     -402.900526        0.024199
BFGS:  182 11:07:07     -402.901713        0.023368
BFGS:  183 11:07:09     -402.902836        0.019236
BFGS:  184 11:07:11     -402.903907        0.016579
BFGS:  185 11:07:14     -402.904348        0.018041
BFGS:  186 11:07:16     -402.903898        0.016515
BFGS:  187 11:07:19     -402.903169        0.018042
BFGS:  188 11:07:21     -402.902479        0.018464
BFGS:  189 11:07:23     -402.902010        0.019823
BFGS:  190 11:07:26     -402.902471        0.020862
BFGS:  191 11:07:28     -402.904283        0.026532
BFGS:  192 11:07:30     -402.906551        0.024935
BFGS:  193 11:07:33     -402.908311        0.022092
BFGS:  194 11:07:35     -402.909897        0.019297
BFGS:  195 11:07:38     -402.911119        0.018719
BFGS:  196 11:07:40     -402.911412        0.016292
BFGS:  197 11:07:43     -402.910854        0.017161
BFGS:  198 11:07:45     -402.910601        0.017720
BFGS:  199 11:07:47     -402.910241        0.018046
BFGS:  200 11:07:50     -402.910458        0.015335
BFGS:  201 11:07:52     -402.911163        0.011879
BFGS:  202 11:07:55     -402.911639        0.011784
BFGS:  203 11:07:57     -402.912023        0.010843
BFGS:  204 11:08:00     -402.912256        0.011224
BFGS:  205 11:08:02     -402.912150        0.010267
BFGS:  206 11:08:04     -402.911761        0.007975
BFGS:  207 11:08:07     -402.911425        0.008847
BFGS:  208 11:08:09     -402.911231        0.009116
BFGS:  209 11:08:11     -402.911203        0.007285
BFGS:  210 11:08:13     -402.911367        0.004162
BFGS:  211 11:08:16     -402.911546        0.003521
BFGS:  212 11:08:18     -402.911642        0.002852
BFGS:  213 11:08:21     -402.911692        0.002055
BFGS:  214 11:08:23     -402.911667        0.001806
BFGS:  215 11:08:26     -402.911593        0.001659
BFGS:  216 11:08:28     -402.911536        0.001534
BFGS:  217 11:08:30     -402.911503        0.001172
BFGS:  218 11:08:33     -402.911496        0.000779
BFGS:  219 11:08:35     -402.911520        0.000468
BFGS:  220 11:08:38     -402.911544        0.000388
BFGS:  221 11:08:40     -402.911554        0.000334
BFGS:  222 11:08:42     -402.911559        0.000280
BFGS:  223 11:08:45     -402.911555        0.000237
BFGS:  224 11:08:47     -402.911546        0.000180
BFGS:  225 11:08:50     -402.911541        0.000165
BFGS:  226 11:08:52     -402.911538        0.000129
BFGS:  227 11:08:55     -402.911537        0.000088
