

Relaxation Sigma9(2-21), SevenNet....

      Step     Time          Energy          fmax
BFGS:    0 11:00:14     -561.830872        1.108747
BFGS:    1 11:00:16     -561.895447        1.014114
BFGS:    2 11:00:17     -562.199219        0.600075
BFGS:    3 11:00:19     -562.228149        0.652427
BFGS:    4 11:00:20     -562.315918        0.649445
BFGS:    5 11:00:22     -562.399536        0.783978
BFGS:    6 11:00:23     -562.545654        0.600837
BFGS:    7 11:00:24     -562.591064        0.497357
BFGS:    8 11:00:26     -562.645874        0.491826
BFGS:    9 11:00:27     -562.768127        0.588734
BFGS:   10 11:00:28     -562.854980        0.592531
BFGS:   11 11:00:30     -562.923401        0.436604
BFGS:   12 11:00:31     -562.950134        0.295914
BFGS:   13 11:00:32     -562.976624        0.260155
BFGS:   14 11:00:34     -563.012817        0.288632
BFGS:   15 11:00:35     -563.050293        0.332801
BFGS:   16 11:00:36     -563.073853        0.241028
BFGS:   17 11:00:37     -563.089233        0.277743
BFGS:   18 11:00:39     -563.107544        0.307533
BFGS:   19 11:00:40     -563.132874        0.287286
BFGS:   20 11:00:41     -563.155090        0.221769
BFGS:   21 11:00:42     -563.169373        0.271479
BFGS:   22 11:00:44     -563.181824        0.222038
BFGS:   23 11:00:45     -563.198975        0.235718
BFGS:   24 11:00:46     -563.219849        0.230698
BFGS:   25 11:00:47     -563.237610        0.240868
BFGS:   26 11:00:48     -563.250061        0.271963
BFGS:   27 11:00:49     -563.263184        0.220535
BFGS:   28 11:00:51     -563.279907        0.191524
BFGS:   29 11:00:52     -563.296448        0.197681
BFGS:   30 11:00:53     -563.308105        0.187637
BFGS:   31 11:00:54     -563.316162        0.187145
BFGS:   32 11:00:55     -563.324402        0.150083
BFGS:   33 11:00:56     -563.336182        0.166786
BFGS:   34 11:00:57     -563.348328        0.152322
BFGS:   35 11:00:58     -563.357239        0.152214
BFGS:   36 11:01:00     -563.363892        0.157869
BFGS:   37 11:01:01     -563.371155        0.192073
BFGS:   38 11:01:02     -563.379639        0.146538
BFGS:   39 11:01:03     -563.386658        0.124731
BFGS:   40 11:01:04     -563.390686        0.101857
BFGS:   41 11:01:05     -563.393860        0.105612
BFGS:   42 11:01:06     -563.398438        0.124693
BFGS:   43 11:01:07     -563.403809        0.121117
BFGS:   44 11:01:08     -563.407471        0.071694
BFGS:   45 11:01:09     -563.409302        0.063335
BFGS:   46 11:01:11     -563.410828        0.092777
BFGS:   47 11:01:12     -563.412964        0.107397
BFGS:   48 11:01:13     -563.415405        0.091132
BFGS:   49 11:01:14     -563.417053        0.068304
BFGS:   50 11:01:15     -563.418213        0.054848
BFGS:   51 11:01:16     -563.419250        0.050671
BFGS:   52 11:01:17     -563.420898        0.067762
BFGS:   53 11:01:18     -563.422729        0.067431
BFGS:   54 11:01:19     -563.424072        0.067917
BFGS:   55 11:01:21     -563.424927        0.050486
BFGS:   56 11:01:22     -563.425720        0.043847
BFGS:   57 11:01:23     -563.426819        0.041440
BFGS:   58 11:01:24     -563.427979        0.074369
BFGS:   59 11:01:25     -563.428955        0.079353
BFGS:   60 11:01:26     -563.429688        0.055922
BFGS:   61 11:01:27     -563.430481        0.042538
BFGS:   62 11:01:28     -563.431396        0.042909
BFGS:   63 11:01:29     -563.432251        0.079434
BFGS:   64 11:01:30     -563.432983        0.082633
BFGS:   65 11:01:31     -563.433716        0.056995
BFGS:   66 11:01:32     -563.434570        0.043568
BFGS:   67 11:01:34     -563.435486        0.051099
BFGS:   68 11:01:35     -563.436279        0.081454
BFGS:   69 11:01:36     -563.437012        0.083616
BFGS:   70 11:01:37     -563.437988        0.061043
BFGS:   71 11:01:38     -563.439087        0.040185
BFGS:   72 11:01:39     -563.440063        0.048618
BFGS:   73 11:01:40     -563.440857        0.072441
BFGS:   74 11:01:41     -563.441772        0.075890
BFGS:   75 11:01:42     -563.443115        0.057599
BFGS:   76 11:01:43     -563.444824        0.050826
BFGS:   77 11:01:44     -563.446350        0.040979
BFGS:   78 11:01:45     -563.447510        0.061792
BFGS:   79 11:01:46     -563.448669        0.067563
BFGS:   80 11:01:47     -563.450378        0.059405
BFGS:   81 11:01:48     -563.452820        0.065040
BFGS:   82 11:01:49     -563.455078        0.045517
BFGS:   83 11:01:50     -563.456543        0.043806
BFGS:   84 11:01:51     -563.457703        0.047698
BFGS:   85 11:01:52     -563.459351        0.065190
BFGS:   86 11:01:53     -563.461731        0.064419
BFGS:   87 11:01:54     -563.464111        0.054413
BFGS:   88 11:01:55     -563.465698        0.042583
BFGS:   89 11:01:56     -563.466553        0.042094
BFGS:   90 11:01:58     -563.467712        0.049918
BFGS:   91 11:01:59     -563.469360        0.053161
BFGS:   92 11:02:00     -563.471069        0.038590
BFGS:   93 11:02:01     -563.472290        0.036769
BFGS:   94 11:02:02     -563.473022        0.035389
BFGS:   95 11:02:03     -563.473999        0.044339
BFGS:   96 11:02:04     -563.475647        0.056818
BFGS:   97 11:02:05     -563.477783        0.055792
BFGS:   98 11:02:06     -563.479675        0.053891
BFGS:   99 11:02:07     -563.481018        0.053344
BFGS:  100 11:02:08     -563.482422        0.049911
BFGS:  101 11:02:09     -563.484680        0.062818
BFGS:  102 11:02:10     -563.487976        0.069402
BFGS:  103 11:02:11     -563.491211        0.062120
BFGS:  104 11:02:12     -563.493713        0.065011
BFGS:  105 11:02:13     -563.496033        0.066663
BFGS:  106 11:02:14     -563.499573        0.093247
BFGS:  107 11:02:15     -563.505249        0.104272
BFGS:  108 11:02:16     -563.511292        0.079425
BFGS:  109 11:02:17     -563.516052        0.084310
BFGS:  110 11:02:18     -563.519653        0.076938
BFGS:  111 11:02:19     -563.524231        0.087494
BFGS:  112 11:02:20     -563.531250        0.117711
BFGS:  113 11:02:21     -563.538818        0.104495
BFGS:  114 11:02:22     -563.544189        0.094681
BFGS:  115 11:02:23     -563.547668        0.075564
BFGS:  116 11:02:24     -563.551636        0.089933
BFGS:  117 11:02:25     -563.557678        0.107216
BFGS:  118 11:02:26     -563.563538        0.106227
BFGS:  119 11:02:27     -563.569763        0.081288
BFGS:  120 11:02:28     -563.572571        0.099709
BFGS:  121 11:02:29     -563.576111        0.111247
BFGS:  122 11:02:30     -563.581177        0.109344
BFGS:  123 11:02:31     -563.587524        0.092979
BFGS:  124 11:02:32     -563.593140        0.086526
BFGS:  125 11:02:33     -563.596680        0.064049
BFGS:  126 11:02:34     -563.598877        0.071294
BFGS:  127 11:02:35     -563.601929        0.075283
BFGS:  128 11:02:36     -563.605957        0.094351
BFGS:  129 11:02:37     -563.610107        0.078031
BFGS:  130 11:02:38     -563.613037        0.065101
BFGS:  131 11:02:39     -563.614685        0.062800
BFGS:  132 11:02:40     -563.616699        0.061706
BFGS:  133 11:02:41     -563.619934        0.085710
BFGS:  134 11:02:42     -563.623535        0.085803
BFGS:  135 11:02:43     -563.625671        0.062349
BFGS:  136 11:02:44     -563.627258        0.055160
BFGS:  137 11:02:45     -563.629089        0.067641
BFGS:  138 11:02:46     -563.632080        0.095094
BFGS:  139 11:02:47     -563.635315        0.094713
BFGS:  140 11:02:48     -563.637573        0.061852
BFGS:  141 11:02:49     -563.639160        0.052996
BFGS:  142 11:02:50     -563.640930        0.056385
BFGS:  143 11:02:51     -563.643494        0.093809
BFGS:  144 11:02:52     -563.646423        0.102804
BFGS:  145 11:02:53     -563.648682        0.072206
BFGS:  146 11:02:54     -563.650146        0.063686
BFGS:  147 11:02:55     -563.651978        0.074867
BFGS:  148 11:02:56     -563.654114        0.095480
BFGS:  149 11:02:57     -563.657227        0.096842
BFGS:  150 11:02:58     -563.660767        0.076935
BFGS:  151 11:02:59     -563.662964        0.089453
BFGS:  152 11:03:00     -563.665039        0.083382
BFGS:  153 11:03:01     -563.668213        0.094326
BFGS:  154 11:03:02     -563.671997        0.126057
BFGS:  155 11:03:03     -563.675049        0.125008
BFGS:  156 11:03:04     -563.678711        0.092431
BFGS:  157 11:03:05     -563.680969        0.065442
BFGS:  158 11:03:06     -563.683716        0.083759
BFGS:  159 11:03:07     -563.686035        0.077059
BFGS:  160 11:03:08     -563.689697        0.099860
BFGS:  161 11:03:09     -563.693237        0.114064
BFGS:  162 11:03:10     -563.696899        0.110928
BFGS:  163 11:03:11     -563.699890        0.088477
BFGS:  164 11:03:12     -563.702393        0.086535
BFGS:  165 11:03:13     -563.704590        0.087815
BFGS:  166 11:03:14     -563.707703        0.085941
BFGS:  167 11:03:15     -563.710938        0.089139
BFGS:  168 11:03:15     -563.714172        0.081703
BFGS:  169 11:03:16     -563.717041        0.079636
BFGS:  170 11:03:17     -563.719849        0.071940
BFGS:  171 11:03:18     -563.722107        0.076648
BFGS:  172 11:03:19     -563.724609        0.081954
BFGS:  173 11:03:20     -563.726807        0.079265
BFGS:  174 11:03:21     -563.729980        0.086562
BFGS:  175 11:03:22     -563.732605        0.089961
BFGS:  176 11:03:23     -563.735840        0.087351
BFGS:  177 11:03:24     -563.738892        0.089363
BFGS:  178 11:03:25     -563.742065        0.089932
BFGS:  179 11:03:26     -563.745056        0.087571
BFGS:  180 11:03:27     -563.748047        0.084562
BFGS:  181 11:03:28     -563.750854        0.081209
BFGS:  182 11:03:29     -563.753540        0.079041
BFGS:  183 11:03:30     -563.756104        0.078540
BFGS:  184 11:03:31     -563.758728        0.079897
BFGS:  185 11:03:32     -563.761353        0.082454
BFGS:  186 11:03:33     -563.764038        0.085759
BFGS:  187 11:03:34     -563.766846        0.089014
BFGS:  188 11:03:35     -563.769653        0.091889
BFGS:  189 11:03:36     -563.772522        0.093886
BFGS:  190 11:03:37     -563.775391        0.094827
BFGS:  191 11:03:38     -563.778259        0.094534
BFGS:  192 11:03:39     -563.781128        0.092981
BFGS:  193 11:03:40     -563.783936        0.090140
BFGS:  194 11:03:41     -563.786743        0.085991
BFGS:  195 11:03:42     -563.789368        0.083429
BFGS:  196 11:03:43     -563.791992        0.087159
BFGS:  197 11:03:44     -563.794556        0.087735
BFGS:  198 11:03:45     -563.797119        0.085835
BFGS:  199 11:03:46     -563.799561        0.080534
BFGS:  200 11:03:47     -563.802185        0.072829
BFGS:  201 11:03:48     -563.804565        0.069013
BFGS:  202 11:03:49     -563.807373        0.072047
BFGS:  203 11:03:50     -563.809814        0.071398
BFGS:  204 11:03:51     -563.812744        0.071148
BFGS:  205 11:03:52     -563.815308        0.066844
BFGS:  206 11:03:53     -563.818420        0.062527
BFGS:  207 11:03:54     -563.821106        0.073561
BFGS:  208 11:03:55     -563.824219        0.081837
BFGS:  209 11:03:56     -563.826904        0.083274
BFGS:  210 11:03:57     -563.829895        0.074237
BFGS:  211 11:03:58     -563.832642        0.073597
BFGS:  212 11:03:59     -563.835571        0.072950
BFGS:  213 11:03:59     -563.838257        0.069875
BFGS:  214 11:04:00     -563.841125        0.069697
BFGS:  215 11:04:01     -563.843750        0.071821
BFGS:  216 11:04:02     -563.846497        0.072649
BFGS:  217 11:04:03     -563.849060        0.072771
BFGS:  218 11:04:04     -563.851685        0.075964
BFGS:  219 11:04:05     -563.854248        0.083206
BFGS:  220 11:04:06     -563.856750        0.088371
BFGS:  221 11:04:07     -563.859192        0.091480
BFGS:  222 11:04:08     -563.861633        0.093030
BFGS:  223 11:04:09     -563.864075        0.093128
BFGS:  224 11:04:10     -563.866577        0.092101
BFGS:  225 11:04:11     -563.869019        0.090027
BFGS:  226 11:04:12     -563.871582        0.087087
BFGS:  227 11:04:13     -563.874084        0.084019
BFGS:  228 11:04:14     -563.876587        0.085031
BFGS:  229 11:04:15     -563.879272        0.085705
BFGS:  230 11:04:16     -563.882019        0.085575
BFGS:  231 11:04:17     -563.884888        0.084748
BFGS:  232 11:04:18     -563.887695        0.083823
BFGS:  233 11:04:19     -563.890686        0.086505
BFGS:  234 11:04:20     -563.893616        0.089459
BFGS:  235 11:04:21     -563.896729        0.092172
BFGS:  236 11:04:22     -563.899780        0.095222
BFGS:  237 11:04:23     -563.903320        0.097926
BFGS:  238 11:04:24     -563.906494        0.100915
BFGS:  239 11:04:25     -563.910522        0.103847
BFGS:  240 11:04:26     -563.914062        0.106802
BFGS:  241 11:04:27     -563.919434        0.110546
BFGS:  242 11:04:28     -563.924011        0.112425
BFGS:  243 11:04:29     -563.931885        0.111833
BFGS:  244 11:04:30     -563.938354        0.104932
BFGS:  245 11:04:31     -563.947144        0.097906
BFGS:  246 11:04:32     -563.953979        0.087910
BFGS:  247 11:04:33     -563.960693        0.109606
BFGS:  248 11:04:34     -563.965393        0.121534
BFGS:  249 11:04:35     -563.970093        0.126435
BFGS:  250 11:04:36     -563.974304        0.125626
BFGS:  251 11:04:37     -563.978394        0.121913
BFGS:  252 11:04:37     -563.982361        0.115737
BFGS:  253 11:04:38     -563.986267        0.107506
BFGS:  254 11:04:39     -563.990112        0.097525
BFGS:  255 11:04:40     -563.993774        0.088683
BFGS:  256 11:04:41     -563.997437        0.092026
BFGS:  257 11:04:42     -564.001038        0.095037
BFGS:  258 11:04:43     -564.004517        0.097681
BFGS:  259 11:04:44     -564.007935        0.099820
BFGS:  260 11:04:44     -564.011292        0.101577
BFGS:  261 11:04:45     -564.014587        0.102708
BFGS:  262 11:04:46     -564.017883        0.103305
BFGS:  263 11:04:47     -564.021179        0.103323
BFGS:  264 11:04:48     -564.024475        0.102479
BFGS:  265 11:04:49     -564.027832        0.101096
BFGS:  266 11:04:50     -564.031128        0.098485
BFGS:  267 11:04:50     -564.034485        0.095500
BFGS:  268 11:04:51     -564.037903        0.091131
BFGS:  269 11:04:52     -564.041504        0.089582
BFGS:  270 11:04:53     -564.044922        0.085359
BFGS:  271 11:04:54     -564.048828        0.090335
BFGS:  272 11:04:55     -564.052429        0.091052
BFGS:  273 11:04:56     -564.056519        0.101348
BFGS:  274 11:04:56     -564.060242        0.102000
BFGS:  275 11:04:57     -564.064392        0.108545
BFGS:  276 11:04:58     -564.068420        0.109844
BFGS:  277 11:04:59     -564.072632        0.112329
BFGS:  278 11:05:00     -564.076904        0.112331
BFGS:  279 11:05:01     -564.081238        0.112538
BFGS:  280 11:05:02     -564.085632        0.111346
BFGS:  281 11:05:03     -564.089966        0.109889
BFGS:  282 11:05:03     -564.094482        0.107688
BFGS:  283 11:05:04     -564.098755        0.105505
BFGS:  284 11:05:05     -564.103271        0.102927
BFGS:  285 11:05:06     -564.107544        0.104461
BFGS:  286 11:05:07     -564.112122        0.112404
BFGS:  287 11:05:08     -564.116516        0.117870
BFGS:  288 11:05:09     -564.121033        0.121290
BFGS:  289 11:05:09     -564.125366        0.122810
BFGS:  290 11:05:10     -564.130005        0.122317
BFGS:  291 11:05:11     -564.134460        0.120651
BFGS:  292 11:05:12     -564.139160        0.116972
BFGS:  293 11:05:13     -564.143494        0.112890
BFGS:  294 11:05:14     -564.148315        0.106770
BFGS:  295 11:05:15     -564.152710        0.106824
BFGS:  296 11:05:15     -564.157471        0.106928
BFGS:  297 11:05:16     -564.161926        0.106541
BFGS:  298 11:05:17     -564.166626        0.105204
BFGS:  299 11:05:18     -564.171082        0.103624
BFGS:  300 11:05:19     -564.175842        0.101093
BFGS:  301 11:05:20     -564.180298        0.098512
BFGS:  302 11:05:20     -564.185059        0.099360
BFGS:  303 11:05:21     -564.189514        0.103116
BFGS:  304 11:05:22     -564.194214        0.106831
BFGS:  305 11:05:23     -564.198730        0.110125
BFGS:  306 11:05:24     -564.203369        0.113289
BFGS:  307 11:05:25     -564.207886        0.116041
BFGS:  308 11:05:26     -564.212524        0.118592
BFGS:  309 11:05:26     -564.217041        0.120728
BFGS:  310 11:05:27     -564.221802        0.122622
BFGS:  311 11:05:28     -564.226318        0.124116
BFGS:  312 11:05:29     -564.231018        0.125336
BFGS:  313 11:05:30     -564.235596        0.126169
BFGS:  314 11:05:31     -564.240479        0.126686
BFGS:  315 11:05:31     -564.245056        0.126839
BFGS:  316 11:05:32     -564.250000        0.126597
BFGS:  317 11:05:33     -564.254639        0.125984
BFGS:  318 11:05:34     -564.259705        0.124894
BFGS:  319 11:05:35     -564.264465        0.123500
BFGS:  320 11:05:36     -564.269836        0.121681
BFGS:  321 11:05:37     -564.274536        0.124906
BFGS:  322 11:05:38     -564.280151        0.130678
BFGS:  323 11:05:39     -564.284973        0.134187
BFGS:  324 11:05:40     -564.290771        0.138435
BFGS:  325 11:05:41     -564.295776        0.140341
BFGS:  326 11:05:42     -564.301941        0.142401
BFGS:  327 11:05:43     -564.307251        0.142050
BFGS:  328 11:05:44     -564.313660        0.140771
BFGS:  329 11:05:47     -564.319153        0.137206
BFGS:  330 11:05:50     -564.326172        0.130898
BFGS:  331 11:05:54     -564.331543        0.126818
BFGS:  332 11:05:58     -564.339539        0.129054
BFGS:  333 11:06:01     -564.344421        0.129742
BFGS:  334 11:06:05     -564.354736        0.121324
BFGS:  335 11:06:08     -564.358582        0.119738
BFGS:  336 11:06:12     -564.367310        0.106105
BFGS:  337 11:06:16     -564.372742        0.105266
BFGS:  338 11:06:19     -564.380371        0.102816
BFGS:  339 11:06:23     -564.388977        0.097001
BFGS:  340 11:06:26     -564.394531        0.099328
BFGS:  341 11:06:30     -564.400330        0.081821
BFGS:  342 11:06:33     -564.405273        0.071316
BFGS:  343 11:06:37     -564.412109        0.071046
BFGS:  344 11:06:41     -564.415649        0.086685
BFGS:  345 11:06:44     -564.419800        0.098491
BFGS:  346 11:06:48     -564.423950        0.104756
BFGS:  347 11:06:51     -564.428284        0.106811
BFGS:  348 11:06:55     -564.432739        0.104245
BFGS:  349 11:06:58     -564.437500        0.103647
BFGS:  350 11:07:02     -564.442383        0.105064
BFGS:  351 11:07:05     -564.448242        0.108073
BFGS:  352 11:07:09     -564.452637        0.109060
BFGS:  353 11:07:12     -564.459229        0.103516
BFGS:  354 11:07:16     -564.464050        0.091588
BFGS:  355 11:07:19     -564.469421        0.120588
BFGS:  356 11:07:23     -564.475281        0.140021
BFGS:  357 11:07:26     -564.480835        0.134186
BFGS:  358 11:07:30     -564.487122        0.102476
BFGS:  359 11:07:33     -564.493286        0.118000
BFGS:  360 11:07:37     -564.500793        0.128944
BFGS:  361 11:07:40     -564.506836        0.138135
BFGS:  362 11:07:44     -564.518921        0.172558
BFGS:  363 11:07:47     -564.524475        0.175532
BFGS:  364 11:07:51     -564.537903        0.175247
BFGS:  365 11:07:54     -564.550354        0.171726
BFGS:  366 11:07:58     -564.573303        0.219822
BFGS:  367 11:08:01     -564.591553        0.298286
BFGS:  368 11:08:05     -564.635315        0.555576
BFGS:  369 11:08:08     -564.671936        0.577692
BFGS:  370 11:08:12     -564.723633        0.618897
BFGS:  371 11:08:15     -564.801758        0.506193
BFGS:  372 11:08:19     -564.825623        0.500404
BFGS:  373 11:08:22     -564.874634        0.490088
BFGS:  374 11:08:25     -564.917542        0.465536
BFGS:  375 11:08:29     -564.971558        0.433217
BFGS:  376 11:08:32     -565.030945        0.396309
BFGS:  377 11:08:36     -565.102905        0.404070
BFGS:  378 11:08:39     -565.160889        0.404521
BFGS:  379 11:08:43     -565.227966        0.400182
BFGS:  380 11:08:46     -565.270386        0.392652
BFGS:  381 11:08:50     -565.321899        0.385633
BFGS:  382 11:08:53     -565.349976        0.378744
BFGS:  383 11:08:56     -565.393066        0.371812
BFGS:  384 11:09:00     -565.418640        0.362585
BFGS:  385 11:09:03     -565.467590        0.341478
BFGS:  386 11:09:07     -565.504639        0.360193
BFGS:  387 11:09:10     -565.584167        0.376756
BFGS:  388 11:09:14     -565.619873        0.371747
BFGS:  389 11:09:17     -565.671021        0.345967
BFGS:  390 11:09:20     -565.700134        0.361486
BFGS:  391 11:09:24     -565.728333        0.357113
BFGS:  392 11:09:27     -565.752258        0.353998
BFGS:  393 11:09:31     -565.775391        0.345202
BFGS:  394 11:09:34     -565.797119        0.335830
BFGS:  395 11:09:38     -565.818115        0.324564
BFGS:  396 11:09:41     -565.838440        0.312810
BFGS:  397 11:09:44     -565.858398        0.299931
BFGS:  398 11:09:48     -565.877869        0.286402
BFGS:  399 11:09:51     -565.896851        0.272425
BFGS:  400 11:09:55     -565.915344        0.258273
BFGS:  401 11:09:58     -565.933533        0.244215
BFGS:  402 11:10:01     -565.951416        0.230281
BFGS:  403 11:10:05     -565.968994        0.216849
BFGS:  404 11:10:08     -565.986145        0.208286
BFGS:  405 11:10:12     -566.002930        0.208995
BFGS:  406 11:10:15     -566.019287        0.214868
BFGS:  407 11:10:19     -566.035278        0.218997
BFGS:  408 11:10:22     -566.050781        0.221268
BFGS:  409 11:10:25     -566.065918        0.221435
BFGS:  410 11:10:29     -566.080444        0.219559
BFGS:  411 11:10:32     -566.094849        0.215418
BFGS:  412 11:10:36     -566.108643        0.209234
BFGS:  413 11:10:39     -566.122375        0.200716
BFGS:  414 11:10:43     -566.135315        0.190188
BFGS:  415 11:10:46     -566.148560        0.177432
BFGS:  416 11:10:50     -566.160522        0.181527
BFGS:  417 11:10:53     -566.173645        0.190689
BFGS:  418 11:10:56     -566.184570        0.193822
BFGS:  419 11:11:00     -566.197571        0.205726
BFGS:  420 11:11:03     -566.208313        0.207736
BFGS:  421 11:11:07     -566.220581        0.215116
BFGS:  422 11:11:10     -566.231812        0.213214
BFGS:  423 11:11:14     -566.243835        0.213512
BFGS:  424 11:11:17     -566.255371        0.203436
BFGS:  425 11:11:20     -566.266907        0.198026
BFGS:  426 11:11:24     -566.277954        0.183650
BFGS:  427 11:11:27     -566.288391        0.190951
BFGS:  428 11:11:31     -566.298462        0.186926
BFGS:  429 11:11:34     -566.307495        0.190882
BFGS:  430 11:11:38     -566.316284        0.197098
BFGS:  431 11:11:41     -566.324524        0.200097
BFGS:  432 11:11:45     -566.332458        0.199449
BFGS:  433 11:11:48     -566.339905        0.195580
BFGS:  434 11:11:52     -566.347229        0.191214
BFGS:  435 11:11:55     -566.354248        0.183417
BFGS:  436 11:11:59     -566.361084        0.177332
BFGS:  437 11:12:02     -566.367676        0.173407
BFGS:  438 11:12:06     -566.374207        0.170709
BFGS:  439 11:12:09     -566.380554        0.167303
BFGS:  440 11:12:12     -566.386780        0.163340
BFGS:  441 11:12:16     -566.392822        0.158896
BFGS:  442 11:12:20     -566.398804        0.154148
BFGS:  443 11:12:23     -566.404602        0.148893
BFGS:  444 11:12:27     -566.410400        0.143534
BFGS:  445 11:12:30     -566.415955        0.137874
BFGS:  446 11:12:33     -566.421509        0.132246
BFGS:  447 11:12:37     -566.426941        0.126223
BFGS:  448 11:12:40     -566.432190        0.120320
BFGS:  449 11:12:44     -566.437561        0.119384
BFGS:  450 11:12:48     -566.442749        0.117732
BFGS:  451 11:12:51     -566.447876        0.115903
BFGS:  452 11:12:54     -566.452820        0.113824
BFGS:  453 11:12:58     -566.457886        0.115105
BFGS:  454 11:13:01     -566.462708        0.120070
BFGS:  455 11:13:05     -566.467590        0.127117
BFGS:  456 11:13:08     -566.472290        0.132868
BFGS:  457 11:13:12     -566.477051        0.138744
BFGS:  458 11:13:16     -566.481628        0.143241
BFGS:  459 11:13:19     -566.486267        0.147790
BFGS:  460 11:13:22     -566.490662        0.151042
BFGS:  461 11:13:26     -566.495117        0.153993
BFGS:  462 11:13:29     -566.499512        0.155810
BFGS:  463 11:13:33     -566.503906        0.157071
BFGS:  464 11:13:37     -566.508179        0.157332
BFGS:  465 11:13:40     -566.512512        0.156955
BFGS:  466 11:13:43     -566.516663        0.155642
BFGS:  467 11:13:47     -566.520935        0.153559
BFGS:  468 11:13:50     -566.525085        0.150372
BFGS:  469 11:13:54     -566.529358        0.146379
BFGS:  470 11:13:58     -566.533508        0.140796
BFGS:  471 11:14:01     -566.537781        0.134061
BFGS:  472 11:14:05     -566.541931        0.126315
BFGS:  473 11:14:08     -566.546265        0.117653
BFGS:  474 11:14:12     -566.550537        0.108505
BFGS:  475 11:14:15     -566.554932        0.100014
BFGS:  476 11:14:19     -566.559204        0.104675
BFGS:  477 11:14:22     -566.563721        0.106285
BFGS:  478 11:14:26     -566.567993        0.109441
BFGS:  479 11:14:29     -566.572571        0.109063
BFGS:  480 11:14:33     -566.577026        0.110587
BFGS:  481 11:14:36     -566.581665        0.111888
BFGS:  482 11:14:40     -566.586243        0.116766
BFGS:  483 11:14:43     -566.591064        0.120003
BFGS:  484 11:14:47     -566.595825        0.124980
BFGS:  485 11:14:51     -566.600708        0.127990
BFGS:  486 11:14:54     -566.605652        0.132477
BFGS:  487 11:14:57     -566.610718        0.134523
BFGS:  488 11:15:01     -566.615845        0.137749
BFGS:  489 11:15:05     -566.621338        0.140846
BFGS:  490 11:15:08     -566.626770        0.143063
BFGS:  491 11:15:12     -566.632385        0.146377
BFGS:  492 11:15:15     -566.638367        0.150037
BFGS:  493 11:15:19     -566.644043        0.159369
BFGS:  494 11:15:22     -566.650757        0.164051
BFGS:  495 11:15:26     -566.656799        0.180408
BFGS:  496 11:15:29     -566.664368        0.190769
BFGS:  497 11:15:33     -566.670776        0.198127
BFGS:  498 11:15:36     -566.679016        0.216421
BFGS:  499 11:15:40     -566.686035        0.212474
BFGS:  500 11:15:43     -566.694336        0.219192
BFGS:  501 11:15:47     -566.702332        0.214041
BFGS:  502 11:15:50     -566.711121        0.200219
BFGS:  503 11:15:54     -566.718689        0.188421
BFGS:  504 11:15:58     -566.727051        0.168398
BFGS:  505 11:16:01     -566.733948        0.149281
BFGS:  506 11:16:05     -566.741028        0.138477
BFGS:  507 11:16:08     -566.747070        0.131090
BFGS:  508 11:16:12     -566.753174        0.120149
BFGS:  509 11:16:15     -566.758667        0.114200
BFGS:  510 11:16:19     -566.763855        0.115142
BFGS:  511 11:16:23     -566.768494        0.115138
BFGS:  512 11:16:26     -566.772949        0.115013
BFGS:  513 11:16:30     -566.776855        0.113694
BFGS:  514 11:16:33     -566.780640        0.112369
BFGS:  515 11:16:37     -566.783936        0.109735
BFGS:  516 11:16:41     -566.787170        0.107336
BFGS:  517 11:16:44     -566.790161        0.103563
BFGS:  518 11:16:48     -566.792969        0.100101
BFGS:  519 11:16:51     -566.795593        0.097567
BFGS:  520 11:16:55     -566.798096        0.097427
BFGS:  521 11:16:58     -566.800476        0.096103
BFGS:  522 11:17:02     -566.802673        0.094139
BFGS:  523 11:17:05     -566.804871        0.091279
BFGS:  524 11:17:09     -566.806885        0.087678
BFGS:  525 11:17:13     -566.808899        0.083483
BFGS:  526 11:17:16     -566.810791        0.083005
BFGS:  527 11:17:19     -566.812622        0.085353
BFGS:  528 11:17:23     -566.814392        0.086039
BFGS:  529 11:17:26     -566.816162        0.087710
BFGS:  530 11:17:30     -566.817810        0.087031
BFGS:  531 11:17:34     -566.819458        0.087582
BFGS:  532 11:17:37     -566.820984        0.086373
BFGS:  533 11:17:41     -566.822510        0.085176
BFGS:  534 11:17:44     -566.823975        0.082810
BFGS:  535 11:17:48     -566.825562        0.079323
BFGS:  536 11:17:51     -566.826904        0.075536
BFGS:  537 11:17:55     -566.828491        0.071750
BFGS:  538 11:17:58     -566.829712        0.072677
BFGS:  539 11:18:02     -566.831177        0.073412
BFGS:  540 11:18:05     -566.832336        0.073899
BFGS:  541 11:18:09     -566.833618        0.075145
BFGS:  542 11:18:12     -566.834717        0.074951
BFGS:  543 11:18:16     -566.835815        0.077086
BFGS:  544 11:18:19     -566.836731        0.081050
BFGS:  545 11:18:22     -566.837708        0.083757
BFGS:  546 11:18:26     -566.838379        0.085407
BFGS:  547 11:18:30     -566.839111        0.085356
BFGS:  548 11:18:33     -566.839722        0.084659
BFGS:  549 11:18:36     -566.840271        0.082033
BFGS:  550 11:18:40     -566.840759        0.080640
BFGS:  551 11:18:43     -566.841187        0.081684
BFGS:  552 11:18:47     -566.841553        0.081960
BFGS:  553 11:18:50     -566.841858        0.083368
BFGS:  554 11:18:54     -566.842041        0.086297
BFGS:  555 11:18:57     -566.842224        0.086545
BFGS:  556 11:19:01     -566.842407        0.087716
BFGS:  557 11:19:05     -566.842590        0.086639
BFGS:  558 11:19:08     -566.842712        0.087231
BFGS:  559 11:19:12     -566.842773        0.084962
BFGS:  560 11:19:15     -566.842712        0.085450
BFGS:  561 11:19:19     -566.842712        0.082145
BFGS:  562 11:19:22     -566.842529        0.082670
BFGS:  563 11:19:26     -566.842407        0.079145
BFGS:  564 11:19:29     -566.842163        0.079012
BFGS:  565 11:19:33     -566.842041        0.079722
BFGS:  566 11:19:36     -566.841675        0.081367
BFGS:  567 11:19:40     -566.841431        0.082624
BFGS:  568 11:19:43     -566.841125        0.083912
BFGS:  569 11:19:47     -566.840820        0.084848
BFGS:  570 11:19:51     -566.840515        0.085900
BFGS:  571 11:19:54     -566.840149        0.086685
BFGS:  572 11:19:57     -566.839844        0.087942
BFGS:  573 11:20:01     -566.839478        0.092649
BFGS:  574 11:20:05     -566.839233        0.097404
BFGS:  575 11:20:08     -566.838867        0.102289
BFGS:  576 11:20:12     -566.838623        0.107056
BFGS:  577 11:20:15     -566.838379        0.112102
BFGS:  578 11:20:19     -566.838196        0.116839
BFGS:  579 11:20:22     -566.838074        0.121930
BFGS:  580 11:20:26     -566.837952        0.126581
BFGS:  581 11:20:29     -566.837891        0.131707
BFGS:  582 11:20:33     -566.837891        0.136196
BFGS:  583 11:20:37     -566.837952        0.141323
BFGS:  584 11:20:40     -566.838135        0.145261
BFGS:  585 11:20:44     -566.838318        0.150921
BFGS:  586 11:20:47     -566.838684        0.155105
BFGS:  587 11:20:51     -566.838989        0.161127
BFGS:  588 11:20:54     -566.839539        0.164629
BFGS:  589 11:20:58     -566.839966        0.170537
BFGS:  590 11:21:01     -566.840820        0.173353
BFGS:  591 11:21:05     -566.841492        0.181762
BFGS:  592 11:21:09     -566.842468        0.190579
BFGS:  593 11:21:12     -566.843384        0.200460
BFGS:  594 11:21:16     -566.844604        0.210888
BFGS:  595 11:21:19     -566.845825        0.218676
BFGS:  596 11:21:23     -566.847290        0.226606
BFGS:  597 11:21:26     -566.848877        0.235783
BFGS:  598 11:21:30     -566.850769        0.245424
BFGS:  599 11:21:33     -566.852783        0.256626
BFGS:  600 11:21:37     -566.855103        0.268589
BFGS:  601 11:21:41     -566.857666        0.282646
BFGS:  602 11:21:44     -566.860535        0.298028
BFGS:  603 11:21:48     -566.864014        0.314380
BFGS:  604 11:21:51     -566.867676        0.329600
BFGS:  605 11:21:55     -566.872253        0.348636
BFGS:  606 11:21:58     -566.876831        0.365094
BFGS:  607 11:22:02     -566.883057        0.375688
BFGS:  608 11:22:06     -566.888733        0.386631
BFGS:  609 11:22:09     -566.896729        0.399383
BFGS:  610 11:22:13     -566.903442        0.409581
BFGS:  611 11:22:16     -566.913452        0.438494
BFGS:  612 11:22:20     -566.920654        0.463888
BFGS:  613 11:22:23     -566.932983        0.503147
BFGS:  614 11:22:27     -566.941345        0.530814
BFGS:  615 11:22:31     -566.955383        0.566865
BFGS:  616 11:22:34     -566.966064        0.593590
BFGS:  617 11:22:38     -566.981201        0.616143
BFGS:  618 11:22:41     -566.994873        0.621786
BFGS:  619 11:22:45     -567.012268        0.615511
BFGS:  620 11:22:48     -567.029785        0.598696
BFGS:  621 11:22:52     -567.050293        0.554911
BFGS:  622 11:22:56     -567.074097        0.481484
BFGS:  623 11:22:59     -567.101929        0.374143
BFGS:  624 11:23:03     -567.143311        0.326899
BFGS:  625 11:23:06     -567.183411        0.404140
BFGS:  626 11:23:10     -567.216064        0.439742
BFGS:  627 11:23:13     -567.250061        0.358374
BFGS:  628 11:23:17     -567.258118        0.310242
BFGS:  629 11:23:21     -567.275513        0.266152
BFGS:  630 11:23:24     -567.286072        0.255023
BFGS:  631 11:23:28     -567.300354        0.229701
BFGS:  632 11:23:31     -567.310547        0.214800
BFGS:  633 11:23:35     -567.322144        0.188631
BFGS:  634 11:23:38     -567.330383        0.178434
BFGS:  635 11:23:42     -567.339355        0.152703
BFGS:  636 11:23:46     -567.344910        0.157071
BFGS:  637 11:23:49     -567.351685        0.137964
BFGS:  638 11:23:53     -567.354736        0.147132
BFGS:  639 11:23:56     -567.359375        0.141167
BFGS:  640 11:24:00     -567.362671        0.136720
BFGS:  641 11:24:03     -567.366577        0.113819
BFGS:  642 11:24:07     -567.374573        0.183936
BFGS:  643 11:24:11     -567.378418        0.107240
BFGS:  644 11:24:14     -567.380493        0.111699
BFGS:  645 11:24:18     -567.384033        0.075774
BFGS:  646 11:24:22     -567.386963        0.076253
BFGS:  647 11:24:25     -567.388062        0.077952
BFGS:  648 11:24:29     -567.388306        0.088266
BFGS:  649 11:24:32     -567.390808        0.082835
BFGS:  650 11:24:36     -567.392334        0.065902
BFGS:  651 11:24:39     -567.394287        0.076882
BFGS:  652 11:24:43     -567.396057        0.052595
BFGS:  653 11:24:47     -567.397156        0.047221
BFGS:  654 11:24:50     -567.397583        0.034682
BFGS:  655 11:24:54     -567.398010        0.034970
BFGS:  656 11:24:57     -567.398499        0.030155
BFGS:  657 11:25:01     -567.398865        0.027910
BFGS:  658 11:25:05     -567.399597        0.025569
BFGS:  659 11:25:08     -567.399780        0.023135
BFGS:  660 11:25:12     -567.400146        0.019826
BFGS:  661 11:25:15     -567.400146        0.020855
BFGS:  662 11:25:19     -567.399902        0.019093
BFGS:  663 11:25:23     -567.399780        0.013314
BFGS:  664 11:25:26     -567.399658        0.015062
BFGS:  665 11:25:30     -567.399353        0.013695
BFGS:  666 11:25:34     -567.399231        0.014164
BFGS:  667 11:25:37     -567.399048        0.011221
BFGS:  668 11:25:41     -567.398987        0.011541
BFGS:  669 11:25:44     -567.398865        0.012185
BFGS:  670 11:25:48     -567.398682        0.009680
BFGS:  671 11:25:52     -567.398438        0.009489
BFGS:  672 11:25:55     -567.398254        0.007339
BFGS:  673 11:25:59     -567.398071        0.006750
BFGS:  674 11:26:02     -567.398010        0.006263
BFGS:  675 11:26:06     -567.397949        0.005869
BFGS:  676 11:26:10     -567.397888        0.005206
BFGS:  677 11:26:13     -567.397766        0.005682
BFGS:  678 11:26:17     -567.397644        0.004809
BFGS:  679 11:26:21     -567.397522        0.004703
BFGS:  680 11:26:24     -567.397400        0.005651
BFGS:  681 11:26:28     -567.397339        0.005226
BFGS:  682 11:26:31     -567.397278        0.005006
BFGS:  683 11:26:35     -567.397156        0.004542
BFGS:  684 11:26:38     -567.397156        0.003732
BFGS:  685 11:26:42     -567.397156        0.003413
BFGS:  686 11:26:45     -567.397034        0.003384
BFGS:  687 11:26:49     -567.397034        0.003891
BFGS:  688 11:26:53     -567.396973        0.003603
BFGS:  689 11:26:56     -567.396973        0.002496
BFGS:  690 11:27:00     -567.396973        0.002362
BFGS:  691 11:27:03     -567.396973        0.002389
BFGS:  692 11:27:07     -567.397034        0.002355
BFGS:  693 11:27:10     -567.396973        0.002197
BFGS:  694 11:27:14     -567.397034        0.001866
BFGS:  695 11:27:17     -567.397034        0.002129
BFGS:  696 11:27:21     -567.397095        0.002136
BFGS:  697 11:27:24     -567.397095        0.001786
BFGS:  698 11:27:28     -567.397095        0.001887
BFGS:  699 11:27:31     -567.397095        0.001754
BFGS:  700 11:27:35     -567.397156        0.001526
BFGS:  701 11:27:38     -567.397278        0.001815
BFGS:  702 11:27:42     -567.397278        0.001711
BFGS:  703 11:27:45     -567.397339        0.002228
BFGS:  704 11:27:49     -567.397339        0.002405
BFGS:  705 11:27:52     -567.397400        0.002076
BFGS:  706 11:27:56     -567.397461        0.001779
BFGS:  707 11:27:59     -567.397522        0.001860
BFGS:  708 11:28:03     -567.397583        0.001905
BFGS:  709 11:28:07     -567.397644        0.002122
BFGS:  710 11:28:10     -567.397705        0.001872
BFGS:  711 11:28:14     -567.397705        0.002288
BFGS:  712 11:28:17     -567.397705        0.002596
BFGS:  713 11:28:21     -567.397827        0.002534
BFGS:  714 11:28:24     -567.397949        0.002595
BFGS:  715 11:28:28     -567.398193        0.002546
BFGS:  716 11:28:31     -567.398315        0.002784
BFGS:  717 11:28:35     -567.398499        0.002927
BFGS:  718 11:28:38     -567.398682        0.004208
BFGS:  719 11:28:42     -567.398926        0.005431
BFGS:  720 11:28:45     -567.399170        0.005077
BFGS:  721 11:28:49     -567.399597        0.006355
BFGS:  722 11:28:52     -567.400635        0.007881
BFGS:  723 11:28:56     -567.399963        0.006749
BFGS:  724 11:28:59     -567.400146        0.006447
BFGS:  725 11:29:03     -567.400574        0.005257
BFGS:  726 11:29:06     -567.400330        0.005526
BFGS:  727 11:29:10     -567.399902        0.006190
BFGS:  728 11:29:13     -567.399719        0.006074
BFGS:  729 11:29:17     -567.399536        0.005293
BFGS:  730 11:29:20     -567.399414        0.004225
BFGS:  731 11:29:24     -567.399231        0.003921
BFGS:  732 11:29:28     -567.399109        0.003753
BFGS:  733 11:29:31     -567.398926        0.003282
BFGS:  734 11:29:35     -567.398926        0.002643
BFGS:  735 11:29:38     -567.398804        0.002458
BFGS:  736 11:29:41     -567.398804        0.002262
BFGS:  737 11:29:45     -567.398682        0.002045
BFGS:  738 11:29:49     -567.398682        0.002635
BFGS:  739 11:29:52     -567.398621        0.002265
BFGS:  740 11:29:56     -567.398560        0.001574
BFGS:  741 11:29:59     -567.398499        0.001666
BFGS:  742 11:30:03     -567.398438        0.001964
BFGS:  743 11:30:06     -567.398438        0.001765
BFGS:  744 11:30:10     -567.398438        0.001309
BFGS:  745 11:30:13     -567.398438        0.001166
BFGS:  746 11:30:17     -567.398438        0.001148
BFGS:  747 11:30:20     -567.398438        0.001485
BFGS:  748 11:30:24     -567.398438        0.001282
BFGS:  749 11:30:27     -567.398376        0.001247
BFGS:  750 11:30:31     -567.398376        0.001099
BFGS:  751 11:30:34     -567.398315        0.001137
BFGS:  752 11:30:38     -567.398315        0.001100
BFGS:  753 11:30:41     -567.398376        0.001014
BFGS:  754 11:30:44     -567.398315        0.001135
BFGS:  755 11:30:48     -567.398315        0.001178
BFGS:  756 11:30:52     -567.398376        0.001217
BFGS:  757 11:30:55     -567.398376        0.001091
BFGS:  758 11:30:59     -567.398376        0.000833
BFGS:  759 11:31:02     -567.398376        0.000778
BFGS:  760 11:31:06     -567.398438        0.000820
BFGS:  761 11:31:09     -567.398438        0.000736
BFGS:  762 11:31:12     -567.398438        0.000734
BFGS:  763 11:31:16     -567.398376        0.000756
BFGS:  764 11:31:20     -567.398438        0.000716
BFGS:  765 11:31:23     -567.398376        0.000608
BFGS:  766 11:31:27     -567.398438        0.000509
BFGS:  767 11:31:30     -567.398376        0.000488
BFGS:  768 11:31:33     -567.398438        0.000554
BFGS:  769 11:31:37     -567.398438        0.000542
BFGS:  770 11:31:41     -567.398438        0.000518
BFGS:  771 11:31:44     -567.398438        0.000470
BFGS:  772 11:31:48     -567.398376        0.000465
BFGS:  773 11:31:51     -567.398376        0.000373
BFGS:  774 11:31:55     -567.398438        0.000332
BFGS:  775 11:31:58     -567.398438        0.000273
BFGS:  776 11:32:02     -567.398499        0.000270
BFGS:  777 11:32:05     -567.398438        0.000244
BFGS:  778 11:32:09     -567.398438        0.000232
BFGS:  779 11:32:12     -567.398499        0.000193
BFGS:  780 11:32:16     -567.398438        0.000220
BFGS:  781 11:32:19     -567.398438        0.000213
BFGS:  782 11:32:23     -567.398438        0.000176
BFGS:  783 11:32:26     -567.398499        0.000149
BFGS:  784 11:32:30     -567.398438        0.000145
BFGS:  785 11:32:33     -567.398499        0.000121
BFGS:  786 11:32:37     -567.398438        0.000091
